2023-08-20 20:00:22,548 INFO: <-------------------执行全部用例集开始-------------------> [in flow.py:177]
2023-08-20 20:00:22,548 INFO: <-------------------执行flow1-用例集1-------------------> [in flow.py:177]
2023-08-20 20:00:22,549 INFO: 获取case列表:1 [in flow.py:177]
2023-08-20 20:00:22,562 INFO: <-------------------执行case1-case描述-------------------> [in flow.py:177]
2023-08-20 20:01:00,701 INFO: <-------------------执行全部用例集开始-------------------> [in flow.py:177]
2023-08-20 20:01:00,701 INFO: <-------------------执行flow1-用例集1-------------------> [in flow.py:177]
2023-08-20 20:01:00,702 INFO: 获取case列表:1 [in flow.py:177]
2023-08-20 20:01:00,712 INFO: <-------------------执行case1-case描述-------------------> [in flow.py:177]
2023-08-20 20:01:00,757 INFO: case:1 从redis中获取参数verifyMode失败 [in flow.py:177]
2023-08-20 20:01:00,757 INFO: 获取case:1参数化字典为:{'verifyMode': ''} [in flow.py:177]
2023-08-20 20:01:00,758 INFO: 获取case:1请求参数为:{'verifyMode': '', 'accountName': '+86-13681574534', 'password': 'fbd0204b381bd4', 'passwordKey': 'B6mkUcLLicDEHyHN1grueMuVbMUAdLGf', 'fromUrl': 'https://s.xinrenxinshi.com/headstatistic/index', 'source': 'default', 'innerVerifyKey': ''} [in flow.py:177]
2023-08-20 20:01:00,758 INFO: 获取case:1URL为:https://s.xinrenxinshi.com/account-center/service/sso/ajax-password-login [in flow.py:177]
2023-08-20 20:01:00,759 INFO: 获取case:1请求方式为:Post [in flow.py:177]
2023-08-20 20:01:00,931 INFO: <-------------------开始case:1断言验证-------------------> [in flow.py:177]
2023-08-20 20:01:00,931 INFO: 断言 code 失败，预期结果为200，实际为500 [in flow.py:177]
2023-08-20 20:01:00,931 INFO: 断言response失败:获取case:1预期结果为{}实际结果为{'message': '服务错误', 'code': '50000', 'status': False} [in flow.py:177]
2023-08-20 20:01:00,932 INFO: <-------------------将case:1返回参数化的值存到redis-------------------> [in flow.py:177]
2023-08-20 20:01:00,932 INFO: 返回参数化字典:{'': ''} [in flow.py:177]
2025-03-26 20:34:50,460 INFO: <-------------------执行全部用例集开始-------------------> [in flow.py:179]
2025-03-26 20:34:50,462 INFO: <-------------------执行flow1-eeq-------------------> [in flow.py:179]
2025-03-26 20:34:50,462 INFO: 获取case列表:1 [in flow.py:179]
2025-03-26 20:34:50,468 INFO: <-------------------执行case1-fds-------------------> [in flow.py:179]
