2023-08-25 16:17:30,759 INFO: <-------------------执行全部用例集开始-------------------> [in flow.py:177]
2023-08-25 16:17:30,760 INFO: <-------------------执行flow1-用例集1-------------------> [in flow.py:177]
2023-08-25 16:17:30,760 INFO: 获取case列表:1,2 [in flow.py:177]
2023-08-25 16:17:30,777 INFO: <-------------------执行case1-case描述-------------------> [in flow.py:177]
2023-08-25 16:17:30,826 INFO: case:1 从redis中获取参数verifyMode失败 [in flow.py:177]
2023-08-25 16:17:30,827 INFO: 获取case:1参数化字典为:{'verifyMode': ''} [in flow.py:177]
2023-08-25 16:17:30,827 INFO: 获取case:1请求参数为:{'verifyMode': '', 'accountName': '+86-13681574534', 'password': 'fbd0204b381bd4', 'passwordKey': 'B6mkUcLLicDEHyHN1grueMuVbMUAdLGf', 'fromUrl': 'https://s.xinrenxinshi.com/headstatistic/index', 'source': 'default', 'innerVerifyKey': ''} [in flow.py:177]
2023-08-25 16:17:30,828 INFO: 获取case:1URL为:https://s.xinrenxinshi.com/account-center/service/sso/ajax-password-login [in flow.py:177]
2023-08-25 16:17:30,828 INFO: 获取case:1请求方式为:Post [in flow.py:177]
2023-08-25 16:17:30,912 INFO: <-------------------开始case:1断言验证-------------------> [in flow.py:177]
2023-08-25 16:17:30,912 INFO: 断言 code 失败，预期结果为200，实际为500 [in flow.py:177]
2023-08-25 16:17:30,912 INFO: 断言response失败:获取case:1预期结果为{}实际结果为{'timestamp': '2023-08-25T08:17:30.901+0000', 'status': 500, 'error': 'Internal Server Error', 'message': 'No message available', 'path': '/account-center/service/sso/ajax-password-login'} [in flow.py:177]
2023-08-25 16:17:30,913 INFO: <-------------------将case:1返回参数化的值存到redis-------------------> [in flow.py:177]
2023-08-25 16:17:30,913 INFO: 返回参数化字典:{'': ''} [in flow.py:177]
2023-08-25 16:17:30,914 INFO: fail_flow为{} [in flow.py:177]
2023-08-25 16:17:30,914 INFO: key为1_工资_用例集1 [in flow.py:177]
2023-08-25 16:17:30,914 INFO: <-------------------失败情况sdd{'1_工资_用例集1': [{'case_ID': '1', 'case_description': 'case描述', 'case_URL': 'https://s.xinrenxinshi.com/account-center/service/sso/ajax-password-login', 'case_method': 'Post', 'case_request': {'verifyMode': '', 'accountName': '+86-13681574534', 'password': 'fbd0204b381bd4', 'passwordKey': 'B6mkUcLLicDEHyHN1grueMuVbMUAdLGf', 'fromUrl': 'https://s.xinrenxinshi.com/headstatistic/index', 'source': 'default', 'innerVerifyKey': ''}, 'case_code_expect': 200, 'case_code_result': 500, 'case_response_expect': '{}', 'case_response_result': {'timestamp': '2023-08-25T08:17:30.901+0000', 'status': 500, 'error': 'Internal Server Error', 'message': 'No message available', 'path': '/account-center/service/sso/ajax-password-login'}}]}-------------------> [in flow.py:177]
2023-08-25 16:17:30,926 INFO: <-------------------执行case2-casemiaoshu1-------------------> [in flow.py:177]
2023-08-25 16:17:30,934 INFO: case:2 从redis中获取参数verifyMode失败 [in flow.py:177]
2023-08-25 16:17:30,935 INFO: 获取case:2参数化字典为:{'verifyMode': ''} [in flow.py:177]
2023-08-25 16:17:30,935 INFO: 获取case:2请求参数为:{'verifyMode': '', 'accountName': '+86-13681574534', 'password': 'fbd0204b381bd4', 'passwordKey': 'B6mkUcLLicDEHyHN1grueMuVbMUAdLGf', 'fromUrl': 'https://s.xinrenxinshi.com/headstatistic/index', 'source': 'default', 'innerVerifyKey': ''} [in flow.py:177]
2023-08-25 16:17:30,935 INFO: 获取case:2URL为:https://s.xinrenxinshi.com/account-center/service/sso/ajax-password-login [in flow.py:177]
2023-08-25 16:17:30,936 INFO: 获取case:2请求方式为:Post [in flow.py:177]
2023-08-25 16:17:31,015 INFO: <-------------------开始case:2断言验证-------------------> [in flow.py:177]
2023-08-25 16:17:31,015 INFO: 断言 code 失败，预期结果为201，实际为500 [in flow.py:177]
2023-08-25 16:17:31,015 INFO: 断言response失败:获取case:2预期结果为{"code":200,"data":{}}实际结果为{'timestamp': '2023-08-25T08:17:31.004+0000', 'status': 500, 'error': 'Internal Server Error', 'message': 'No message available', 'path': '/account-center/service/sso/ajax-password-login'} [in flow.py:177]
2023-08-25 16:17:31,015 INFO: <-------------------将case:2返回参数化的值存到redis-------------------> [in flow.py:177]
2023-08-25 16:17:31,016 INFO: 返回参数化字典:{'': ''} [in flow.py:177]
2023-08-25 16:17:31,016 INFO: fail_flow为{'1_工资_用例集1': [{'case_ID': '1', 'case_description': 'case描述', 'case_URL': 'https://s.xinrenxinshi.com/account-center/service/sso/ajax-password-login', 'case_method': 'Post', 'case_request': {'verifyMode': '', 'accountName': '+86-13681574534', 'password': 'fbd0204b381bd4', 'passwordKey': 'B6mkUcLLicDEHyHN1grueMuVbMUAdLGf', 'fromUrl': 'https://s.xinrenxinshi.com/headstatistic/index', 'source': 'default', 'innerVerifyKey': ''}, 'case_code_expect': 200, 'case_code_result': 500, 'case_response_expect': '{}', 'case_response_result': {'timestamp': '2023-08-25T08:17:30.901+0000', 'status': 500, 'error': 'Internal Server Error', 'message': 'No message available', 'path': '/account-center/service/sso/ajax-password-login'}}]} [in flow.py:177]
2023-08-25 16:17:31,016 INFO: key为1_工资_用例集1 [in flow.py:177]
2023-08-25 16:17:31,017 INFO: key在fail_flow中 [in flow.py:177]
2023-08-25 16:17:31,017 INFO: <-------------------失败情况sdd{'1_工资_用例集1': [{'case_ID': '1', 'case_description': 'case描述', 'case_URL': 'https://s.xinrenxinshi.com/account-center/service/sso/ajax-password-login', 'case_method': 'Post', 'case_request': {'verifyMode': '', 'accountName': '+86-13681574534', 'password': 'fbd0204b381bd4', 'passwordKey': 'B6mkUcLLicDEHyHN1grueMuVbMUAdLGf', 'fromUrl': 'https://s.xinrenxinshi.com/headstatistic/index', 'source': 'default', 'innerVerifyKey': ''}, 'case_code_expect': 200, 'case_code_result': 500, 'case_response_expect': '{}', 'case_response_result': {'timestamp': '2023-08-25T08:17:30.901+0000', 'status': 500, 'error': 'Internal Server Error', 'message': 'No message available', 'path': '/account-center/service/sso/ajax-password-login'}}, {'case_ID': '2', 'case_description': 'casemiaoshu1', 'case_URL': 'https://s.xinrenxinshi.com/account-center/service/sso/ajax-password-login', 'case_method': 'Post', 'case_request': {'verifyMode': '', 'accountName': '+86-13681574534', 'password': 'fbd0204b381bd4', 'passwordKey': 'B6mkUcLLicDEHyHN1grueMuVbMUAdLGf', 'fromUrl': 'https://s.xinrenxinshi.com/headstatistic/index', 'source': 'default', 'innerVerifyKey': ''}, 'case_code_expect': 201, 'case_code_result': 500, 'case_response_expect': '{"code":200,"data":{}}', 'case_response_result': {'timestamp': '2023-08-25T08:17:31.004+0000', 'status': 500, 'error': 'Internal Server Error', 'message': 'No message available', 'path': '/account-center/service/sso/ajax-password-login'}}]}-------------------> [in flow.py:177]
2023-08-25 16:17:31,047 INFO: <-------------------测试结果:操作时间2023-08-25 16:17:30 操作人admin 操作类型全部用例集 flow合计1 成功数量0 失败数量1 -------------------> [in flow.py:177]
2023-08-25 16:17:31,048 INFO: <-------------------失败情况{'1_工资_用例集1': [{'case_ID': '1', 'case_description': 'case描述', 'case_URL': 'https://s.xinrenxinshi.com/account-center/service/sso/ajax-password-login', 'case_method': 'Post', 'case_request': {'verifyMode': '', 'accountName': '+86-13681574534', 'password': 'fbd0204b381bd4', 'passwordKey': 'B6mkUcLLicDEHyHN1grueMuVbMUAdLGf', 'fromUrl': 'https://s.xinrenxinshi.com/headstatistic/index', 'source': 'default', 'innerVerifyKey': ''}, 'case_code_expect': 200, 'case_code_result': 500, 'case_response_expect': '{}', 'case_response_result': {'timestamp': '2023-08-25T08:17:30.901+0000', 'status': 500, 'error': 'Internal Server Error', 'message': 'No message available', 'path': '/account-center/service/sso/ajax-password-login'}}, {'case_ID': '2', 'case_description': 'casemiaoshu1', 'case_URL': 'https://s.xinrenxinshi.com/account-center/service/sso/ajax-password-login', 'case_method': 'Post', 'case_request': {'verifyMode': '', 'accountName': '+86-13681574534', 'password': 'fbd0204b381bd4', 'passwordKey': 'B6mkUcLLicDEHyHN1grueMuVbMUAdLGf', 'fromUrl': 'https://s.xinrenxinshi.com/headstatistic/index', 'source': 'default', 'innerVerifyKey': ''}, 'case_code_expect': 201, 'case_code_result': 500, 'case_response_expect': '{"code":200,"data":{}}', 'case_response_result': {'timestamp': '2023-08-25T08:17:31.004+0000', 'status': 500, 'error': 'Internal Server Error', 'message': 'No message available', 'path': '/account-center/service/sso/ajax-password-login'}}]}-------------------> [in flow.py:177]
2025-04-06 12:10:36,174 INFO: <-------------------执行全部用例集开始-------------------> [in flow.py:197]
2025-04-06 12:10:36,175 INFO: <-------------------执行flow32-用例集1-------------------> [in flow.py:197]
2025-04-06 12:10:36,175 INFO: 获取case列表:12 [in flow.py:197]
2025-04-06 12:10:36,184 INFO: <-------------------执行case12-添加接口的case-------------------> [in flow.py:197]
2025-04-06 12:10:36,192 INFO: <-------------------获取params的值:{'interfaceDescription': '新添加的接口', 'interfaceURL': '/test1', 'request_method': 'POST', 'module': 'test模块'}-------------------> [in flow.py:197]
2025-04-06 12:10:36,193 INFO: <-------------------获取case:12参数化的值-------------------> [in flow.py:197]
