2023-08-25 16:35:06,790 INFO: <-------------------执行全部用例集开始-------------------> [in flow.py:179]
2023-08-25 16:35:06,791 INFO: <-------------------执行flow1-用例集1-------------------> [in flow.py:179]
2023-08-25 16:35:06,792 INFO: 获取case列表:1,2 [in flow.py:179]
2023-08-25 16:35:06,811 INFO: <-------------------执行case1-case描述-------------------> [in flow.py:179]
2023-08-25 16:35:06,855 INFO: case:1 从redis中获取参数verifyMode失败 [in flow.py:179]
2023-08-25 16:35:06,855 INFO: 获取case:1参数化字典为:{'verifyMode': ''} [in flow.py:179]
2023-08-25 16:35:06,856 INFO: 获取case:1请求参数为:{'verifyMode': '', 'accountName': '+86-13681574534', 'password': 'fbd0204b381bd4', 'passwordKey': 'B6mkUcLLicDEHyHN1grueMuVbMUAdLGf', 'fromUrl': 'https://s.xinrenxinshi.com/headstatistic/index', 'source': 'default', 'innerVerifyKey': ''} [in flow.py:179]
2023-08-25 16:35:06,856 INFO: 获取case:1URL为:https://s.xinrenxinshi.com/account-center/service/sso/ajax-password-login [in flow.py:179]
2023-08-25 16:35:06,857 INFO: 获取case:1请求方式为:Post [in flow.py:179]
2023-08-25 16:35:06,954 INFO: <-------------------开始case:1断言验证-------------------> [in flow.py:179]
2023-08-25 16:35:06,955 INFO: 断言 code 失败，预期结果为200，实际为500 [in flow.py:179]
2023-08-25 16:35:06,955 INFO: 断言response失败:获取case:1预期结果为{}实际结果为{'message': '服务错误', 'code': '50000', 'status': False} [in flow.py:179]
2023-08-25 16:35:06,956 INFO: <-------------------将case:1返回参数化的值存到redis-------------------> [in flow.py:179]
2023-08-25 16:35:06,956 INFO: 返回参数化字典:{'': ''} [in flow.py:179]
2023-08-25 16:35:06,969 INFO: <-------------------执行case2-casemiaoshu1-------------------> [in flow.py:179]
2023-08-25 16:35:06,978 INFO: case:2 从redis中获取参数verifyMode失败 [in flow.py:179]
2023-08-25 16:35:06,978 INFO: 获取case:2参数化字典为:{'verifyMode': ''} [in flow.py:179]
2023-08-25 16:35:06,979 INFO: 获取case:2请求参数为:{'verifyMode': '', 'accountName': '+86-13681574534', 'password': 'fbd0204b381bd4', 'passwordKey': 'B6mkUcLLicDEHyHN1grueMuVbMUAdLGf', 'fromUrl': 'https://s.xinrenxinshi.com/headstatistic/index', 'source': 'default', 'innerVerifyKey': ''} [in flow.py:179]
2023-08-25 16:35:06,979 INFO: 获取case:2URL为:https://s.xinrenxinshi.com/account-center/service/sso/ajax-password-login [in flow.py:179]
2023-08-25 16:35:06,980 INFO: 获取case:2请求方式为:Post [in flow.py:179]
2023-08-25 16:35:07,060 INFO: <-------------------开始case:2断言验证-------------------> [in flow.py:179]
2023-08-25 16:35:07,060 INFO: 断言 code 失败，预期结果为201，实际为500 [in flow.py:179]
2023-08-25 16:35:07,061 INFO: 断言response失败:获取case:2预期结果为{"code":200,"data":{}}实际结果为{'timestamp': '2023-08-25T08:35:07.049+0000', 'status': 500, 'error': 'Internal Server Error', 'message': 'No message available', 'path': '/account-center/service/sso/ajax-password-login'} [in flow.py:179]
2023-08-25 16:35:07,061 INFO: <-------------------将case:2返回参数化的值存到redis-------------------> [in flow.py:179]
2023-08-25 16:35:07,061 INFO: 返回参数化字典:{'': ''} [in flow.py:179]
2023-08-25 16:35:07,062 INFO: <-------------------测试结果:操作时间2023-08-25 16:35:06 操作人admin 操作类型全部用例集 flow合计1 成功数量0 失败数量1 -------------------> [in flow.py:179]
2023-08-25 16:35:07,063 INFO: <-------------------失败情况{'1_工资_用例集1': [{'case_ID': '1', 'case_description': 'case描述', 'case_URL': 'https://s.xinrenxinshi.com/account-center/service/sso/ajax-password-login', 'case_method': 'Post', 'case_request': {'verifyMode': '', 'accountName': '+86-13681574534', 'password': 'fbd0204b381bd4', 'passwordKey': 'B6mkUcLLicDEHyHN1grueMuVbMUAdLGf', 'fromUrl': 'https://s.xinrenxinshi.com/headstatistic/index', 'source': 'default', 'innerVerifyKey': ''}, 'case_code_expect': 200, 'case_code_result': 500, 'case_response_expect': '{}', 'case_response_result': {'message': '服务错误', 'code': '50000', 'status': False}}, {'case_ID': '2', 'case_description': 'casemiaoshu1', 'case_URL': 'https://s.xinrenxinshi.com/account-center/service/sso/ajax-password-login', 'case_method': 'Post', 'case_request': {'verifyMode': '', 'accountName': '+86-13681574534', 'password': 'fbd0204b381bd4', 'passwordKey': 'B6mkUcLLicDEHyHN1grueMuVbMUAdLGf', 'fromUrl': 'https://s.xinrenxinshi.com/headstatistic/index', 'source': 'default', 'innerVerifyKey': ''}, 'case_code_expect': 201, 'case_code_result': 500, 'case_response_expect': '{"code":200,"data":{}}', 'case_response_result': {'timestamp': '2023-08-25T08:35:07.049+0000', 'status': 500, 'error': 'Internal Server Error', 'message': 'No message available', 'path': '/account-center/service/sso/ajax-password-login'}}]}-------------------> [in flow.py:179]
2025-04-06 12:19:57,166 INFO: <-------------------执行全部用例集开始-------------------> [in flow.py:197]
2025-04-06 12:19:57,167 INFO: <-------------------执行flow34-1-------------------> [in flow.py:197]
2025-04-06 12:19:57,168 INFO: 获取case列表:13 [in flow.py:197]
2025-04-06 12:19:57,178 INFO: <-------------------执行case13-百度-------------------> [in flow.py:197]
2025-04-06 12:19:57,183 INFO: <-------------------获取params的值:{'': ''}-------------------> [in flow.py:197]
2025-04-06 12:19:57,183 INFO: <-------------------获取case:13参数化的值-------------------> [in flow.py:197]
2025-04-06 12:19:57,188 INFO: 获取case:13URL为:https://www.baidu.com:443 [in flow.py:197]
2025-04-06 12:19:57,188 INFO: 获取case :13请求方式为:GET [in flow.py:197]
2025-04-06 15:54:09,275 INFO: <-------------------执行全部用例集开始-------------------> [in flow.py:197]
2025-04-06 15:54:09,277 INFO: <-------------------执行flow34-1-------------------> [in flow.py:197]
2025-04-06 15:54:09,277 INFO: 获取case列表:14 [in flow.py:197]
2025-04-06 15:54:09,282 INFO: <-------------------执行case14-22-------------------> [in flow.py:197]
2025-04-06 15:54:58,223 INFO: <-------------------执行全部用例集开始-------------------> [in flow.py:197]
2025-04-06 15:54:58,226 INFO: <-------------------执行flow34-1-------------------> [in flow.py:197]
2025-04-06 15:54:58,227 INFO: 获取case列表:14 [in flow.py:197]
2025-04-06 15:54:58,232 INFO: <-------------------执行case14-22-------------------> [in flow.py:197]
2025-04-06 15:54:58,246 INFO: <-------------------获取params的值:{'text': 'model'}-------------------> [in flow.py:197]
2025-04-06 15:54:58,247 INFO: <-------------------获取case:14参数化的值-------------------> [in flow.py:197]
2025-04-06 15:54:58,254 INFO: 获取case:14URL为:https://dict.youdao.com/keyword/key:443 [in flow.py:197]
2025-04-06 15:54:58,255 INFO: 获取case :14请求方式为:POST [in flow.py:197]
2025-04-06 15:54:58,455 INFO: 请求失败: 404 Client Error:  for url: https://dict.youdao.com/keyword/key:443?text=model [in flow.py:197]
