2023-08-25 16:51:50,367 INFO: <-------------------执行全部用例集开始-------------------> [in flow.py:179]
2023-08-25 16:51:50,371 INFO: <-------------------执行flow1-用例集1-------------------> [in flow.py:179]
2023-08-25 16:51:50,372 INFO: 获取case列表:1,2 [in flow.py:179]
2023-08-25 16:51:50,386 INFO: <-------------------执行case1-case描述-------------------> [in flow.py:179]
2023-08-25 16:51:50,412 INFO: case:1 从redis中获取参数verifyMode失败 [in flow.py:179]
2023-08-25 16:51:50,412 INFO: 获取case:1参数化字典为:{'verifyMode': ''} [in flow.py:179]
2023-08-25 16:51:50,413 INFO: 获取case:1请求参数为:{'verifyMode': '', 'accountName': '+86-13681574534', 'password': 'fbd0204b381bd4', 'passwordKey': 'B6mkUcLLicDEHyHN1grueMuVbMUAdLGf', 'fromUrl': 'https://s.xinrenxinshi.com/headstatistic/index', 'source': 'default', 'innerVerifyKey': ''} [in flow.py:179]
2023-08-25 16:51:50,414 INFO: 获取case:1URL为:https://s.xinrenxinshi.com/account-center/service/sso/ajax-password-login [in flow.py:179]
2023-08-25 16:51:50,415 INFO: 获取case:1请求方式为:Post [in flow.py:179]
2023-08-25 16:51:50,627 INFO: <-------------------开始case:1断言验证-------------------> [in flow.py:179]
2023-08-25 16:51:50,628 INFO: 断言 code 失败，预期结果为200，实际为500 [in flow.py:179]
2023-08-25 16:51:50,629 INFO: 断言response失败:获取case:1预期结果为{}实际结果为{'timestamp': '2023-08-25T08:51:50.620+0000', 'status': 500, 'error': 'Internal Server Error', 'message': 'No message available', 'path': '/account-center/service/sso/ajax-password-login'} [in flow.py:179]
2023-08-25 16:51:50,630 INFO: <-------------------将case:1返回参数化的值存到redis-------------------> [in flow.py:179]
2023-08-25 16:51:50,631 INFO: 返回参数化字典:{'': ''} [in flow.py:179]
2023-08-25 16:51:51,374 INFO: <-------------------执行case2-casemiaoshu1-------------------> [in flow.py:179]
2023-08-25 16:51:51,384 INFO: case:2 从redis中获取参数verifyMode失败 [in flow.py:179]
2023-08-25 16:51:51,385 INFO: 获取case:2参数化字典为:{'verifyMode': ''} [in flow.py:179]
2023-08-25 16:51:51,386 INFO: 获取case:2请求参数为:{'verifyMode': '', 'accountName': '+86-13681574534', 'password': 'fbd0204b381bd4', 'passwordKey': 'B6mkUcLLicDEHyHN1grueMuVbMUAdLGf', 'fromUrl': 'https://s.xinrenxinshi.com/headstatistic/index', 'source': 'default', 'innerVerifyKey': ''} [in flow.py:179]
2023-08-25 16:51:51,387 INFO: 获取case:2URL为:https://s.xinrenxinshi.com/account-center/service/sso/ajax-password-login [in flow.py:179]
2023-08-25 16:51:51,387 INFO: 获取case:2请求方式为:Post [in flow.py:179]
2023-08-25 16:51:51,732 INFO: <-------------------开始case:2断言验证-------------------> [in flow.py:179]
2023-08-25 16:51:51,732 INFO: 断言 code 失败，预期结果为201，实际为500 [in flow.py:179]
2023-08-25 16:51:51,733 INFO: 断言response失败:获取case:2预期结果为{"code":200,"data":{}}实际结果为{'timestamp': '2023-08-25T08:51:51.701+0000', 'status': 500, 'error': 'Internal Server Error', 'message': 'No message available', 'path': '/account-center/service/sso/ajax-password-login'} [in flow.py:179]
2023-08-25 16:51:51,733 INFO: <-------------------将case:2返回参数化的值存到redis-------------------> [in flow.py:179]
2023-08-25 16:51:51,734 INFO: 返回参数化字典:{'': ''} [in flow.py:179]
2023-08-25 16:51:51,735 INFO: <-------------------测试结果:操作时间2023-08-25 16:51:50 操作人admin 操作类型全部用例集 flow合计1 成功数量0 失败数量1 -------------------> [in flow.py:179]
2023-08-25 16:51:51,735 INFO: <-------------------失败情况{'1_工资_用例集1': [{'case_ID': '1', 'case_description': 'case描述', 'case_URL': 'https://s.xinrenxinshi.com/account-center/service/sso/ajax-password-login', 'case_method': 'Post', 'case_request': {'verifyMode': '', 'accountName': '+86-13681574534', 'password': 'fbd0204b381bd4', 'passwordKey': 'B6mkUcLLicDEHyHN1grueMuVbMUAdLGf', 'fromUrl': 'https://s.xinrenxinshi.com/headstatistic/index', 'source': 'default', 'innerVerifyKey': ''}, 'case_code_expect': 200, 'case_code_result': 500, 'case_response_expect': '{}', 'case_response_result': {'timestamp': '2023-08-25T08:51:50.620+0000', 'status': 500, 'error': 'Internal Server Error', 'message': 'No message available', 'path': '/account-center/service/sso/ajax-password-login'}}, {'case_ID': '2', 'case_description': 'casemiaoshu1', 'case_URL': 'https://s.xinrenxinshi.com/account-center/service/sso/ajax-password-login', 'case_method': 'Post', 'case_request': {'verifyMode': '', 'accountName': '+86-13681574534', 'password': 'fbd0204b381bd4', 'passwordKey': 'B6mkUcLLicDEHyHN1grueMuVbMUAdLGf', 'fromUrl': 'https://s.xinrenxinshi.com/headstatistic/index', 'source': 'default', 'innerVerifyKey': ''}, 'case_code_expect': 201, 'case_code_result': 500, 'case_response_expect': '{"code":200,"data":{}}', 'case_response_result': {'timestamp': '2023-08-25T08:51:51.701+0000', 'status': 500, 'error': 'Internal Server Error', 'message': 'No message available', 'path': '/account-center/service/sso/ajax-password-login'}}]}-------------------> [in flow.py:179]
2023-08-25 16:57:07,721 INFO: <-------------------执行全部用例集开始-------------------> [in flow.py:179]
2023-08-25 16:57:07,724 INFO: <-------------------执行flow1-用例集1-------------------> [in flow.py:179]
2023-08-25 16:57:07,724 INFO: 获取case列表:1,2 [in flow.py:179]
2023-08-25 16:57:07,735 INFO: <-------------------执行case1-case描述-------------------> [in flow.py:179]
2023-08-25 16:57:07,756 INFO: case:1 从redis中获取参数verifyMode失败 [in flow.py:179]
2023-08-25 16:57:07,756 INFO: 获取case:1参数化字典为:{'verifyMode': ''} [in flow.py:179]
2023-08-25 16:57:07,757 INFO: 获取case:1请求参数为:{'verifyMode': '', 'accountName': '+86-13681574534', 'password': 'fbd0204b381bd4', 'passwordKey': 'B6mkUcLLicDEHyHN1grueMuVbMUAdLGf', 'fromUrl': 'https://s.xinrenxinshi.com/headstatistic/index', 'source': 'default', 'innerVerifyKey': ''} [in flow.py:179]
2023-08-25 16:57:07,757 INFO: 获取case:1URL为:https://s.xinrenxinshi.com/account-center/service/sso/ajax-password-login [in flow.py:179]
2023-08-25 16:57:07,758 INFO: 获取case:1请求方式为:Post [in flow.py:179]
2023-08-25 16:57:07,894 INFO: <-------------------开始case:1断言验证-------------------> [in flow.py:179]
2023-08-25 16:57:07,895 INFO: 断言 code 失败，预期结果为200，实际为500 [in flow.py:179]
2023-08-25 16:57:07,896 INFO: 断言response失败:获取case:1预期结果为{}实际结果为{'message': '服务错误', 'code': '50000', 'status': False} [in flow.py:179]
2023-08-25 16:57:07,896 INFO: <-------------------将case:1返回参数化的值存到redis-------------------> [in flow.py:179]
2023-08-25 16:57:07,897 INFO: 返回参数化字典:{'': ''} [in flow.py:179]
2023-08-25 16:57:07,911 INFO: <-------------------执行case2-casemiaoshu1-------------------> [in flow.py:179]
2023-08-25 16:57:07,920 INFO: case:2 从redis中获取参数verifyMode失败 [in flow.py:179]
2023-08-25 16:57:07,921 INFO: 获取case:2参数化字典为:{'verifyMode': ''} [in flow.py:179]
2023-08-25 16:57:07,922 INFO: 获取case:2请求参数为:{'verifyMode': '', 'accountName': '+86-13681574534', 'password': 'fbd0204b381bd4', 'passwordKey': 'B6mkUcLLicDEHyHN1grueMuVbMUAdLGf', 'fromUrl': 'https://s.xinrenxinshi.com/headstatistic/index', 'source': 'default', 'innerVerifyKey': ''} [in flow.py:179]
2023-08-25 16:57:07,923 INFO: 获取case:2URL为:https://s.xinrenxinshi.com/account-center/service/sso/ajax-password-login [in flow.py:179]
2023-08-25 16:57:07,925 INFO: 获取case:2请求方式为:Post [in flow.py:179]
2023-08-25 16:57:08,010 INFO: <-------------------开始case:2断言验证-------------------> [in flow.py:179]
2023-08-25 16:57:08,011 INFO: 断言 code 失败，预期结果为201，实际为500 [in flow.py:179]
2023-08-25 16:57:08,011 INFO: 断言response失败:获取case:2预期结果为{"code":200,"data":{}}实际结果为{'timestamp': '2023-08-25T08:57:07.998+0000', 'status': 500, 'error': 'Internal Server Error', 'message': 'No message available', 'path': '/account-center/service/sso/ajax-password-login'} [in flow.py:179]
2023-08-25 16:57:08,012 INFO: <-------------------将case:2返回参数化的值存到redis-------------------> [in flow.py:179]
2023-08-25 16:57:08,013 INFO: 返回参数化字典:{'': ''} [in flow.py:179]
2023-08-25 16:57:08,013 INFO: <-------------------测试结果:操作时间2023-08-25 16:57:07 操作人admin 操作类型全部用例集 flow合计1 成功数量0 失败数量1 -------------------> [in flow.py:179]
2023-08-25 16:57:08,014 INFO: <-------------------失败情况{'1_工资_用例集1': [{'case_ID': '1', 'case_description': 'case描述', 'case_URL': 'https://s.xinrenxinshi.com/account-center/service/sso/ajax-password-login', 'case_method': 'Post', 'case_request': {'verifyMode': '', 'accountName': '+86-13681574534', 'password': 'fbd0204b381bd4', 'passwordKey': 'B6mkUcLLicDEHyHN1grueMuVbMUAdLGf', 'fromUrl': 'https://s.xinrenxinshi.com/headstatistic/index', 'source': 'default', 'innerVerifyKey': ''}, 'case_code_expect': 200, 'case_code_result': 500, 'case_response_expect': '{}', 'case_response_result': {'message': '服务错误', 'code': '50000', 'status': False}}, {'case_ID': '2', 'case_description': 'casemiaoshu1', 'case_URL': 'https://s.xinrenxinshi.com/account-center/service/sso/ajax-password-login', 'case_method': 'Post', 'case_request': {'verifyMode': '', 'accountName': '+86-13681574534', 'password': 'fbd0204b381bd4', 'passwordKey': 'B6mkUcLLicDEHyHN1grueMuVbMUAdLGf', 'fromUrl': 'https://s.xinrenxinshi.com/headstatistic/index', 'source': 'default', 'innerVerifyKey': ''}, 'case_code_expect': 201, 'case_code_result': 500, 'case_response_expect': '{"code":200,"data":{}}', 'case_response_result': {'timestamp': '2023-08-25T08:57:07.998+0000', 'status': 500, 'error': 'Internal Server Error', 'message': 'No message available', 'path': '/account-center/service/sso/ajax-password-login'}}]}-------------------> [in flow.py:179]
2023-08-25 17:00:21,720 INFO: <-------------------执行全部用例集开始-------------------> [in flow.py:179]
2023-08-25 17:00:21,723 INFO: <-------------------执行flow1-用例集1-------------------> [in flow.py:179]
2023-08-25 17:00:21,724 INFO: 获取case列表:1,2 [in flow.py:179]
2023-08-25 17:00:21,736 INFO: <-------------------执行case1-case描述-------------------> [in flow.py:179]
2023-08-25 17:00:21,758 INFO: case:1 从redis中获取参数verifyMode失败 [in flow.py:179]
2023-08-25 17:00:21,759 INFO: 获取case:1参数化字典为:{'verifyMode': ''} [in flow.py:179]
2023-08-25 17:00:21,759 INFO: 获取case:1请求参数为:{'verifyMode': '', 'accountName': '+86-13681574534', 'password': 'fbd0204b381bd4', 'passwordKey': 'B6mkUcLLicDEHyHN1grueMuVbMUAdLGf', 'fromUrl': 'https://s.xinrenxinshi.com/headstatistic/index', 'source': 'default', 'innerVerifyKey': ''} [in flow.py:179]
2023-08-25 17:00:21,760 INFO: 获取case:1URL为:https://s.xinrenxinshi.com/account-center/service/sso/ajax-password-login [in flow.py:179]
2023-08-25 17:00:21,761 INFO: 获取case:1请求方式为:Post [in flow.py:179]
2023-08-25 17:00:21,839 INFO: <-------------------开始case:1断言验证-------------------> [in flow.py:179]
2023-08-25 17:00:21,840 INFO: 断言 code 失败，预期结果为200，实际为500 [in flow.py:179]
2023-08-25 17:00:21,841 INFO: 断言response失败:获取case:1预期结果为{}实际结果为{'timestamp': '2023-08-25T09:00:21.831+0000', 'status': 500, 'error': 'Internal Server Error', 'message': 'No message available', 'path': '/account-center/service/sso/ajax-password-login'} [in flow.py:179]
2023-08-25 17:00:21,843 INFO: <-------------------将case:1返回参数化的值存到redis-------------------> [in flow.py:179]
2023-08-25 17:00:21,843 INFO: 返回参数化字典:{'': ''} [in flow.py:179]
2023-08-25 17:00:21,862 INFO: <-------------------执行case2-casemiaoshu1-------------------> [in flow.py:179]
2023-08-25 17:00:21,980 INFO: case:2 从redis中获取参数verifyMode失败 [in flow.py:179]
2023-08-25 17:00:21,981 INFO: 获取case:2参数化字典为:{'verifyMode': ''} [in flow.py:179]
2023-08-25 17:00:21,982 INFO: 获取case:2请求参数为:{'verifyMode': '', 'accountName': '+86-13681574534', 'password': 'fbd0204b381bd4', 'passwordKey': 'B6mkUcLLicDEHyHN1grueMuVbMUAdLGf', 'fromUrl': 'https://s.xinrenxinshi.com/headstatistic/index', 'source': 'default', 'innerVerifyKey': ''} [in flow.py:179]
2023-08-25 17:00:21,983 INFO: 获取case:2URL为:https://s.xinrenxinshi.com/account-center/service/sso/ajax-password-login [in flow.py:179]
2023-08-25 17:00:21,984 INFO: 获取case:2请求方式为:Post [in flow.py:179]
2023-08-25 17:00:22,102 INFO: <-------------------开始case:2断言验证-------------------> [in flow.py:179]
2023-08-25 17:00:22,103 INFO: 断言 code 失败，预期结果为201，实际为500 [in flow.py:179]
2023-08-25 17:00:22,103 INFO: 断言response失败:获取case:2预期结果为{"code":200,"data":{}}实际结果为{'message': '服务错误', 'code': '50000', 'status': False} [in flow.py:179]
2023-08-25 17:00:22,104 INFO: <-------------------将case:2返回参数化的值存到redis-------------------> [in flow.py:179]
2023-08-25 17:00:22,105 INFO: 返回参数化字典:{'': ''} [in flow.py:179]
2023-08-25 17:00:22,106 INFO: <-------------------测试结果:操作时间2023-08-25 17:00:21 操作人admin 操作类型全部用例集 flow合计1 成功数量0 失败数量1 -------------------> [in flow.py:179]
2023-08-25 17:00:22,106 INFO: <-------------------失败情况{'1_工资_用例集1': [{'case_ID': '1', 'case_description': 'case描述', 'case_URL': 'https://s.xinrenxinshi.com/account-center/service/sso/ajax-password-login', 'case_method': 'Post', 'case_request': {'verifyMode': '', 'accountName': '+86-13681574534', 'password': 'fbd0204b381bd4', 'passwordKey': 'B6mkUcLLicDEHyHN1grueMuVbMUAdLGf', 'fromUrl': 'https://s.xinrenxinshi.com/headstatistic/index', 'source': 'default', 'innerVerifyKey': ''}, 'case_code_expect': 200, 'case_code_result': 500, 'case_response_expect': '{}', 'case_response_result': {'timestamp': '2023-08-25T09:00:21.831+0000', 'status': 500, 'error': 'Internal Server Error', 'message': 'No message available', 'path': '/account-center/service/sso/ajax-password-login'}}, {'case_ID': '2', 'case_description': 'casemiaoshu1', 'case_URL': 'https://s.xinrenxinshi.com/account-center/service/sso/ajax-password-login', 'case_method': 'Post', 'case_request': {'verifyMode': '', 'accountName': '+86-13681574534', 'password': 'fbd0204b381bd4', 'passwordKey': 'B6mkUcLLicDEHyHN1grueMuVbMUAdLGf', 'fromUrl': 'https://s.xinrenxinshi.com/headstatistic/index', 'source': 'default', 'innerVerifyKey': ''}, 'case_code_expect': 201, 'case_code_result': 500, 'case_response_expect': '{"code":200,"data":{}}', 'case_response_result': {'message': '服务错误', 'code': '50000', 'status': False}}]}-------------------> [in flow.py:179]
2023-08-25 17:02:55,428 INFO: <-------------------执行全部用例集开始-------------------> [in flow.py:179]
2023-08-25 17:02:55,435 INFO: <-------------------执行flow1-用例集1-------------------> [in flow.py:179]
2023-08-25 17:02:55,436 INFO: 获取case列表:1,2 [in flow.py:179]
2023-08-25 17:02:55,454 INFO: <-------------------执行case1-case描述-------------------> [in flow.py:179]
2023-08-25 17:02:55,479 INFO: case:1 从redis中获取参数verifyMode失败 [in flow.py:179]
2023-08-25 17:02:55,480 INFO: 获取case:1参数化字典为:{'verifyMode': ''} [in flow.py:179]
2023-08-25 17:02:55,481 INFO: 获取case:1请求参数为:{'verifyMode': '', 'accountName': '+86-13681574534', 'password': 'fbd0204b381bd4', 'passwordKey': 'B6mkUcLLicDEHyHN1grueMuVbMUAdLGf', 'fromUrl': 'https://s.xinrenxinshi.com/headstatistic/index', 'source': 'default', 'innerVerifyKey': ''} [in flow.py:179]
2023-08-25 17:02:55,482 INFO: 获取case:1URL为:https://s.xinrenxinshi.com/account-center/service/sso/ajax-password-login [in flow.py:179]
2023-08-25 17:02:55,484 INFO: 获取case:1请求方式为:Post [in flow.py:179]
2023-08-25 17:02:55,558 INFO: <-------------------开始case:1断言验证-------------------> [in flow.py:179]
2023-08-25 17:02:55,558 INFO: 断言 code 失败，预期结果为200，实际为500 [in flow.py:179]
2023-08-25 17:02:55,559 INFO: 断言response失败:获取case:1预期结果为{}实际结果为{'timestamp': '2023-08-25T09:02:55.550+0000', 'status': 500, 'error': 'Internal Server Error', 'message': 'No message available', 'path': '/account-center/service/sso/ajax-password-login'} [in flow.py:179]
2023-08-25 17:02:55,559 INFO: <-------------------将case:1返回参数化的值存到redis-------------------> [in flow.py:179]
2023-08-25 17:02:55,560 INFO: 返回参数化字典:{'': ''} [in flow.py:179]
2023-08-25 17:02:55,574 INFO: <-------------------执行case2-casemiaoshu1-------------------> [in flow.py:179]
2023-08-25 17:02:55,586 INFO: case:2 从redis中获取参数verifyMode失败 [in flow.py:179]
2023-08-25 17:02:55,587 INFO: 获取case:2参数化字典为:{'verifyMode': ''} [in flow.py:179]
2023-08-25 17:02:55,589 INFO: 获取case:2请求参数为:{'verifyMode': '', 'accountName': '+86-13681574534', 'password': 'fbd0204b381bd4', 'passwordKey': 'B6mkUcLLicDEHyHN1grueMuVbMUAdLGf', 'fromUrl': 'https://s.xinrenxinshi.com/headstatistic/index', 'source': 'default', 'innerVerifyKey': ''} [in flow.py:179]
2023-08-25 17:02:55,590 INFO: 获取case:2URL为:https://s.xinrenxinshi.com/account-center/service/sso/ajax-password-login [in flow.py:179]
2023-08-25 17:02:55,591 INFO: 获取case:2请求方式为:Post [in flow.py:179]
2023-08-25 17:02:55,677 INFO: <-------------------开始case:2断言验证-------------------> [in flow.py:179]
2023-08-25 17:02:55,678 INFO: 断言 code 失败，预期结果为201，实际为500 [in flow.py:179]
2023-08-25 17:02:55,678 INFO: 断言response失败:获取case:2预期结果为{"code":200,"data":{}}实际结果为{'message': '服务错误', 'code': '50000', 'status': False} [in flow.py:179]
2023-08-25 17:02:55,680 INFO: <-------------------将case:2返回参数化的值存到redis-------------------> [in flow.py:179]
2023-08-25 17:02:55,680 INFO: 返回参数化字典:{'': ''} [in flow.py:179]
2023-08-25 17:02:55,681 INFO: <-------------------测试结果:操作时间2023-08-25 17:02:55 操作人admin 操作类型全部用例集 flow合计1 成功数量0 失败数量1 -------------------> [in flow.py:179]
2023-08-25 17:02:55,682 INFO: <-------------------失败情况{'1_工资_用例集1': [{'case_ID': '1', 'case_description': 'case描述', 'case_URL': 'https://s.xinrenxinshi.com/account-center/service/sso/ajax-password-login', 'case_method': 'Post', 'case_request': {'verifyMode': '', 'accountName': '+86-13681574534', 'password': 'fbd0204b381bd4', 'passwordKey': 'B6mkUcLLicDEHyHN1grueMuVbMUAdLGf', 'fromUrl': 'https://s.xinrenxinshi.com/headstatistic/index', 'source': 'default', 'innerVerifyKey': ''}, 'case_code_expect': 200, 'case_code_result': 500, 'case_response_expect': '{}', 'case_response_result': {'timestamp': '2023-08-25T09:02:55.550+0000', 'status': 500, 'error': 'Internal Server Error', 'message': 'No message available', 'path': '/account-center/service/sso/ajax-password-login'}}, {'case_ID': '2', 'case_description': 'casemiaoshu1', 'case_URL': 'https://s.xinrenxinshi.com/account-center/service/sso/ajax-password-login', 'case_method': 'Post', 'case_request': {'verifyMode': '', 'accountName': '+86-13681574534', 'password': 'fbd0204b381bd4', 'passwordKey': 'B6mkUcLLicDEHyHN1grueMuVbMUAdLGf', 'fromUrl': 'https://s.xinrenxinshi.com/headstatistic/index', 'source': 'default', 'innerVerifyKey': ''}, 'case_code_expect': 201, 'case_code_result': 500, 'case_response_expect': '{"code":200,"data":{}}', 'case_response_result': {'message': '服务错误', 'code': '50000', 'status': False}}]}-------------------> [in flow.py:179]
2023-08-25 18:48:27,509 INFO: <-------------------执行全部用例集开始-------------------> [in flow.py:179]
2023-08-25 18:48:27,514 INFO: <-------------------执行flow1-用例集1-------------------> [in flow.py:179]
2023-08-25 18:48:27,515 INFO: 获取case列表:1,2 [in flow.py:179]
2023-08-25 18:48:27,534 INFO: <-------------------执行case1-case描述-------------------> [in flow.py:179]
2023-08-25 18:48:27,581 INFO: case:1 从redis中获取参数verifyMode失败 [in flow.py:179]
2023-08-25 18:48:27,582 INFO: 获取case:1参数化字典为:{'verifyMode': ''} [in flow.py:179]
2023-08-25 18:48:27,583 INFO: 获取case:1请求参数为:{'verifyMode': '', 'accountName': '+86-13681574534', 'password': 'fbd0204b381bd4', 'passwordKey': 'B6mkUcLLicDEHyHN1grueMuVbMUAdLGf', 'fromUrl': 'https://s.xinrenxinshi.com/headstatistic/index', 'source': 'default', 'innerVerifyKey': ''} [in flow.py:179]
2023-08-25 18:48:27,585 INFO: 获取case:1URL为:https://s.xinrenxinshi.com/account-center/service/sso/ajax-password-login [in flow.py:179]
2023-08-25 18:48:27,587 INFO: 获取case:1请求方式为:Post [in flow.py:179]
2023-08-25 18:48:27,792 INFO: <-------------------开始case:1断言验证-------------------> [in flow.py:179]
2023-08-25 18:48:27,793 INFO: 断言 code 失败，预期结果为200，实际为500 [in flow.py:179]
2023-08-25 18:48:27,794 INFO: 断言response失败:获取case:1预期结果为{}实际结果为{'timestamp': '2023-08-25T10:48:27.776+0000', 'status': 500, 'error': 'Internal Server Error', 'message': 'No message available', 'path': '/account-center/service/sso/ajax-password-login'} [in flow.py:179]
2023-08-25 18:48:27,795 INFO: <-------------------将case:1返回参数化的值存到redis-------------------> [in flow.py:179]
2023-08-25 18:48:27,796 INFO: 返回参数化字典:{'': ''} [in flow.py:179]
2023-08-25 18:48:27,810 INFO: <-------------------执行case2-casemiaoshu1-------------------> [in flow.py:179]
2023-08-25 18:48:27,820 INFO: case:2 从redis中获取参数verifyMode失败 [in flow.py:179]
2023-08-25 18:48:27,821 INFO: 获取case:2参数化字典为:{'verifyMode': ''} [in flow.py:179]
2023-08-25 18:48:27,822 INFO: 获取case:2请求参数为:{'verifyMode': '', 'accountName': '+86-13681574534', 'password': 'fbd0204b381bd4', 'passwordKey': 'B6mkUcLLicDEHyHN1grueMuVbMUAdLGf', 'fromUrl': 'https://s.xinrenxinshi.com/headstatistic/index', 'source': 'default', 'innerVerifyKey': ''} [in flow.py:179]
2023-08-25 18:48:27,824 INFO: 获取case:2URL为:https://s.xinrenxinshi.com/account-center/service/sso/ajax-password-login [in flow.py:179]
2023-08-25 18:48:27,825 INFO: 获取case:2请求方式为:Post [in flow.py:179]
2023-08-25 18:48:27,906 INFO: <-------------------开始case:2断言验证-------------------> [in flow.py:179]
2023-08-25 18:48:27,907 INFO: 断言 code 失败，预期结果为201，实际为500 [in flow.py:179]
2023-08-25 18:48:27,907 INFO: 断言response失败:获取case:2预期结果为{"code":200,"data":{}}实际结果为{'message': '服务错误', 'code': '50000', 'status': False} [in flow.py:179]
2023-08-25 18:48:27,908 INFO: <-------------------将case:2返回参数化的值存到redis-------------------> [in flow.py:179]
2023-08-25 18:48:27,908 INFO: 返回参数化字典:{'': ''} [in flow.py:179]
2023-08-25 18:48:27,909 INFO: <-------------------测试结果:操作时间2023-08-25 18:48:27 操作人admin 操作类型全部用例集 flow合计1 成功数量0 失败数量1 -------------------> [in flow.py:179]
2023-08-25 18:48:27,909 INFO: <-------------------失败情况{'1_工资_用例集1': [{'case_ID': '1', 'case_description': 'case描述', 'case_URL': 'https://s.xinrenxinshi.com/account-center/service/sso/ajax-password-login', 'case_method': 'Post', 'case_request': {'verifyMode': '', 'accountName': '+86-13681574534', 'password': 'fbd0204b381bd4', 'passwordKey': 'B6mkUcLLicDEHyHN1grueMuVbMUAdLGf', 'fromUrl': 'https://s.xinrenxinshi.com/headstatistic/index', 'source': 'default', 'innerVerifyKey': ''}, 'case_code_expect': 200, 'case_code_result': 500, 'case_response_expect': '{}', 'case_response_result': {'timestamp': '2023-08-25T10:48:27.776+0000', 'status': 500, 'error': 'Internal Server Error', 'message': 'No message available', 'path': '/account-center/service/sso/ajax-password-login'}}, {'case_ID': '2', 'case_description': 'casemiaoshu1', 'case_URL': 'https://s.xinrenxinshi.com/account-center/service/sso/ajax-password-login', 'case_method': 'Post', 'case_request': {'verifyMode': '', 'accountName': '+86-13681574534', 'password': 'fbd0204b381bd4', 'passwordKey': 'B6mkUcLLicDEHyHN1grueMuVbMUAdLGf', 'fromUrl': 'https://s.xinrenxinshi.com/headstatistic/index', 'source': 'default', 'innerVerifyKey': ''}, 'case_code_expect': 201, 'case_code_result': 500, 'case_response_expect': '{"code":200,"data":{}}', 'case_response_result': {'message': '服务错误', 'code': '50000', 'status': False}}]}-------------------> [in flow.py:179]
2023-08-25 18:52:04,180 INFO: <-------------------执行全部用例集开始-------------------> [in flow.py:179]
2023-08-25 18:52:04,187 INFO: <-------------------执行flow1-用例集1-------------------> [in flow.py:179]
2023-08-25 18:52:04,188 INFO: 获取case列表:1,2 [in flow.py:179]
2023-08-25 18:52:04,202 INFO: <-------------------执行case1-case描述-------------------> [in flow.py:179]
2023-08-25 18:52:04,221 INFO: case:1 从redis中获取参数verifyMode失败 [in flow.py:179]
2023-08-25 18:52:04,221 INFO: 获取case:1参数化字典为:{'verifyMode': ''} [in flow.py:179]
2023-08-25 18:52:04,222 INFO: 获取case:1请求参数为:{'verifyMode': '', 'accountName': '+86-13681574534', 'password': 'fbd0204b381bd4', 'passwordKey': 'B6mkUcLLicDEHyHN1grueMuVbMUAdLGf', 'fromUrl': 'https://s.xinrenxinshi.com/headstatistic/index', 'source': 'default', 'innerVerifyKey': ''} [in flow.py:179]
2023-08-25 18:52:04,222 INFO: 获取case:1URL为:https://s.xinrenxinshi.com/account-center/service/sso/ajax-password-login [in flow.py:179]
2023-08-25 18:52:04,223 INFO: 获取case:1请求方式为:Post [in flow.py:179]
2023-08-25 18:52:04,287 INFO: <-------------------开始case:1断言验证-------------------> [in flow.py:179]
2023-08-25 18:52:04,287 INFO: 断言 code 失败，预期结果为200，实际为500 [in flow.py:179]
2023-08-25 18:52:04,287 INFO: 断言response失败:获取case:1预期结果为{}实际结果为{'timestamp': '2023-08-25T10:52:04.270+0000', 'status': 500, 'error': 'Internal Server Error', 'message': 'No message available', 'path': '/account-center/service/sso/ajax-password-login'} [in flow.py:179]
2023-08-25 18:52:04,288 INFO: <-------------------将case:1返回参数化的值存到redis-------------------> [in flow.py:179]
2023-08-25 18:52:04,288 INFO: 返回参数化字典:{'': ''} [in flow.py:179]
2023-08-25 18:52:04,299 INFO: <-------------------执行case2-casemiaoshu1-------------------> [in flow.py:179]
2023-08-25 18:52:04,309 INFO: case:2 从redis中获取参数verifyMode失败 [in flow.py:179]
2023-08-25 18:52:04,310 INFO: 获取case:2参数化字典为:{'verifyMode': ''} [in flow.py:179]
2023-08-25 18:52:04,311 INFO: 获取case:2请求参数为:{'verifyMode': '', 'accountName': '+86-13681574534', 'password': 'fbd0204b381bd4', 'passwordKey': 'B6mkUcLLicDEHyHN1grueMuVbMUAdLGf', 'fromUrl': 'https://s.xinrenxinshi.com/headstatistic/index', 'source': 'default', 'innerVerifyKey': ''} [in flow.py:179]
2023-08-25 18:52:04,312 INFO: 获取case:2URL为:https://s.xinrenxinshi.com/account-center/service/sso/ajax-password-login [in flow.py:179]
2023-08-25 18:52:04,313 INFO: 获取case:2请求方式为:Post [in flow.py:179]
2023-08-25 18:52:04,397 INFO: <-------------------开始case:2断言验证-------------------> [in flow.py:179]
2023-08-25 18:52:04,398 INFO: 断言 code 失败，预期结果为201，实际为500 [in flow.py:179]
2023-08-25 18:52:04,399 INFO: 断言response失败:获取case:2预期结果为{"code":200,"data":{}}实际结果为{'message': '服务错误', 'code': '50000', 'status': False} [in flow.py:179]
2023-08-25 18:52:04,400 INFO: <-------------------将case:2返回参数化的值存到redis-------------------> [in flow.py:179]
2023-08-25 18:52:04,401 INFO: 返回参数化字典:{'': ''} [in flow.py:179]
2023-08-25 18:52:04,402 INFO: <-------------------测试结果:操作时间2023-08-25 18:52:04 操作人admin 操作类型全部用例集 flow合计1 成功数量0 失败数量1 -------------------> [in flow.py:179]
2023-08-25 18:52:04,403 INFO: <-------------------失败情况{'1_工资_用例集1': [{'case_ID': '1', 'case_description': 'case描述', 'case_URL': 'https://s.xinrenxinshi.com/account-center/service/sso/ajax-password-login', 'case_method': 'Post', 'case_request': {'verifyMode': '', 'accountName': '+86-13681574534', 'password': 'fbd0204b381bd4', 'passwordKey': 'B6mkUcLLicDEHyHN1grueMuVbMUAdLGf', 'fromUrl': 'https://s.xinrenxinshi.com/headstatistic/index', 'source': 'default', 'innerVerifyKey': ''}, 'case_code_expect': 200, 'case_code_result': 500, 'case_response_expect': '{}', 'case_response_result': {'timestamp': '2023-08-25T10:52:04.270+0000', 'status': 500, 'error': 'Internal Server Error', 'message': 'No message available', 'path': '/account-center/service/sso/ajax-password-login'}}, {'case_ID': '2', 'case_description': 'casemiaoshu1', 'case_URL': 'https://s.xinrenxinshi.com/account-center/service/sso/ajax-password-login', 'case_method': 'Post', 'case_request': {'verifyMode': '', 'accountName': '+86-13681574534', 'password': 'fbd0204b381bd4', 'passwordKey': 'B6mkUcLLicDEHyHN1grueMuVbMUAdLGf', 'fromUrl': 'https://s.xinrenxinshi.com/headstatistic/index', 'source': 'default', 'innerVerifyKey': ''}, 'case_code_expect': 201, 'case_code_result': 500, 'case_response_expect': '{"code":200,"data":{}}', 'case_response_result': {'message': '服务错误', 'code': '50000', 'status': False}}]}-------------------> [in flow.py:179]
2023-08-25 18:52:57,229 INFO: <-------------------执行全部用例集开始-------------------> [in flow.py:179]
2023-08-25 18:52:57,230 INFO: <-------------------执行flow1-用例集1-------------------> [in flow.py:179]
2023-08-25 18:52:57,232 INFO: 获取case列表:1,2 [in flow.py:179]
2023-08-25 18:52:57,246 INFO: <-------------------执行case1-case描述-------------------> [in flow.py:179]
2023-08-25 18:52:57,270 INFO: case:1 从redis中获取参数verifyMode失败 [in flow.py:179]
2023-08-25 18:52:57,271 INFO: 获取case:1参数化字典为:{'verifyMode': ''} [in flow.py:179]
2023-08-25 18:52:57,272 INFO: 获取case:1请求参数为:{'verifyMode': '', 'accountName': '+86-13681574534', 'password': 'fbd0204b381bd4', 'passwordKey': 'B6mkUcLLicDEHyHN1grueMuVbMUAdLGf', 'fromUrl': 'https://s.xinrenxinshi.com/headstatistic/index', 'source': 'default', 'innerVerifyKey': ''} [in flow.py:179]
2023-08-25 18:52:57,273 INFO: 获取case:1URL为:https://s.xinrenxinshi.com/account-center/service/sso/ajax-password-login [in flow.py:179]
2023-08-25 18:52:57,274 INFO: 获取case:1请求方式为:Post [in flow.py:179]
2023-08-25 18:52:57,343 INFO: <-------------------开始case:1断言验证-------------------> [in flow.py:179]
2023-08-25 18:52:57,345 INFO: 断言 code 失败，预期结果为200，实际为500 [in flow.py:179]
2023-08-25 18:52:57,347 INFO: 断言response失败:获取case:1预期结果为{}实际结果为{'timestamp': '2023-08-25T10:52:57.326+0000', 'status': 500, 'error': 'Internal Server Error', 'message': 'No message available', 'path': '/account-center/service/sso/ajax-password-login'} [in flow.py:179]
2023-08-25 18:52:57,348 INFO: <-------------------将case:1返回参数化的值存到redis-------------------> [in flow.py:179]
2023-08-25 18:52:57,349 INFO: 返回参数化字典:{'': ''} [in flow.py:179]
2023-08-25 18:52:57,362 INFO: <-------------------执行case2-casemiaoshu1-------------------> [in flow.py:179]
2023-08-25 18:52:57,372 INFO: case:2 从redis中获取参数verifyMode失败 [in flow.py:179]
2023-08-25 18:52:57,373 INFO: 获取case:2参数化字典为:{'verifyMode': ''} [in flow.py:179]
2023-08-25 18:52:57,374 INFO: 获取case:2请求参数为:{'verifyMode': '', 'accountName': '+86-13681574534', 'password': 'fbd0204b381bd4', 'passwordKey': 'B6mkUcLLicDEHyHN1grueMuVbMUAdLGf', 'fromUrl': 'https://s.xinrenxinshi.com/headstatistic/index', 'source': 'default', 'innerVerifyKey': ''} [in flow.py:179]
2023-08-25 18:52:57,375 INFO: 获取case:2URL为:https://s.xinrenxinshi.com/account-center/service/sso/ajax-password-login [in flow.py:179]
2023-08-25 18:52:57,376 INFO: 获取case:2请求方式为:Post [in flow.py:179]
2023-08-25 18:52:57,451 INFO: <-------------------开始case:2断言验证-------------------> [in flow.py:179]
2023-08-25 18:52:57,452 INFO: 断言 code 失败，预期结果为201，实际为500 [in flow.py:179]
2023-08-25 18:52:57,453 INFO: 断言response失败:获取case:2预期结果为{"code":200,"data":{}}实际结果为{'message': '服务错误', 'code': '50000', 'status': False} [in flow.py:179]
2023-08-25 18:52:57,454 INFO: <-------------------将case:2返回参数化的值存到redis-------------------> [in flow.py:179]
2023-08-25 18:52:57,454 INFO: 返回参数化字典:{'': ''} [in flow.py:179]
2023-08-25 18:52:57,455 INFO: <-------------------测试结果:操作时间2023-08-25 18:52:57 操作人admin 操作类型全部用例集 flow合计1 成功数量0 失败数量1 -------------------> [in flow.py:179]
2023-08-25 18:52:57,457 INFO: <-------------------失败情况{'1_工资_用例集1': [{'case_ID': '1', 'case_description': 'case描述', 'case_URL': 'https://s.xinrenxinshi.com/account-center/service/sso/ajax-password-login', 'case_method': 'Post', 'case_request': {'verifyMode': '', 'accountName': '+86-13681574534', 'password': 'fbd0204b381bd4', 'passwordKey': 'B6mkUcLLicDEHyHN1grueMuVbMUAdLGf', 'fromUrl': 'https://s.xinrenxinshi.com/headstatistic/index', 'source': 'default', 'innerVerifyKey': ''}, 'case_code_expect': 200, 'case_code_result': 500, 'case_response_expect': '{}', 'case_response_result': {'timestamp': '2023-08-25T10:52:57.326+0000', 'status': 500, 'error': 'Internal Server Error', 'message': 'No message available', 'path': '/account-center/service/sso/ajax-password-login'}}, {'case_ID': '2', 'case_description': 'casemiaoshu1', 'case_URL': 'https://s.xinrenxinshi.com/account-center/service/sso/ajax-password-login', 'case_method': 'Post', 'case_request': {'verifyMode': '', 'accountName': '+86-13681574534', 'password': 'fbd0204b381bd4', 'passwordKey': 'B6mkUcLLicDEHyHN1grueMuVbMUAdLGf', 'fromUrl': 'https://s.xinrenxinshi.com/headstatistic/index', 'source': 'default', 'innerVerifyKey': ''}, 'case_code_expect': 201, 'case_code_result': 500, 'case_response_expect': '{"code":200,"data":{}}', 'case_response_result': {'message': '服务错误', 'code': '50000', 'status': False}}]}-------------------> [in flow.py:179]
2023-08-25 18:58:18,633 INFO: <-------------------执行全部用例集开始-------------------> [in flow.py:179]
2023-08-25 18:58:18,635 INFO: <-------------------执行flow1-用例集1-------------------> [in flow.py:179]
2023-08-25 18:58:18,636 INFO: 获取case列表:1,2 [in flow.py:179]
2023-08-25 18:58:18,647 INFO: <-------------------执行case1-case描述-------------------> [in flow.py:179]
2023-08-25 18:58:18,665 INFO: case:1 从redis中获取参数verifyMode失败 [in flow.py:179]
2023-08-25 18:58:18,668 INFO: 获取case:1参数化字典为:{'verifyMode': ''} [in flow.py:179]
2023-08-25 18:58:18,670 INFO: 获取case:1请求参数为:{'verifyMode': '', 'accountName': '+86-13681574534', 'password': 'fbd0204b381bd4', 'passwordKey': 'B6mkUcLLicDEHyHN1grueMuVbMUAdLGf', 'fromUrl': 'https://s.xinrenxinshi.com/headstatistic/index', 'source': 'default', 'innerVerifyKey': ''} [in flow.py:179]
2023-08-25 18:58:18,671 INFO: 获取case:1URL为:https://s.xinrenxinshi.com/account-center/service/sso/ajax-password-login [in flow.py:179]
2023-08-25 18:58:18,673 INFO: 获取case:1请求方式为:Post [in flow.py:179]
2023-08-25 18:58:18,749 INFO: <-------------------开始case:1断言验证-------------------> [in flow.py:179]
2023-08-25 18:58:18,750 INFO: 断言 code 失败，预期结果为200，实际为500 [in flow.py:179]
2023-08-25 18:58:18,752 INFO: 断言response失败:获取case:1预期结果为{}实际结果为{'message': '服务错误', 'code': '50000', 'status': False} [in flow.py:179]
2023-08-25 18:58:18,753 INFO: <-------------------将case:1返回参数化的值存到redis-------------------> [in flow.py:179]
2023-08-25 18:58:18,754 INFO: 返回参数化字典:{'': ''} [in flow.py:179]
2023-08-25 18:58:18,766 INFO: <-------------------执行case2-casemiaoshu1-------------------> [in flow.py:179]
2023-08-25 18:58:18,775 INFO: case:2 从redis中获取参数verifyMode失败 [in flow.py:179]
2023-08-25 18:58:18,777 INFO: 获取case:2参数化字典为:{'verifyMode': ''} [in flow.py:179]
2023-08-25 18:58:18,778 INFO: 获取case:2请求参数为:{'verifyMode': '', 'accountName': '+86-13681574534', 'password': 'fbd0204b381bd4', 'passwordKey': 'B6mkUcLLicDEHyHN1grueMuVbMUAdLGf', 'fromUrl': 'https://s.xinrenxinshi.com/headstatistic/index', 'source': 'default', 'innerVerifyKey': ''} [in flow.py:179]
2023-08-25 18:58:18,779 INFO: 获取case:2URL为:https://s.xinrenxinshi.com/account-center/service/sso/ajax-password-login [in flow.py:179]
2023-08-25 18:58:18,780 INFO: 获取case:2请求方式为:Post [in flow.py:179]
2023-08-25 18:58:18,870 INFO: <-------------------开始case:2断言验证-------------------> [in flow.py:179]
2023-08-25 18:58:18,871 INFO: 断言 code 失败，预期结果为201，实际为500 [in flow.py:179]
2023-08-25 18:58:18,872 INFO: 断言response失败:获取case:2预期结果为{"code":200,"data":{}}实际结果为{'message': '服务错误', 'code': '50000', 'status': False} [in flow.py:179]
2023-08-25 18:58:18,873 INFO: <-------------------将case:2返回参数化的值存到redis-------------------> [in flow.py:179]
2023-08-25 18:58:18,874 INFO: 返回参数化字典:{'': ''} [in flow.py:179]
2023-08-25 18:58:18,875 INFO: <-------------------测试结果:操作时间2023-08-25 18:58:18 操作人admin 操作类型全部用例集 flow合计1 成功数量0 失败数量1 -------------------> [in flow.py:179]
2023-08-25 18:58:18,876 INFO: <-------------------失败情况{'1_工资_用例集1': [{'case_ID': '1', 'case_description': 'case描述', 'case_URL': 'https://s.xinrenxinshi.com/account-center/service/sso/ajax-password-login', 'case_method': 'Post', 'case_request': {'verifyMode': '', 'accountName': '+86-13681574534', 'password': 'fbd0204b381bd4', 'passwordKey': 'B6mkUcLLicDEHyHN1grueMuVbMUAdLGf', 'fromUrl': 'https://s.xinrenxinshi.com/headstatistic/index', 'source': 'default', 'innerVerifyKey': ''}, 'case_code_expect': 200, 'case_code_result': 500, 'case_response_expect': '{}', 'case_response_result': {'message': '服务错误', 'code': '50000', 'status': False}}, {'case_ID': '2', 'case_description': 'casemiaoshu1', 'case_URL': 'https://s.xinrenxinshi.com/account-center/service/sso/ajax-password-login', 'case_method': 'Post', 'case_request': {'verifyMode': '', 'accountName': '+86-13681574534', 'password': 'fbd0204b381bd4', 'passwordKey': 'B6mkUcLLicDEHyHN1grueMuVbMUAdLGf', 'fromUrl': 'https://s.xinrenxinshi.com/headstatistic/index', 'source': 'default', 'innerVerifyKey': ''}, 'case_code_expect': 201, 'case_code_result': 500, 'case_response_expect': '{"code":200,"data":{}}', 'case_response_result': {'message': '服务错误', 'code': '50000', 'status': False}}]}-------------------> [in flow.py:179]
2023-08-25 19:07:02,037 INFO: <-------------------执行全部用例集开始-------------------> [in flow.py:179]
2023-08-25 19:07:02,045 INFO: <-------------------执行flow1-用例集1-------------------> [in flow.py:179]
2023-08-25 19:07:02,047 INFO: 获取case列表:1,2 [in flow.py:179]
2023-08-25 19:07:02,060 INFO: <-------------------执行case1-case描述-------------------> [in flow.py:179]
2023-08-25 19:07:02,080 INFO: case:1 从redis中获取参数verifyMode失败 [in flow.py:179]
2023-08-25 19:07:02,082 INFO: 获取case:1参数化字典为:{'verifyMode': ''} [in flow.py:179]
2023-08-25 19:07:02,083 INFO: 获取case:1请求参数为:{'verifyMode': '', 'accountName': '+86-13681574534', 'password': 'fbd0204b381bd4', 'passwordKey': 'B6mkUcLLicDEHyHN1grueMuVbMUAdLGf', 'fromUrl': 'https://s.xinrenxinshi.com/headstatistic/index', 'source': 'default', 'innerVerifyKey': ''} [in flow.py:179]
2023-08-25 19:07:02,084 INFO: 获取case:1URL为:https://s.xinrenxinshi.com/account-center/service/sso/ajax-password-login [in flow.py:179]
2023-08-25 19:07:02,085 INFO: 获取case:1请求方式为:Post [in flow.py:179]
2023-08-25 19:07:02,216 INFO: <-------------------开始case:1断言验证-------------------> [in flow.py:179]
2023-08-25 19:07:02,218 INFO: 断言 code 失败，预期结果为200，实际为500 [in flow.py:179]
2023-08-25 19:07:02,219 INFO: 断言response失败:获取case:1预期结果为{}实际结果为{'message': '服务错误', 'code': '50000', 'status': False} [in flow.py:179]
2023-08-25 19:07:02,220 INFO: <-------------------将case:1返回参数化的值存到redis-------------------> [in flow.py:179]
2023-08-25 19:07:02,221 INFO: 返回参数化字典:{'': ''} [in flow.py:179]
2023-08-25 19:07:02,236 INFO: <-------------------执行case2-casemiaoshu1-------------------> [in flow.py:179]
2023-08-25 19:07:02,245 INFO: case:2 从redis中获取参数verifyMode失败 [in flow.py:179]
2023-08-25 19:07:02,246 INFO: 获取case:2参数化字典为:{'verifyMode': ''} [in flow.py:179]
2023-08-25 19:07:02,248 INFO: 获取case:2请求参数为:{'verifyMode': '', 'accountName': '+86-13681574534', 'password': 'fbd0204b381bd4', 'passwordKey': 'B6mkUcLLicDEHyHN1grueMuVbMUAdLGf', 'fromUrl': 'https://s.xinrenxinshi.com/headstatistic/index', 'source': 'default', 'innerVerifyKey': ''} [in flow.py:179]
2023-08-25 19:07:02,249 INFO: 获取case:2URL为:https://s.xinrenxinshi.com/account-center/service/sso/ajax-password-login [in flow.py:179]
2023-08-25 19:07:02,250 INFO: 获取case:2请求方式为:Post [in flow.py:179]
2023-08-25 19:07:02,321 INFO: <-------------------开始case:2断言验证-------------------> [in flow.py:179]
2023-08-25 19:07:02,322 INFO: 断言 code 失败，预期结果为201，实际为500 [in flow.py:179]
2023-08-25 19:07:02,323 INFO: 断言response失败:获取case:2预期结果为{"code":200,"data":{}}实际结果为{'message': '服务错误', 'code': '50000', 'status': False} [in flow.py:179]
2023-08-25 19:07:02,324 INFO: <-------------------将case:2返回参数化的值存到redis-------------------> [in flow.py:179]
2023-08-25 19:07:02,325 INFO: 返回参数化字典:{'': ''} [in flow.py:179]
2023-08-25 19:07:02,326 INFO: <-------------------测试结果:操作时间2023-08-25 19:07:01 操作人admin 操作类型全部用例集 flow合计1 成功数量0 失败数量1 -------------------> [in flow.py:179]
2023-08-25 19:07:02,327 INFO: <-------------------失败情况{'1_工资_用例集1': [{'case_ID': '1', 'case_description': 'case描述', 'case_URL': 'https://s.xinrenxinshi.com/account-center/service/sso/ajax-password-login', 'case_method': 'Post', 'case_request': {'verifyMode': '', 'accountName': '+86-13681574534', 'password': 'fbd0204b381bd4', 'passwordKey': 'B6mkUcLLicDEHyHN1grueMuVbMUAdLGf', 'fromUrl': 'https://s.xinrenxinshi.com/headstatistic/index', 'source': 'default', 'innerVerifyKey': ''}, 'case_code_expect': 200, 'case_code_result': 500, 'case_response_expect': '{}', 'case_response_result': {'message': '服务错误', 'code': '50000', 'status': False}}, {'case_ID': '2', 'case_description': 'casemiaoshu1', 'case_URL': 'https://s.xinrenxinshi.com/account-center/service/sso/ajax-password-login', 'case_method': 'Post', 'case_request': {'verifyMode': '', 'accountName': '+86-13681574534', 'password': 'fbd0204b381bd4', 'passwordKey': 'B6mkUcLLicDEHyHN1grueMuVbMUAdLGf', 'fromUrl': 'https://s.xinrenxinshi.com/headstatistic/index', 'source': 'default', 'innerVerifyKey': ''}, 'case_code_expect': 201, 'case_code_result': 500, 'case_response_expect': '{"code":200,"data":{}}', 'case_response_result': {'message': '服务错误', 'code': '50000', 'status': False}}]}-------------------> [in flow.py:179]
2023-08-25 19:12:46,113 INFO: <-------------------执行全部用例集开始-------------------> [in flow.py:179]
2023-08-25 19:12:46,117 INFO: <-------------------执行flow1-用例集1-------------------> [in flow.py:179]
2023-08-25 19:12:46,117 INFO: 获取case列表:1,2 [in flow.py:179]
2023-08-25 19:12:46,128 INFO: <-------------------执行case1-case描述-------------------> [in flow.py:179]
2023-08-25 19:12:46,150 INFO: case:1 从redis中获取参数verifyMode失败 [in flow.py:179]
2023-08-25 19:12:46,150 INFO: 获取case:1参数化字典为:{'verifyMode': ''} [in flow.py:179]
2023-08-25 19:12:46,151 INFO: 获取case:1请求参数为:{'verifyMode': '', 'accountName': '+86-13681574534', 'password': 'fbd0204b381bd4', 'passwordKey': 'B6mkUcLLicDEHyHN1grueMuVbMUAdLGf', 'fromUrl': 'https://s.xinrenxinshi.com/headstatistic/index', 'source': 'default', 'innerVerifyKey': ''} [in flow.py:179]
2023-08-25 19:12:46,152 INFO: 获取case:1URL为:https://s.xinrenxinshi.com/account-center/service/sso/ajax-password-login [in flow.py:179]
2023-08-25 19:12:46,153 INFO: 获取case:1请求方式为:Post [in flow.py:179]
2023-08-25 19:12:46,279 INFO: <-------------------开始case:1断言验证-------------------> [in flow.py:179]
2023-08-25 19:12:46,280 INFO: 断言 code 失败，预期结果为200，实际为500 [in flow.py:179]
2023-08-25 19:12:46,282 INFO: 断言response失败:获取case:1预期结果为{}实际结果为{'timestamp': '2023-08-25T11:12:46.271+0000', 'status': 500, 'error': 'Internal Server Error', 'message': 'No message available', 'path': '/account-center/service/sso/ajax-password-login'} [in flow.py:179]
2023-08-25 19:12:46,283 INFO: <-------------------将case:1返回参数化的值存到redis-------------------> [in flow.py:179]
2023-08-25 19:12:46,285 INFO: 返回参数化字典:{'': ''} [in flow.py:179]
2023-08-25 19:12:46,297 INFO: <-------------------执行case2-casemiaoshu1-------------------> [in flow.py:179]
2023-08-25 19:12:46,304 INFO: case:2 从redis中获取参数verifyMode失败 [in flow.py:179]
2023-08-25 19:12:46,305 INFO: 获取case:2参数化字典为:{'verifyMode': ''} [in flow.py:179]
2023-08-25 19:12:46,306 INFO: 获取case:2请求参数为:{'verifyMode': '', 'accountName': '+86-13681574534', 'password': 'fbd0204b381bd4', 'passwordKey': 'B6mkUcLLicDEHyHN1grueMuVbMUAdLGf', 'fromUrl': 'https://s.xinrenxinshi.com/headstatistic/index', 'source': 'default', 'innerVerifyKey': ''} [in flow.py:179]
2023-08-25 19:12:46,307 INFO: 获取case:2URL为:https://s.xinrenxinshi.com/account-center/service/sso/ajax-password-login [in flow.py:179]
2023-08-25 19:12:46,308 INFO: 获取case:2请求方式为:Post [in flow.py:179]
2023-08-25 19:12:46,385 INFO: <-------------------开始case:2断言验证-------------------> [in flow.py:179]
2023-08-25 19:12:46,387 INFO: 断言 code 失败，预期结果为201，实际为500 [in flow.py:179]
2023-08-25 19:12:46,389 INFO: 断言response失败:获取case:2预期结果为{"code":200,"data":{}}实际结果为{'message': '服务错误', 'code': '50000', 'status': False} [in flow.py:179]
2023-08-25 19:12:46,390 INFO: <-------------------将case:2返回参数化的值存到redis-------------------> [in flow.py:179]
2023-08-25 19:12:46,391 INFO: 返回参数化字典:{'': ''} [in flow.py:179]
2023-08-25 19:12:46,392 INFO: <-------------------执行flow2-hh-------------------> [in flow.py:179]
2023-08-25 19:12:46,393 INFO: 获取case列表:3 [in flow.py:179]
2023-08-25 19:12:46,411 INFO: <-------------------执行case3-为企鹅-------------------> [in flow.py:179]
2023-08-25 19:12:46,428 INFO: case:3 从redis中获取参数verifyMode失败 [in flow.py:179]
2023-08-25 19:12:46,430 INFO: 获取case:3参数化字典为:{'verifyMode': ''} [in flow.py:179]
2023-08-25 19:12:46,431 INFO: 获取case:3请求参数为:{'verifyMode': '', 'accountName': '+86-13681574534', 'password': 'fbd0204b381bd4', 'passwordKey': 'B6mkUcLLicDEHyHN1grueMuVbMUAdLGf', 'fromUrl': 'https://s.xinrenxinshi.com/headstatistic/index', 'source': 'default', 'innerVerifyKey': ''} [in flow.py:179]
2023-08-25 19:12:46,433 INFO: 获取case:3URL为:https://s.xinrenxinshi.com/account-center/service/sso/ajax-password-login [in flow.py:179]
2023-08-25 19:12:46,434 INFO: 获取case:3请求方式为:Post [in flow.py:179]
2023-08-25 19:12:46,509 INFO: <-------------------开始case:3断言验证-------------------> [in flow.py:179]
2023-08-25 19:12:46,510 INFO: 断言 code情况:True  [in flow.py:179]
2023-08-25 19:14:10,481 INFO: <-------------------执行全部用例集开始-------------------> [in flow.py:179]
2023-08-25 19:14:10,490 INFO: <-------------------执行flow1-用例集1-------------------> [in flow.py:179]
2023-08-25 19:14:10,492 INFO: 获取case列表:1,2 [in flow.py:179]
2023-08-25 19:14:10,512 INFO: <-------------------执行case1-case描述-------------------> [in flow.py:179]
2023-08-25 19:14:10,530 INFO: case:1 从redis中获取参数verifyMode失败 [in flow.py:179]
2023-08-25 19:14:10,532 INFO: 获取case:1参数化字典为:{'verifyMode': ''} [in flow.py:179]
2023-08-25 19:14:10,534 INFO: 获取case:1请求参数为:{'verifyMode': '', 'accountName': '+86-13681574534', 'password': 'fbd0204b381bd4', 'passwordKey': 'B6mkUcLLicDEHyHN1grueMuVbMUAdLGf', 'fromUrl': 'https://s.xinrenxinshi.com/headstatistic/index', 'source': 'default', 'innerVerifyKey': ''} [in flow.py:179]
2023-08-25 19:14:10,535 INFO: 获取case:1URL为:https://s.xinrenxinshi.com/account-center/service/sso/ajax-password-login [in flow.py:179]
2023-08-25 19:14:10,536 INFO: 获取case:1请求方式为:Post [in flow.py:179]
2023-08-25 19:14:10,607 INFO: <-------------------开始case:1断言验证-------------------> [in flow.py:179]
2023-08-25 19:14:10,609 INFO: 断言 code 失败，预期结果为200，实际为500 [in flow.py:179]
2023-08-25 19:14:10,610 INFO: 断言response失败:获取case:1预期结果为{}实际结果为{'message': '服务错误', 'code': '50000', 'status': False} [in flow.py:179]
2023-08-25 19:14:10,611 INFO: <-------------------将case:1返回参数化的值存到redis-------------------> [in flow.py:179]
2023-08-25 19:14:10,613 INFO: 返回参数化字典:{'': ''} [in flow.py:179]
2023-08-25 19:14:10,628 INFO: <-------------------执行case2-casemiaoshu1-------------------> [in flow.py:179]
2023-08-25 19:14:10,638 INFO: case:2 从redis中获取参数verifyMode失败 [in flow.py:179]
2023-08-25 19:14:10,639 INFO: 获取case:2参数化字典为:{'verifyMode': ''} [in flow.py:179]
2023-08-25 19:14:10,641 INFO: 获取case:2请求参数为:{'verifyMode': '', 'accountName': '+86-13681574534', 'password': 'fbd0204b381bd4', 'passwordKey': 'B6mkUcLLicDEHyHN1grueMuVbMUAdLGf', 'fromUrl': 'https://s.xinrenxinshi.com/headstatistic/index', 'source': 'default', 'innerVerifyKey': ''} [in flow.py:179]
2023-08-25 19:14:10,642 INFO: 获取case:2URL为:https://s.xinrenxinshi.com/account-center/service/sso/ajax-password-login [in flow.py:179]
2023-08-25 19:14:10,644 INFO: 获取case:2请求方式为:Post [in flow.py:179]
2023-08-25 19:14:10,724 INFO: <-------------------开始case:2断言验证-------------------> [in flow.py:179]
2023-08-25 19:14:10,726 INFO: 断言 code 失败，预期结果为201，实际为500 [in flow.py:179]
2023-08-25 19:14:10,727 INFO: 断言response失败:获取case:2预期结果为{"code":200,"data":{}}实际结果为{'timestamp': '2023-08-25T11:14:10.712+0000', 'status': 500, 'error': 'Internal Server Error', 'message': 'No message available', 'path': '/account-center/service/sso/ajax-password-login'} [in flow.py:179]
2023-08-25 19:14:10,728 INFO: <-------------------将case:2返回参数化的值存到redis-------------------> [in flow.py:179]
2023-08-25 19:14:10,730 INFO: 返回参数化字典:{'': ''} [in flow.py:179]
2023-08-25 19:14:10,730 INFO: <-------------------执行flow2-hh-------------------> [in flow.py:179]
2023-08-25 19:14:10,731 INFO: 获取case列表:3 [in flow.py:179]
2023-08-25 19:14:10,745 INFO: <-------------------执行case3-为企鹅-------------------> [in flow.py:179]
2023-08-25 19:14:10,756 INFO: case:3 从redis中获取参数verifyMode失败 [in flow.py:179]
2023-08-25 19:14:10,757 INFO: 获取case:3参数化字典为:{'verifyMode': ''} [in flow.py:179]
2023-08-25 19:14:10,759 INFO: 获取case:3请求参数为:{'verifyMode': '', 'accountName': '+86-13681574534', 'password': 'fbd0204b381bd4', 'passwordKey': 'B6mkUcLLicDEHyHN1grueMuVbMUAdLGf', 'fromUrl': 'https://s.xinrenxinshi.com/headstatistic/index', 'source': 'default', 'innerVerifyKey': ''} [in flow.py:179]
2023-08-25 19:14:10,761 INFO: 获取case:3URL为:https://s.xinrenxinshi.com/account-center/service/sso/ajax-password-login [in flow.py:179]
2023-08-25 19:14:10,762 INFO: 获取case:3请求方式为:Post [in flow.py:179]
2023-08-25 19:14:10,834 INFO: <-------------------开始case:3断言验证-------------------> [in flow.py:179]
2023-08-25 19:14:10,835 INFO: 断言 code情况:True  [in flow.py:179]
2023-08-25 19:14:10,836 INFO: 断言response失败:获取case:3预期结果为{"message": "服务错误", "code": "50000", "status": "False"}实际结果为{'timestamp': '2023-08-25T11:14:10.822+0000', 'status': 500, 'error': 'Internal Server Error', 'message': 'No message available', 'path': '/account-center/service/sso/ajax-password-login'} [in flow.py:179]
2023-08-25 19:14:10,837 INFO: <-------------------将case:3返回参数化的值存到redis-------------------> [in flow.py:179]
2023-08-25 19:14:10,839 INFO: 返回参数化字典:{'': ''} [in flow.py:179]
2023-08-25 19:14:10,840 INFO: <-------------------执行flow3-jj-------------------> [in flow.py:179]
2023-08-25 19:14:10,841 INFO: 获取case列表:3,2 [in flow.py:179]
2023-08-25 19:14:10,843 INFO: <-------------------执行case3-为企鹅-------------------> [in flow.py:179]
2023-08-25 19:14:10,852 INFO: case:3 从redis中获取参数verifyMode失败 [in flow.py:179]
2023-08-25 19:14:10,854 INFO: 获取case:3参数化字典为:{'verifyMode': ''} [in flow.py:179]
2023-08-25 19:14:10,856 INFO: 获取case:3请求参数为:{'verifyMode': '', 'accountName': '+86-13681574534', 'password': 'fbd0204b381bd4', 'passwordKey': 'B6mkUcLLicDEHyHN1grueMuVbMUAdLGf', 'fromUrl': 'https://s.xinrenxinshi.com/headstatistic/index', 'source': 'default', 'innerVerifyKey': ''} [in flow.py:179]
2023-08-25 19:14:10,858 INFO: 获取case:3URL为:https://s.xinrenxinshi.com/account-center/service/sso/ajax-password-login [in flow.py:179]
2023-08-25 19:14:10,859 INFO: 获取case:3请求方式为:Post [in flow.py:179]
2023-08-25 19:14:10,941 INFO: <-------------------开始case:3断言验证-------------------> [in flow.py:179]
2023-08-25 19:14:10,942 INFO: 断言 code情况:True  [in flow.py:179]
2023-08-25 19:14:10,943 INFO: 断言response失败:获取case:3预期结果为{"message": "服务错误", "code": "50000", "status": "False"}实际结果为{'message': '服务错误', 'code': '50000', 'status': False} [in flow.py:179]
2023-08-25 19:14:10,944 INFO: <-------------------将case:3返回参数化的值存到redis-------------------> [in flow.py:179]
2023-08-25 19:14:10,945 INFO: 返回参数化字典:{'': ''} [in flow.py:179]
2023-08-25 19:14:10,959 INFO: <-------------------执行case2-casemiaoshu1-------------------> [in flow.py:179]
2023-08-25 19:14:10,969 INFO: case:2 从redis中获取参数verifyMode失败 [in flow.py:179]
2023-08-25 19:14:10,971 INFO: 获取case:2参数化字典为:{'verifyMode': ''} [in flow.py:179]
2023-08-25 19:14:10,972 INFO: 获取case:2请求参数为:{'verifyMode': '', 'accountName': '+86-13681574534', 'password': 'fbd0204b381bd4', 'passwordKey': 'B6mkUcLLicDEHyHN1grueMuVbMUAdLGf', 'fromUrl': 'https://s.xinrenxinshi.com/headstatistic/index', 'source': 'default', 'innerVerifyKey': ''} [in flow.py:179]
2023-08-25 19:14:10,974 INFO: 获取case:2URL为:https://s.xinrenxinshi.com/account-center/service/sso/ajax-password-login [in flow.py:179]
2023-08-25 19:14:10,975 INFO: 获取case:2请求方式为:Post [in flow.py:179]
2023-08-25 19:14:11,049 INFO: <-------------------开始case:2断言验证-------------------> [in flow.py:179]
2023-08-25 19:14:11,050 INFO: 断言 code 失败，预期结果为201，实际为500 [in flow.py:179]
2023-08-25 19:14:11,052 INFO: 断言response失败:获取case:2预期结果为{"code":200,"data":{}}实际结果为{'message': '服务错误', 'code': '50000', 'status': False} [in flow.py:179]
2023-08-25 19:14:11,053 INFO: <-------------------将case:2返回参数化的值存到redis-------------------> [in flow.py:179]
2023-08-25 19:14:11,054 INFO: 返回参数化字典:{'': ''} [in flow.py:179]
2023-08-25 19:14:11,055 INFO: <-------------------测试结果:操作时间2023-08-25 19:14:10 操作人admin 操作类型全部用例集 flow合计3 成功数量0 失败数量3 -------------------> [in flow.py:179]
2023-08-25 19:14:11,056 INFO: <-------------------失败情况{'1_工资_用例集1': [{'case_ID': '1', 'case_description': 'case描述', 'case_URL': 'https://s.xinrenxinshi.com/account-center/service/sso/ajax-password-login', 'case_method': 'Post', 'case_request': {'verifyMode': '', 'accountName': '+86-13681574534', 'password': 'fbd0204b381bd4', 'passwordKey': 'B6mkUcLLicDEHyHN1grueMuVbMUAdLGf', 'fromUrl': 'https://s.xinrenxinshi.com/headstatistic/index', 'source': 'default', 'innerVerifyKey': ''}, 'case_code_expect': 200, 'case_code_result': 500, 'case_response_expect': '{}', 'case_response_result': {'message': '服务错误', 'code': '50000', 'status': False}}, {'case_ID': '2', 'case_description': 'casemiaoshu1', 'case_URL': 'https://s.xinrenxinshi.com/account-center/service/sso/ajax-password-login', 'case_method': 'Post', 'case_request': {'verifyMode': '', 'accountName': '+86-13681574534', 'password': 'fbd0204b381bd4', 'passwordKey': 'B6mkUcLLicDEHyHN1grueMuVbMUAdLGf', 'fromUrl': 'https://s.xinrenxinshi.com/headstatistic/index', 'source': 'default', 'innerVerifyKey': ''}, 'case_code_expect': 201, 'case_code_result': 500, 'case_response_expect': '{"code":200,"data":{}}', 'case_response_result': {'timestamp': '2023-08-25T11:14:10.712+0000', 'status': 500, 'error': 'Internal Server Error', 'message': 'No message available', 'path': '/account-center/service/sso/ajax-password-login'}}], '2_hh_hh': [{'case_ID': '3', 'case_description': '为企鹅', 'case_URL': 'https://s.xinrenxinshi.com/account-center/service/sso/ajax-password-login', 'case_method': 'Post', 'case_request': {'verifyMode': '', 'accountName': '+86-13681574534', 'password': 'fbd0204b381bd4', 'passwordKey': 'B6mkUcLLicDEHyHN1grueMuVbMUAdLGf', 'fromUrl': 'https://s.xinrenxinshi.com/headstatistic/index', 'source': 'default', 'innerVerifyKey': ''}, 'case_code_expect': 500, 'case_code_result': 500, 'case_response_expect': '{"message": "服务错误", "code": "50000", "status": "False"}', 'case_response_result': {'timestamp': '2023-08-25T11:14:10.822+0000', 'status': 500, 'error': 'Internal Server Error', 'message': 'No message available', 'path': '/account-center/service/sso/ajax-password-login'}}], '3_jj_jj': [{'case_ID': '3', 'case_description': '为企鹅', 'case_URL': 'https://s.xinrenxinshi.com/account-center/service/sso/ajax-password-login', 'case_method': 'Post', 'case_request': {'verifyMode': '', 'accountName': '+86-13681574534', 'password': 'fbd0204b381bd4', 'passwordKey': 'B6mkUcLLicDEHyHN1grueMuVbMUAdLGf', 'fromUrl': 'https://s.xinrenxinshi.com/headstatistic/index', 'source': 'default', 'innerVerifyKey': ''}, 'case_code_expect': 500, 'case_code_result': 500, 'case_response_expect': '{"message": "服务错误", "code": "50000", "status": "False"}', 'case_response_result': {'message': '服务错误', 'code': '50000', 'status': False}}, {'case_ID': '2', 'case_description': 'casemiaoshu1', 'case_URL': 'https://s.xinrenxinshi.com/account-center/service/sso/ajax-password-login', 'case_method': 'Post', 'case_request': {'verifyMode': '', 'accountName': '+86-13681574534', 'password': 'fbd0204b381bd4', 'passwordKey': 'B6mkUcLLicDEHyHN1grueMuVbMUAdLGf', 'fromUrl': 'https://s.xinrenxinshi.com/headstatistic/index', 'source': 'default', 'innerVerifyKey': ''}, 'case_code_expect': 201, 'case_code_result': 500, 'case_response_expect': '{"code":200,"data":{}}', 'case_response_result': {'message': '服务错误', 'code': '50000', 'status': False}}]}-------------------> [in flow.py:179]
2023-08-25 19:16:42,531 INFO: <-------------------执行全部用例集开始-------------------> [in flow.py:179]
2023-08-25 19:16:42,544 INFO: <-------------------执行flow1-用例集1-------------------> [in flow.py:179]
2023-08-25 19:16:42,546 INFO: 获取case列表:1,2 [in flow.py:179]
2023-08-25 19:16:42,561 INFO: <-------------------执行case1-case描述-------------------> [in flow.py:179]
2023-08-25 19:16:42,579 INFO: case:1 从redis中获取参数verifyMode失败 [in flow.py:179]
2023-08-25 19:16:42,581 INFO: 获取case:1参数化字典为:{'verifyMode': ''} [in flow.py:179]
2023-08-25 19:16:42,583 INFO: 获取case:1请求参数为:{'verifyMode': '', 'accountName': '+86-13681574534', 'password': 'fbd0204b381bd4', 'passwordKey': 'B6mkUcLLicDEHyHN1grueMuVbMUAdLGf', 'fromUrl': 'https://s.xinrenxinshi.com/headstatistic/index', 'source': 'default', 'innerVerifyKey': ''} [in flow.py:179]
2023-08-25 19:16:42,584 INFO: 获取case:1URL为:https://s.xinrenxinshi.com/account-center/service/sso/ajax-password-login [in flow.py:179]
2023-08-25 19:16:42,586 INFO: 获取case:1请求方式为:Post [in flow.py:179]
2023-08-25 19:16:42,660 INFO: <-------------------开始case:1断言验证-------------------> [in flow.py:179]
2023-08-25 19:16:42,662 INFO: 断言 code 失败，预期结果为200，实际为500 [in flow.py:179]
2023-08-25 19:16:42,664 INFO: 断言response失败:获取case:1预期结果为{}实际结果为{'message': '服务错误', 'code': '50000', 'status': False} [in flow.py:179]
2023-08-25 19:16:42,665 INFO: <-------------------将case:1返回参数化的值存到redis-------------------> [in flow.py:179]
2023-08-25 19:16:42,666 INFO: 返回参数化字典:{'': ''} [in flow.py:179]
2023-08-25 19:16:42,678 INFO: <-------------------执行case2-casemiaoshu1-------------------> [in flow.py:179]
2023-08-25 19:16:42,687 INFO: case:2 从redis中获取参数verifyMode失败 [in flow.py:179]
2023-08-25 19:16:42,688 INFO: 获取case:2参数化字典为:{'verifyMode': ''} [in flow.py:179]
2023-08-25 19:16:42,690 INFO: 获取case:2请求参数为:{'verifyMode': '', 'accountName': '+86-13681574534', 'password': 'fbd0204b381bd4', 'passwordKey': 'B6mkUcLLicDEHyHN1grueMuVbMUAdLGf', 'fromUrl': 'https://s.xinrenxinshi.com/headstatistic/index', 'source': 'default', 'innerVerifyKey': ''} [in flow.py:179]
2023-08-25 19:16:42,691 INFO: 获取case:2URL为:https://s.xinrenxinshi.com/account-center/service/sso/ajax-password-login [in flow.py:179]
2023-08-25 19:16:42,692 INFO: 获取case:2请求方式为:Post [in flow.py:179]
2023-08-25 19:16:42,765 INFO: <-------------------开始case:2断言验证-------------------> [in flow.py:179]
2023-08-25 19:16:42,767 INFO: 断言 code 失败，预期结果为201，实际为500 [in flow.py:179]
2023-08-25 19:16:42,768 INFO: 断言response失败:获取case:2预期结果为{"code":200,"data":{}}实际结果为{'timestamp': '2023-08-25T11:16:42.754+0000', 'status': 500, 'error': 'Internal Server Error', 'message': 'No message available', 'path': '/account-center/service/sso/ajax-password-login'} [in flow.py:179]
2023-08-25 19:16:42,769 INFO: <-------------------将case:2返回参数化的值存到redis-------------------> [in flow.py:179]
2023-08-25 19:16:42,770 INFO: 返回参数化字典:{'': ''} [in flow.py:179]
2023-08-25 19:16:42,771 INFO: <-------------------执行flow2-hh-------------------> [in flow.py:179]
2023-08-25 19:16:42,773 INFO: 获取case列表:3 [in flow.py:179]
2023-08-25 19:16:42,801 INFO: <-------------------执行case3-为企鹅-------------------> [in flow.py:179]
2023-08-25 19:16:42,810 INFO: case:3 从redis中获取参数verifyMode失败 [in flow.py:179]
2023-08-25 19:16:42,811 INFO: 获取case:3参数化字典为:{'verifyMode': ''} [in flow.py:179]
2023-08-25 19:16:42,812 INFO: 获取case:3请求参数为:{'verifyMode': '', 'accountName': '+86-13681574534', 'password': 'fbd0204b381bd4', 'passwordKey': 'B6mkUcLLicDEHyHN1grueMuVbMUAdLGf', 'fromUrl': 'https://s.xinrenxinshi.com/headstatistic/index', 'source': 'default', 'innerVerifyKey': ''} [in flow.py:179]
2023-08-25 19:16:42,814 INFO: 获取case:3URL为:https://s.xinrenxinshi.com/account-center/service/sso/ajax-password-login [in flow.py:179]
2023-08-25 19:16:42,815 INFO: 获取case:3请求方式为:Post [in flow.py:179]
2023-08-25 19:16:42,875 INFO: <-------------------开始case:3断言验证-------------------> [in flow.py:179]
2023-08-25 19:16:42,876 INFO: 断言 code情况:True  [in flow.py:179]
2023-08-25 19:16:42,878 INFO: 断言response失败:获取case:3预期结果为{"message": "服务错误", "code": "50000", "status": "False"}实际结果为{'timestamp': '2023-08-25T11:16:42.865+0000', 'status': 500, 'error': 'Internal Server Error', 'message': 'No message available', 'path': '/account-center/service/sso/ajax-password-login'} [in flow.py:179]
2023-08-25 19:16:42,879 INFO: <-------------------将case:3返回参数化的值存到redis-------------------> [in flow.py:179]
2023-08-25 19:16:42,880 INFO: 返回参数化字典:{'': ''} [in flow.py:179]
2023-08-25 19:16:42,882 INFO: <-------------------执行flow3-jj-------------------> [in flow.py:179]
2023-08-25 19:16:42,883 INFO: 获取case列表:3,2 [in flow.py:179]
2023-08-25 19:16:42,884 INFO: <-------------------执行case3-为企鹅-------------------> [in flow.py:179]
2023-08-25 19:16:42,893 INFO: case:3 从redis中获取参数verifyMode失败 [in flow.py:179]
2023-08-25 19:16:42,895 INFO: 获取case:3参数化字典为:{'verifyMode': ''} [in flow.py:179]
2023-08-25 19:16:42,897 INFO: 获取case:3请求参数为:{'verifyMode': '', 'accountName': '+86-13681574534', 'password': 'fbd0204b381bd4', 'passwordKey': 'B6mkUcLLicDEHyHN1grueMuVbMUAdLGf', 'fromUrl': 'https://s.xinrenxinshi.com/headstatistic/index', 'source': 'default', 'innerVerifyKey': ''} [in flow.py:179]
2023-08-25 19:16:42,898 INFO: 获取case:3URL为:https://s.xinrenxinshi.com/account-center/service/sso/ajax-password-login [in flow.py:179]
2023-08-25 19:16:42,900 INFO: 获取case:3请求方式为:Post [in flow.py:179]
2023-08-25 19:16:42,986 INFO: <-------------------开始case:3断言验证-------------------> [in flow.py:179]
2023-08-25 19:16:42,987 INFO: 断言 code情况:True  [in flow.py:179]
2023-08-25 19:16:42,988 INFO: 断言response失败:获取case:3预期结果为{"message": "服务错误", "code": "50000", "status": "False"}实际结果为{'message': '服务错误', 'code': '50000', 'status': False} [in flow.py:179]
2023-08-25 19:16:42,989 INFO: <-------------------将case:3返回参数化的值存到redis-------------------> [in flow.py:179]
2023-08-25 19:16:42,990 INFO: 返回参数化字典:{'': ''} [in flow.py:179]
2023-08-25 19:16:43,001 INFO: <-------------------执行case2-casemiaoshu1-------------------> [in flow.py:179]
2023-08-25 19:16:43,011 INFO: case:2 从redis中获取参数verifyMode失败 [in flow.py:179]
2023-08-25 19:16:43,012 INFO: 获取case:2参数化字典为:{'verifyMode': ''} [in flow.py:179]
2023-08-25 19:16:43,014 INFO: 获取case:2请求参数为:{'verifyMode': '', 'accountName': '+86-13681574534', 'password': 'fbd0204b381bd4', 'passwordKey': 'B6mkUcLLicDEHyHN1grueMuVbMUAdLGf', 'fromUrl': 'https://s.xinrenxinshi.com/headstatistic/index', 'source': 'default', 'innerVerifyKey': ''} [in flow.py:179]
2023-08-25 19:16:43,015 INFO: 获取case:2URL为:https://s.xinrenxinshi.com/account-center/service/sso/ajax-password-login [in flow.py:179]
2023-08-25 19:16:43,016 INFO: 获取case:2请求方式为:Post [in flow.py:179]
2023-08-25 19:16:43,095 INFO: <-------------------开始case:2断言验证-------------------> [in flow.py:179]
2023-08-25 19:16:43,096 INFO: 断言 code 失败，预期结果为201，实际为500 [in flow.py:179]
2023-08-25 19:16:43,098 INFO: 断言response失败:获取case:2预期结果为{"code":200,"data":{}}实际结果为{'timestamp': '2023-08-25T11:16:43.085+0000', 'status': 500, 'error': 'Internal Server Error', 'message': 'No message available', 'path': '/account-center/service/sso/ajax-password-login'} [in flow.py:179]
2023-08-25 19:16:43,100 INFO: <-------------------将case:2返回参数化的值存到redis-------------------> [in flow.py:179]
2023-08-25 19:16:43,102 INFO: 返回参数化字典:{'': ''} [in flow.py:179]
2023-08-25 19:16:43,104 INFO: <-------------------测试结果:操作时间2023-08-25 19:16:42 操作人admin 操作类型全部用例集 flow合计3 成功数量0 失败数量3 -------------------> [in flow.py:179]
2023-08-25 19:16:43,105 INFO: <-------------------失败情况{'1_工资_用例集1': [{'case_ID': '1', 'case_description': 'case描述', 'case_URL': 'https://s.xinrenxinshi.com/account-center/service/sso/ajax-password-login', 'case_method': 'Post', 'case_request': {'verifyMode': '', 'accountName': '+86-13681574534', 'password': 'fbd0204b381bd4', 'passwordKey': 'B6mkUcLLicDEHyHN1grueMuVbMUAdLGf', 'fromUrl': 'https://s.xinrenxinshi.com/headstatistic/index', 'source': 'default', 'innerVerifyKey': ''}, 'case_code_expect': 200, 'case_code_result': 500, 'case_response_expect': '{}', 'case_response_result': {'message': '服务错误', 'code': '50000', 'status': False}}, {'case_ID': '2', 'case_description': 'casemiaoshu1', 'case_URL': 'https://s.xinrenxinshi.com/account-center/service/sso/ajax-password-login', 'case_method': 'Post', 'case_request': {'verifyMode': '', 'accountName': '+86-13681574534', 'password': 'fbd0204b381bd4', 'passwordKey': 'B6mkUcLLicDEHyHN1grueMuVbMUAdLGf', 'fromUrl': 'https://s.xinrenxinshi.com/headstatistic/index', 'source': 'default', 'innerVerifyKey': ''}, 'case_code_expect': 201, 'case_code_result': 500, 'case_response_expect': '{"code":200,"data":{}}', 'case_response_result': {'timestamp': '2023-08-25T11:16:42.754+0000', 'status': 500, 'error': 'Internal Server Error', 'message': 'No message available', 'path': '/account-center/service/sso/ajax-password-login'}}], '2_hh_hh': [{'case_ID': '3', 'case_description': '为企鹅', 'case_URL': 'https://s.xinrenxinshi.com/account-center/service/sso/ajax-password-login', 'case_method': 'Post', 'case_request': {'verifyMode': '', 'accountName': '+86-13681574534', 'password': 'fbd0204b381bd4', 'passwordKey': 'B6mkUcLLicDEHyHN1grueMuVbMUAdLGf', 'fromUrl': 'https://s.xinrenxinshi.com/headstatistic/index', 'source': 'default', 'innerVerifyKey': ''}, 'case_code_expect': 500, 'case_code_result': 500, 'case_response_expect': '{"message": "服务错误", "code": "50000", "status": "False"}', 'case_response_result': {'timestamp': '2023-08-25T11:16:42.865+0000', 'status': 500, 'error': 'Internal Server Error', 'message': 'No message available', 'path': '/account-center/service/sso/ajax-password-login'}}], '3_jj_jj': [{'case_ID': '3', 'case_description': '为企鹅', 'case_URL': 'https://s.xinrenxinshi.com/account-center/service/sso/ajax-password-login', 'case_method': 'Post', 'case_request': {'verifyMode': '', 'accountName': '+86-13681574534', 'password': 'fbd0204b381bd4', 'passwordKey': 'B6mkUcLLicDEHyHN1grueMuVbMUAdLGf', 'fromUrl': 'https://s.xinrenxinshi.com/headstatistic/index', 'source': 'default', 'innerVerifyKey': ''}, 'case_code_expect': 500, 'case_code_result': 500, 'case_response_expect': '{"message": "服务错误", "code": "50000", "status": "False"}', 'case_response_result': {'message': '服务错误', 'code': '50000', 'status': False}}, {'case_ID': '2', 'case_description': 'casemiaoshu1', 'case_URL': 'https://s.xinrenxinshi.com/account-center/service/sso/ajax-password-login', 'case_method': 'Post', 'case_request': {'verifyMode': '', 'accountName': '+86-13681574534', 'password': 'fbd0204b381bd4', 'passwordKey': 'B6mkUcLLicDEHyHN1grueMuVbMUAdLGf', 'fromUrl': 'https://s.xinrenxinshi.com/headstatistic/index', 'source': 'default', 'innerVerifyKey': ''}, 'case_code_expect': 201, 'case_code_result': 500, 'case_response_expect': '{"code":200,"data":{}}', 'case_response_result': {'timestamp': '2023-08-25T11:16:43.085+0000', 'status': 500, 'error': 'Internal Server Error', 'message': 'No message available', 'path': '/account-center/service/sso/ajax-password-login'}}]}-------------------> [in flow.py:179]
2023-08-25 19:20:25,600 INFO: <-------------------执行全部用例集开始-------------------> [in flow.py:179]
2023-08-25 19:20:25,614 INFO: <-------------------执行flow1-用例集1-------------------> [in flow.py:179]
2023-08-25 19:20:25,616 INFO: 获取case列表:1,2 [in flow.py:179]
2023-08-25 19:20:25,629 INFO: <-------------------执行case1-case描述-------------------> [in flow.py:179]
2023-08-25 19:20:25,648 INFO: case:1 从redis中获取参数失败 [in flow.py:179]
2023-08-25 19:20:25,649 INFO: 获取case:1参数化字典为:{'': ''} [in flow.py:179]
2023-08-25 19:20:25,650 INFO: 获取case:1请求参数为:{'verifyMode': '0', 'accountName': '+86-13681574534', 'password': 'fbd0204b381bd4', 'passwordKey': 'B6mkUcLLicDEHyHN1grueMuVbMUAdLGf', 'fromUrl': 'https://s.xinrenxinshi.com/headstatistic/index', 'source': 'default', 'innerVerifyKey': ''} [in flow.py:179]
2023-08-25 19:20:25,651 INFO: 获取case:1URL为:https://s.xinrenxinshi.com/account-center/service/sso/ajax-password-login [in flow.py:179]
2023-08-25 19:20:25,652 INFO: 获取case:1请求方式为:Post [in flow.py:179]
2023-08-25 19:20:25,791 INFO: <-------------------开始case:1断言验证-------------------> [in flow.py:179]
2023-08-25 19:20:25,792 INFO: 断言 code情况:True  [in flow.py:179]
2023-08-25 19:20:25,794 INFO: 断言response失败:获取case:1预期结果为{}实际结果为{'code': 1, 'message': '登录失败', 'status': False, 'data': {'success': 1, 'userRoleType': None, 'loginType': '', 'needVerifyAgain': 0, 'verifyAgainKey': '', 'passwordKey': '', 'accountId': '', 'accountType': None, 'companyId': '', 'mobile': '', 'admin': 0, 'ssotoken': '', 'redirect': '', 'needGeeTest': 1, 'geeSuccess': 1, 'newCaptcha': True, 'challenge': '63ec4d2639207c1627fd0a261ade68bb', 'gt': '53fdd942f0794875983f5510e22d653d', 'hasEmployeeAccount': 0, 'needRealVerify': False, 'needSafeVerify': False, 'scanKey': None}, 'lanDic': None} [in flow.py:179]
2023-08-25 19:20:25,796 INFO: <-------------------将case:1返回参数化的值存到redis-------------------> [in flow.py:179]
2023-08-25 19:20:25,797 INFO: 返回参数化字典:{'': ''} [in flow.py:179]
2023-08-25 19:20:25,812 INFO: <-------------------执行case2-casemiaoshu1-------------------> [in flow.py:179]
2023-08-25 19:20:25,821 INFO: case:2 从redis中获取参数失败 [in flow.py:179]
2023-08-25 19:20:25,823 INFO: 获取case:2参数化字典为:{'': ''} [in flow.py:179]
2023-08-25 19:20:25,824 INFO: 获取case:2请求参数为:{'verifyMode': '0', 'accountName': '+86-13681574534', 'password': 'fbd0204b381bd4', 'passwordKey': 'B6mkUcLLicDEHyHN1grueMuVbMUAdLGf', 'fromUrl': 'https://s.xinrenxinshi.com/headstatistic/index', 'source': 'default', 'innerVerifyKey': ''} [in flow.py:179]
2023-08-25 19:20:25,826 INFO: 获取case:2URL为:https://s.xinrenxinshi.com/account-center/service/sso/ajax-password-login [in flow.py:179]
2023-08-25 19:20:25,828 INFO: 获取case:2请求方式为:Post [in flow.py:179]
2023-08-25 19:20:25,972 INFO: <-------------------开始case:2断言验证-------------------> [in flow.py:179]
2023-08-25 19:20:25,973 INFO: 断言 code 失败，预期结果为201，实际为200 [in flow.py:179]
2023-08-25 19:20:25,975 INFO: 断言response失败:获取case:2预期结果为{"code":200,"data":{}}实际结果为{'code': 1, 'message': '登录失败', 'status': False, 'data': {'success': 1, 'userRoleType': None, 'loginType': '', 'needVerifyAgain': 0, 'verifyAgainKey': '', 'passwordKey': '', 'accountId': '', 'accountType': None, 'companyId': '', 'mobile': '', 'admin': 0, 'ssotoken': '', 'redirect': '', 'needGeeTest': 1, 'geeSuccess': 1, 'newCaptcha': True, 'challenge': '09747f6e078fdde98f9dd2daa0c4ad6c', 'gt': '53fdd942f0794875983f5510e22d653d', 'hasEmployeeAccount': 0, 'needRealVerify': False, 'needSafeVerify': False, 'scanKey': None}, 'lanDic': None} [in flow.py:179]
2023-08-25 19:20:25,976 INFO: <-------------------将case:2返回参数化的值存到redis-------------------> [in flow.py:179]
2023-08-25 19:20:25,978 INFO: 返回参数化字典:{'': ''} [in flow.py:179]
2023-08-25 19:20:25,979 INFO: <-------------------执行flow2-hh-------------------> [in flow.py:179]
2023-08-25 19:20:25,980 INFO: 获取case列表:3 [in flow.py:179]
2023-08-25 19:20:26,004 INFO: <-------------------执行case3-为企鹅-------------------> [in flow.py:179]
2023-08-25 19:20:26,016 INFO: case:3 从redis中获取参数失败 [in flow.py:179]
2023-08-25 19:20:26,018 INFO: 获取case:3参数化字典为:{'': ''} [in flow.py:179]
2023-08-25 19:20:26,020 INFO: 获取case:3请求参数为:{'verifyMode': '0', 'accountName': '+86-13681574534', 'password': 'fbd0204b381bd4', 'passwordKey': 'B6mkUcLLicDEHyHN1grueMuVbMUAdLGf', 'fromUrl': 'https://s.xinrenxinshi.com/headstatistic/index', 'source': 'default', 'innerVerifyKey': ''} [in flow.py:179]
2023-08-25 19:20:26,021 INFO: 获取case:3URL为:https://s.xinrenxinshi.com/account-center/service/sso/ajax-password-login [in flow.py:179]
2023-08-25 19:20:26,023 INFO: 获取case:3请求方式为:Post [in flow.py:179]
2023-08-25 19:20:26,159 INFO: <-------------------开始case:3断言验证-------------------> [in flow.py:179]
2023-08-25 19:20:26,161 INFO: 断言 code 失败，预期结果为500，实际为200 [in flow.py:179]
2023-08-25 19:20:26,163 INFO: 断言response失败:获取case:3预期结果为{"message": "服务错误", "code": "50000", "status": "False"}实际结果为{'code': 1, 'message': '登录失败', 'status': False, 'data': {'success': 1, 'userRoleType': None, 'loginType': '', 'needVerifyAgain': 0, 'verifyAgainKey': '', 'passwordKey': '', 'accountId': '', 'accountType': None, 'companyId': '', 'mobile': '', 'admin': 0, 'ssotoken': '', 'redirect': '', 'needGeeTest': 1, 'geeSuccess': 1, 'newCaptcha': True, 'challenge': 'f7be65d1d03e08fdeaaf1858cd717121', 'gt': '53fdd942f0794875983f5510e22d653d', 'hasEmployeeAccount': 0, 'needRealVerify': False, 'needSafeVerify': False, 'scanKey': None}, 'lanDic': None} [in flow.py:179]
2023-08-25 19:20:26,164 INFO: <-------------------将case:3返回参数化的值存到redis-------------------> [in flow.py:179]
2023-08-25 19:20:26,166 INFO: 返回参数化字典:{'': ''} [in flow.py:179]
2023-08-25 19:20:26,167 INFO: <-------------------执行flow3-jj-------------------> [in flow.py:179]
2023-08-25 19:20:26,169 INFO: 获取case列表:3,2 [in flow.py:179]
2023-08-25 19:20:26,171 INFO: <-------------------执行case3-为企鹅-------------------> [in flow.py:179]
2023-08-25 19:20:26,182 INFO: case:3 从redis中获取参数失败 [in flow.py:179]
2023-08-25 19:20:26,183 INFO: 获取case:3参数化字典为:{'': ''} [in flow.py:179]
2023-08-25 19:20:26,185 INFO: 获取case:3请求参数为:{'verifyMode': '0', 'accountName': '+86-13681574534', 'password': 'fbd0204b381bd4', 'passwordKey': 'B6mkUcLLicDEHyHN1grueMuVbMUAdLGf', 'fromUrl': 'https://s.xinrenxinshi.com/headstatistic/index', 'source': 'default', 'innerVerifyKey': ''} [in flow.py:179]
2023-08-25 19:20:26,186 INFO: 获取case:3URL为:https://s.xinrenxinshi.com/account-center/service/sso/ajax-password-login [in flow.py:179]
2023-08-25 19:20:26,187 INFO: 获取case:3请求方式为:Post [in flow.py:179]
2023-08-25 19:20:26,316 INFO: <-------------------开始case:3断言验证-------------------> [in flow.py:179]
2023-08-25 19:20:26,317 INFO: 断言 code 失败，预期结果为500，实际为200 [in flow.py:179]
2023-08-25 19:20:26,319 INFO: 断言response失败:获取case:3预期结果为{"message": "服务错误", "code": "50000", "status": "False"}实际结果为{'code': 1, 'message': '登录失败', 'status': False, 'data': {'success': 1, 'userRoleType': None, 'loginType': '', 'needVerifyAgain': 0, 'verifyAgainKey': '', 'passwordKey': '', 'accountId': '', 'accountType': None, 'companyId': '', 'mobile': '', 'admin': 0, 'ssotoken': '', 'redirect': '', 'needGeeTest': 1, 'geeSuccess': 1, 'newCaptcha': True, 'challenge': '95d569611a57e26c89a7a25e024e67a8', 'gt': '53fdd942f0794875983f5510e22d653d', 'hasEmployeeAccount': 0, 'needRealVerify': False, 'needSafeVerify': False, 'scanKey': None}, 'lanDic': None} [in flow.py:179]
2023-08-25 19:20:26,321 INFO: <-------------------将case:3返回参数化的值存到redis-------------------> [in flow.py:179]
2023-08-25 19:20:26,322 INFO: 返回参数化字典:{'': ''} [in flow.py:179]
2023-08-25 19:20:26,338 INFO: <-------------------执行case2-casemiaoshu1-------------------> [in flow.py:179]
2023-08-25 19:20:26,350 INFO: case:2 从redis中获取参数失败 [in flow.py:179]
2023-08-25 19:20:26,352 INFO: 获取case:2参数化字典为:{'': ''} [in flow.py:179]
2023-08-25 19:20:26,354 INFO: 获取case:2请求参数为:{'verifyMode': '0', 'accountName': '+86-13681574534', 'password': 'fbd0204b381bd4', 'passwordKey': 'B6mkUcLLicDEHyHN1grueMuVbMUAdLGf', 'fromUrl': 'https://s.xinrenxinshi.com/headstatistic/index', 'source': 'default', 'innerVerifyKey': ''} [in flow.py:179]
2023-08-25 19:20:26,355 INFO: 获取case:2URL为:https://s.xinrenxinshi.com/account-center/service/sso/ajax-password-login [in flow.py:179]
2023-08-25 19:20:26,357 INFO: 获取case:2请求方式为:Post [in flow.py:179]
2023-08-25 19:20:26,507 INFO: <-------------------开始case:2断言验证-------------------> [in flow.py:179]
2023-08-25 19:20:26,509 INFO: 断言 code 失败，预期结果为201，实际为200 [in flow.py:179]
2023-08-25 19:20:26,510 INFO: 断言response失败:获取case:2预期结果为{"code":200,"data":{}}实际结果为{'code': 1, 'message': '登录失败', 'status': False, 'data': {'success': 1, 'userRoleType': None, 'loginType': '', 'needVerifyAgain': 0, 'verifyAgainKey': '', 'passwordKey': '', 'accountId': '', 'accountType': None, 'companyId': '', 'mobile': '', 'admin': 0, 'ssotoken': '', 'redirect': '', 'needGeeTest': 1, 'geeSuccess': 1, 'newCaptcha': True, 'challenge': 'c9058111eab99210f1464b0255cb3fc1', 'gt': '53fdd942f0794875983f5510e22d653d', 'hasEmployeeAccount': 0, 'needRealVerify': False, 'needSafeVerify': False, 'scanKey': None}, 'lanDic': None} [in flow.py:179]
2023-08-25 19:20:26,513 INFO: <-------------------将case:2返回参数化的值存到redis-------------------> [in flow.py:179]
2023-08-25 19:20:26,514 INFO: 返回参数化字典:{'': ''} [in flow.py:179]
2023-08-25 19:20:26,515 INFO: <-------------------测试结果:操作时间2023-08-25 19:20:25 操作人admin 操作类型全部用例集 flow合计3 成功数量0 失败数量3 -------------------> [in flow.py:179]
2023-08-25 19:20:26,516 INFO: <-------------------失败情况{'1_工资_用例集1': [{'case_ID': '1', 'case_description': 'case描述', 'case_URL': 'https://s.xinrenxinshi.com/account-center/service/sso/ajax-password-login', 'case_method': 'Post', 'case_request': {'verifyMode': '0', 'accountName': '+86-13681574534', 'password': 'fbd0204b381bd4', 'passwordKey': 'B6mkUcLLicDEHyHN1grueMuVbMUAdLGf', 'fromUrl': 'https://s.xinrenxinshi.com/headstatistic/index', 'source': 'default', 'innerVerifyKey': ''}, 'case_code_expect': 200, 'case_code_result': 200, 'case_response_expect': '{}', 'case_response_result': {'code': 1, 'message': '登录失败', 'status': False, 'data': {'success': 1, 'userRoleType': None, 'loginType': '', 'needVerifyAgain': 0, 'verifyAgainKey': '', 'passwordKey': '', 'accountId': '', 'accountType': None, 'companyId': '', 'mobile': '', 'admin': 0, 'ssotoken': '', 'redirect': '', 'needGeeTest': 1, 'geeSuccess': 1, 'newCaptcha': True, 'challenge': '63ec4d2639207c1627fd0a261ade68bb', 'gt': '53fdd942f0794875983f5510e22d653d', 'hasEmployeeAccount': 0, 'needRealVerify': False, 'needSafeVerify': False, 'scanKey': None}, 'lanDic': None}}, {'case_ID': '2', 'case_description': 'casemiaoshu1', 'case_URL': 'https://s.xinrenxinshi.com/account-center/service/sso/ajax-password-login', 'case_method': 'Post', 'case_request': {'verifyMode': '0', 'accountName': '+86-13681574534', 'password': 'fbd0204b381bd4', 'passwordKey': 'B6mkUcLLicDEHyHN1grueMuVbMUAdLGf', 'fromUrl': 'https://s.xinrenxinshi.com/headstatistic/index', 'source': 'default', 'innerVerifyKey': ''}, 'case_code_expect': 201, 'case_code_result': 200, 'case_response_expect': '{"code":200,"data":{}}', 'case_response_result': {'code': 1, 'message': '登录失败', 'status': False, 'data': {'success': 1, 'userRoleType': None, 'loginType': '', 'needVerifyAgain': 0, 'verifyAgainKey': '', 'passwordKey': '', 'accountId': '', 'accountType': None, 'companyId': '', 'mobile': '', 'admin': 0, 'ssotoken': '', 'redirect': '', 'needGeeTest': 1, 'geeSuccess': 1, 'newCaptcha': True, 'challenge': '09747f6e078fdde98f9dd2daa0c4ad6c', 'gt': '53fdd942f0794875983f5510e22d653d', 'hasEmployeeAccount': 0, 'needRealVerify': False, 'needSafeVerify': False, 'scanKey': None}, 'lanDic': None}}], '2_hh_hh': [{'case_ID': '3', 'case_description': '为企鹅', 'case_URL': 'https://s.xinrenxinshi.com/account-center/service/sso/ajax-password-login', 'case_method': 'Post', 'case_request': {'verifyMode': '0', 'accountName': '+86-13681574534', 'password': 'fbd0204b381bd4', 'passwordKey': 'B6mkUcLLicDEHyHN1grueMuVbMUAdLGf', 'fromUrl': 'https://s.xinrenxinshi.com/headstatistic/index', 'source': 'default', 'innerVerifyKey': ''}, 'case_code_expect': 500, 'case_code_result': 200, 'case_response_expect': '{"message": "服务错误", "code": "50000", "status": "False"}', 'case_response_result': {'code': 1, 'message': '登录失败', 'status': False, 'data': {'success': 1, 'userRoleType': None, 'loginType': '', 'needVerifyAgain': 0, 'verifyAgainKey': '', 'passwordKey': '', 'accountId': '', 'accountType': None, 'companyId': '', 'mobile': '', 'admin': 0, 'ssotoken': '', 'redirect': '', 'needGeeTest': 1, 'geeSuccess': 1, 'newCaptcha': True, 'challenge': 'f7be65d1d03e08fdeaaf1858cd717121', 'gt': '53fdd942f0794875983f5510e22d653d', 'hasEmployeeAccount': 0, 'needRealVerify': False, 'needSafeVerify': False, 'scanKey': None}, 'lanDic': None}}], '3_jj_jj': [{'case_ID': '3', 'case_description': '为企鹅', 'case_URL': 'https://s.xinrenxinshi.com/account-center/service/sso/ajax-password-login', 'case_method': 'Post', 'case_request': {'verifyMode': '0', 'accountName': '+86-13681574534', 'password': 'fbd0204b381bd4', 'passwordKey': 'B6mkUcLLicDEHyHN1grueMuVbMUAdLGf', 'fromUrl': 'https://s.xinrenxinshi.com/headstatistic/index', 'source': 'default', 'innerVerifyKey': ''}, 'case_code_expect': 500, 'case_code_result': 200, 'case_response_expect': '{"message": "服务错误", "code": "50000", "status": "False"}', 'case_response_result': {'code': 1, 'message': '登录失败', 'status': False, 'data': {'success': 1, 'userRoleType': None, 'loginType': '', 'needVerifyAgain': 0, 'verifyAgainKey': '', 'passwordKey': '', 'accountId': '', 'accountType': None, 'companyId': '', 'mobile': '', 'admin': 0, 'ssotoken': '', 'redirect': '', 'needGeeTest': 1, 'geeSuccess': 1, 'newCaptcha': True, 'challenge': '95d569611a57e26c89a7a25e024e67a8', 'gt': '53fdd942f0794875983f5510e22d653d', 'hasEmployeeAccount': 0, 'needRealVerify': False, 'needSafeVerify': False, 'scanKey': None}, 'lanDic': None}}, {'case_ID': '2', 'case_description': 'casemiaoshu1', 'case_URL': 'https://s.xinrenxinshi.com/account-center/service/sso/ajax-password-login', 'case_method': 'Post', 'case_request': {'verifyMode': '0', 'accountName': '+86-13681574534', 'password': 'fbd0204b381bd4', 'passwordKey': 'B6mkUcLLicDEHyHN1grueMuVbMUAdLGf', 'fromUrl': 'https://s.xinrenxinshi.com/headstatistic/index', 'source': 'default', 'innerVerifyKey': ''}, 'case_code_expect': 201, 'case_code_result': 200, 'case_response_expect': '{"code":200,"data":{}}', 'case_response_result': {'code': 1, 'message': '登录失败', 'status': False, 'data': {'success': 1, 'userRoleType': None, 'loginType': '', 'needVerifyAgain': 0, 'verifyAgainKey': '', 'passwordKey': '', 'accountId': '', 'accountType': None, 'companyId': '', 'mobile': '', 'admin': 0, 'ssotoken': '', 'redirect': '', 'needGeeTest': 1, 'geeSuccess': 1, 'newCaptcha': True, 'challenge': 'c9058111eab99210f1464b0255cb3fc1', 'gt': '53fdd942f0794875983f5510e22d653d', 'hasEmployeeAccount': 0, 'needRealVerify': False, 'needSafeVerify': False, 'scanKey': None}, 'lanDic': None}}]}-------------------> [in flow.py:179]
