2023-08-20 20:02:19,409 INFO: <-------------------执行全部用例集开始-------------------> [in flow.py:177]
2023-08-20 20:02:19,410 INFO: <-------------------执行flow1-用例集1-------------------> [in flow.py:177]
2023-08-20 20:02:19,411 INFO: 获取case列表:1 [in flow.py:177]
2023-08-20 20:02:19,430 INFO: <-------------------执行case1-case描述-------------------> [in flow.py:177]
2023-08-20 20:02:19,472 INFO: case:1 从redis中获取参数verifyMode失败 [in flow.py:177]
2023-08-20 20:02:19,473 INFO: 获取case:1参数化字典为:{'verifyMode': ''} [in flow.py:177]
2023-08-20 20:02:19,474 INFO: 获取case:1请求参数为:{'verifyMode': '', 'accountName': '+86-13681574534', 'password': 'fbd0204b381bd4', 'passwordKey': 'B6mkUcLLicDEHyHN1grueMuVbMUAdLGf', 'fromUrl': 'https://s.xinrenxinshi.com/headstatistic/index', 'source': 'default', 'innerVerifyKey': ''} [in flow.py:177]
2023-08-20 20:02:19,475 INFO: 获取case:1URL为:https://s.xinrenxinshi.com/account-center/service/sso/ajax-password-login [in flow.py:177]
2023-08-20 20:02:19,476 INFO: 获取case:1请求方式为:Post [in flow.py:177]
2023-08-20 20:02:19,634 INFO: <-------------------开始case:1断言验证-------------------> [in flow.py:177]
2023-08-20 20:02:19,635 INFO: 断言 code 失败，预期结果为200，实际为500 [in flow.py:177]
2023-08-20 20:02:19,635 INFO: 断言response失败:获取case:1预期结果为{}实际结果为{'message': '服务错误', 'code': '50000', 'status': False} [in flow.py:177]
2023-08-20 20:02:19,636 INFO: <-------------------将case:1返回参数化的值存到redis-------------------> [in flow.py:177]
2023-08-20 20:02:19,637 INFO: 返回参数化字典:{'': ''} [in flow.py:177]
2025-04-06 10:39:42,281 INFO: <-------------------执行全部用例集开始-------------------> [in flow.py:196]
2025-04-06 10:39:42,282 INFO: <-------------------执行flow29-用例1-------------------> [in flow.py:196]
2025-04-06 10:39:42,282 INFO: 获取case列表:10,10,11,5 [in flow.py:196]
2025-04-06 10:39:42,286 INFO: <-------------------执行case10-2-------------------> [in flow.py:196]
2025-04-06 10:39:42,290 INFO: 获取case:10URL为:vhgf [in flow.py:196]
2025-04-06 10:39:42,290 INFO: 获取case:10请求方式为:GET [in flow.py:196]
