2023-08-25 19:14:10,481 INFO: <-------------------执行全部用例集开始-------------------> [in flow.py:179]
2023-08-25 19:14:10,490 INFO: <-------------------执行flow1-用例集1-------------------> [in flow.py:179]
2023-08-25 19:14:10,492 INFO: 获取case列表:1,2 [in flow.py:179]
2023-08-25 19:14:10,512 INFO: <-------------------执行case1-case描述-------------------> [in flow.py:179]
2023-08-25 19:14:10,530 INFO: case:1 从redis中获取参数verifyMode失败 [in flow.py:179]
2023-08-25 19:14:10,532 INFO: 获取case:1参数化字典为:{'verifyMode': ''} [in flow.py:179]
2023-08-25 19:14:10,534 INFO: 获取case:1请求参数为:{'verifyMode': '', 'accountName': '+86-13681574534', 'password': 'fbd0204b381bd4', 'passwordKey': 'B6mkUcLLicDEHyHN1grueMuVbMUAdLGf', 'fromUrl': 'https://s.xinrenxinshi.com/headstatistic/index', 'source': 'default', 'innerVerifyKey': ''} [in flow.py:179]
2023-08-25 19:14:10,535 INFO: 获取case:1URL为:https://s.xinrenxinshi.com/account-center/service/sso/ajax-password-login [in flow.py:179]
2023-08-25 19:14:10,536 INFO: 获取case:1请求方式为:Post [in flow.py:179]
2023-08-25 19:14:10,607 INFO: <-------------------开始case:1断言验证-------------------> [in flow.py:179]
2023-08-25 19:14:10,609 INFO: 断言 code 失败，预期结果为200，实际为500 [in flow.py:179]
2023-08-25 19:14:10,610 INFO: 断言response失败:获取case:1预期结果为{}实际结果为{'message': '服务错误', 'code': '50000', 'status': False} [in flow.py:179]
2023-08-25 19:14:10,611 INFO: <-------------------将case:1返回参数化的值存到redis-------------------> [in flow.py:179]
2023-08-25 19:14:10,613 INFO: 返回参数化字典:{'': ''} [in flow.py:179]
2023-08-25 19:14:10,628 INFO: <-------------------执行case2-casemiaoshu1-------------------> [in flow.py:179]
2023-08-25 19:14:10,638 INFO: case:2 从redis中获取参数verifyMode失败 [in flow.py:179]
2023-08-25 19:14:10,639 INFO: 获取case:2参数化字典为:{'verifyMode': ''} [in flow.py:179]
2023-08-25 19:14:10,641 INFO: 获取case:2请求参数为:{'verifyMode': '', 'accountName': '+86-13681574534', 'password': 'fbd0204b381bd4', 'passwordKey': 'B6mkUcLLicDEHyHN1grueMuVbMUAdLGf', 'fromUrl': 'https://s.xinrenxinshi.com/headstatistic/index', 'source': 'default', 'innerVerifyKey': ''} [in flow.py:179]
2023-08-25 19:14:10,642 INFO: 获取case:2URL为:https://s.xinrenxinshi.com/account-center/service/sso/ajax-password-login [in flow.py:179]
2023-08-25 19:14:10,644 INFO: 获取case:2请求方式为:Post [in flow.py:179]
2023-08-25 19:14:10,724 INFO: <-------------------开始case:2断言验证-------------------> [in flow.py:179]
2023-08-25 19:14:10,726 INFO: 断言 code 失败，预期结果为201，实际为500 [in flow.py:179]
2023-08-25 19:14:10,727 INFO: 断言response失败:获取case:2预期结果为{"code":200,"data":{}}实际结果为{'timestamp': '2023-08-25T11:14:10.712+0000', 'status': 500, 'error': 'Internal Server Error', 'message': 'No message available', 'path': '/account-center/service/sso/ajax-password-login'} [in flow.py:179]
2023-08-25 19:14:10,728 INFO: <-------------------将case:2返回参数化的值存到redis-------------------> [in flow.py:179]
2023-08-25 19:14:10,730 INFO: 返回参数化字典:{'': ''} [in flow.py:179]
2023-08-25 19:14:10,730 INFO: <-------------------执行flow2-hh-------------------> [in flow.py:179]
2023-08-25 19:14:10,731 INFO: 获取case列表:3 [in flow.py:179]
2023-08-25 19:14:10,745 INFO: <-------------------执行case3-为企鹅-------------------> [in flow.py:179]
2023-08-25 19:14:10,756 INFO: case:3 从redis中获取参数verifyMode失败 [in flow.py:179]
2023-08-25 19:14:10,757 INFO: 获取case:3参数化字典为:{'verifyMode': ''} [in flow.py:179]
2023-08-25 19:14:10,759 INFO: 获取case:3请求参数为:{'verifyMode': '', 'accountName': '+86-13681574534', 'password': 'fbd0204b381bd4', 'passwordKey': 'B6mkUcLLicDEHyHN1grueMuVbMUAdLGf', 'fromUrl': 'https://s.xinrenxinshi.com/headstatistic/index', 'source': 'default', 'innerVerifyKey': ''} [in flow.py:179]
2023-08-25 19:14:10,761 INFO: 获取case:3URL为:https://s.xinrenxinshi.com/account-center/service/sso/ajax-password-login [in flow.py:179]
2023-08-25 19:14:10,762 INFO: 获取case:3请求方式为:Post [in flow.py:179]
2023-08-25 19:14:10,834 INFO: <-------------------开始case:3断言验证-------------------> [in flow.py:179]
2023-08-25 19:14:10,835 INFO: 断言 code情况:True  [in flow.py:179]
2023-08-25 19:14:10,836 INFO: 断言response失败:获取case:3预期结果为{"message": "服务错误", "code": "50000", "status": "False"}实际结果为{'timestamp': '2023-08-25T11:14:10.822+0000', 'status': 500, 'error': 'Internal Server Error', 'message': 'No message available', 'path': '/account-center/service/sso/ajax-password-login'} [in flow.py:179]
2023-08-25 19:14:10,837 INFO: <-------------------将case:3返回参数化的值存到redis-------------------> [in flow.py:179]
2023-08-25 19:14:10,839 INFO: 返回参数化字典:{'': ''} [in flow.py:179]
2023-08-25 19:14:10,840 INFO: <-------------------执行flow3-jj-------------------> [in flow.py:179]
2023-08-25 19:14:10,841 INFO: 获取case列表:3,2 [in flow.py:179]
2023-08-25 19:14:10,843 INFO: <-------------------执行case3-为企鹅-------------------> [in flow.py:179]
2023-08-25 19:14:10,852 INFO: case:3 从redis中获取参数verifyMode失败 [in flow.py:179]
2023-08-25 19:14:10,854 INFO: 获取case:3参数化字典为:{'verifyMode': ''} [in flow.py:179]
2023-08-25 19:14:10,856 INFO: 获取case:3请求参数为:{'verifyMode': '', 'accountName': '+86-13681574534', 'password': 'fbd0204b381bd4', 'passwordKey': 'B6mkUcLLicDEHyHN1grueMuVbMUAdLGf', 'fromUrl': 'https://s.xinrenxinshi.com/headstatistic/index', 'source': 'default', 'innerVerifyKey': ''} [in flow.py:179]
2023-08-25 19:14:10,858 INFO: 获取case:3URL为:https://s.xinrenxinshi.com/account-center/service/sso/ajax-password-login [in flow.py:179]
2023-08-25 19:14:10,859 INFO: 获取case:3请求方式为:Post [in flow.py:179]
2023-08-25 19:14:10,941 INFO: <-------------------开始case:3断言验证-------------------> [in flow.py:179]
2023-08-25 19:14:10,942 INFO: 断言 code情况:True  [in flow.py:179]
2023-08-25 19:14:10,943 INFO: 断言response失败:获取case:3预期结果为{"message": "服务错误", "code": "50000", "status": "False"}实际结果为{'message': '服务错误', 'code': '50000', 'status': False} [in flow.py:179]
2023-08-25 19:14:10,944 INFO: <-------------------将case:3返回参数化的值存到redis-------------------> [in flow.py:179]
2023-08-25 19:14:10,945 INFO: 返回参数化字典:{'': ''} [in flow.py:179]
2023-08-25 19:14:10,959 INFO: <-------------------执行case2-casemiaoshu1-------------------> [in flow.py:179]
2023-08-25 19:14:10,969 INFO: case:2 从redis中获取参数verifyMode失败 [in flow.py:179]
2023-08-25 19:14:10,971 INFO: 获取case:2参数化字典为:{'verifyMode': ''} [in flow.py:179]
2023-08-25 19:14:10,972 INFO: 获取case:2请求参数为:{'verifyMode': '', 'accountName': '+86-13681574534', 'password': 'fbd0204b381bd4', 'passwordKey': 'B6mkUcLLicDEHyHN1grueMuVbMUAdLGf', 'fromUrl': 'https://s.xinrenxinshi.com/headstatistic/index', 'source': 'default', 'innerVerifyKey': ''} [in flow.py:179]
2023-08-25 19:14:10,974 INFO: 获取case:2URL为:https://s.xinrenxinshi.com/account-center/service/sso/ajax-password-login [in flow.py:179]
2023-08-25 19:14:10,975 INFO: 获取case:2请求方式为:Post [in flow.py:179]
2023-08-25 19:14:11,049 INFO: <-------------------开始case:2断言验证-------------------> [in flow.py:179]
2023-08-25 19:14:11,050 INFO: 断言 code 失败，预期结果为201，实际为500 [in flow.py:179]
2023-08-25 19:14:11,052 INFO: 断言response失败:获取case:2预期结果为{"code":200,"data":{}}实际结果为{'message': '服务错误', 'code': '50000', 'status': False} [in flow.py:179]
2023-08-25 19:14:11,053 INFO: <-------------------将case:2返回参数化的值存到redis-------------------> [in flow.py:179]
2023-08-25 19:14:11,054 INFO: 返回参数化字典:{'': ''} [in flow.py:179]
2023-08-25 19:14:11,055 INFO: <-------------------测试结果:操作时间2023-08-25 19:14:10 操作人admin 操作类型全部用例集 flow合计3 成功数量0 失败数量3 -------------------> [in flow.py:179]
2023-08-25 19:14:11,056 INFO: <-------------------失败情况{'1_工资_用例集1': [{'case_ID': '1', 'case_description': 'case描述', 'case_URL': 'https://s.xinrenxinshi.com/account-center/service/sso/ajax-password-login', 'case_method': 'Post', 'case_request': {'verifyMode': '', 'accountName': '+86-13681574534', 'password': 'fbd0204b381bd4', 'passwordKey': 'B6mkUcLLicDEHyHN1grueMuVbMUAdLGf', 'fromUrl': 'https://s.xinrenxinshi.com/headstatistic/index', 'source': 'default', 'innerVerifyKey': ''}, 'case_code_expect': 200, 'case_code_result': 500, 'case_response_expect': '{}', 'case_response_result': {'message': '服务错误', 'code': '50000', 'status': False}}, {'case_ID': '2', 'case_description': 'casemiaoshu1', 'case_URL': 'https://s.xinrenxinshi.com/account-center/service/sso/ajax-password-login', 'case_method': 'Post', 'case_request': {'verifyMode': '', 'accountName': '+86-13681574534', 'password': 'fbd0204b381bd4', 'passwordKey': 'B6mkUcLLicDEHyHN1grueMuVbMUAdLGf', 'fromUrl': 'https://s.xinrenxinshi.com/headstatistic/index', 'source': 'default', 'innerVerifyKey': ''}, 'case_code_expect': 201, 'case_code_result': 500, 'case_response_expect': '{"code":200,"data":{}}', 'case_response_result': {'timestamp': '2023-08-25T11:14:10.712+0000', 'status': 500, 'error': 'Internal Server Error', 'message': 'No message available', 'path': '/account-center/service/sso/ajax-password-login'}}], '2_hh_hh': [{'case_ID': '3', 'case_description': '为企鹅', 'case_URL': 'https://s.xinrenxinshi.com/account-center/service/sso/ajax-password-login', 'case_method': 'Post', 'case_request': {'verifyMode': '', 'accountName': '+86-13681574534', 'password': 'fbd0204b381bd4', 'passwordKey': 'B6mkUcLLicDEHyHN1grueMuVbMUAdLGf', 'fromUrl': 'https://s.xinrenxinshi.com/headstatistic/index', 'source': 'default', 'innerVerifyKey': ''}, 'case_code_expect': 500, 'case_code_result': 500, 'case_response_expect': '{"message": "服务错误", "code": "50000", "status": "False"}', 'case_response_result': {'timestamp': '2023-08-25T11:14:10.822+0000', 'status': 500, 'error': 'Internal Server Error', 'message': 'No message available', 'path': '/account-center/service/sso/ajax-password-login'}}], '3_jj_jj': [{'case_ID': '3', 'case_description': '为企鹅', 'case_URL': 'https://s.xinrenxinshi.com/account-center/service/sso/ajax-password-login', 'case_method': 'Post', 'case_request': {'verifyMode': '', 'accountName': '+86-13681574534', 'password': 'fbd0204b381bd4', 'passwordKey': 'B6mkUcLLicDEHyHN1grueMuVbMUAdLGf', 'fromUrl': 'https://s.xinrenxinshi.com/headstatistic/index', 'source': 'default', 'innerVerifyKey': ''}, 'case_code_expect': 500, 'case_code_result': 500, 'case_response_expect': '{"message": "服务错误", "code": "50000", "status": "False"}', 'case_response_result': {'message': '服务错误', 'code': '50000', 'status': False}}, {'case_ID': '2', 'case_description': 'casemiaoshu1', 'case_URL': 'https://s.xinrenxinshi.com/account-center/service/sso/ajax-password-login', 'case_method': 'Post', 'case_request': {'verifyMode': '', 'accountName': '+86-13681574534', 'password': 'fbd0204b381bd4', 'passwordKey': 'B6mkUcLLicDEHyHN1grueMuVbMUAdLGf', 'fromUrl': 'https://s.xinrenxinshi.com/headstatistic/index', 'source': 'default', 'innerVerifyKey': ''}, 'case_code_expect': 201, 'case_code_result': 500, 'case_response_expect': '{"code":200,"data":{}}', 'case_response_result': {'message': '服务错误', 'code': '50000', 'status': False}}]}-------------------> [in flow.py:179]
2023-08-25 19:16:42,531 INFO: <-------------------执行全部用例集开始-------------------> [in flow.py:179]
2023-08-25 19:16:42,544 INFO: <-------------------执行flow1-用例集1-------------------> [in flow.py:179]
2023-08-25 19:16:42,546 INFO: 获取case列表:1,2 [in flow.py:179]
2023-08-25 19:16:42,561 INFO: <-------------------执行case1-case描述-------------------> [in flow.py:179]
2023-08-25 19:16:42,579 INFO: case:1 从redis中获取参数verifyMode失败 [in flow.py:179]
2023-08-25 19:16:42,581 INFO: 获取case:1参数化字典为:{'verifyMode': ''} [in flow.py:179]
2023-08-25 19:16:42,583 INFO: 获取case:1请求参数为:{'verifyMode': '', 'accountName': '+86-13681574534', 'password': 'fbd0204b381bd4', 'passwordKey': 'B6mkUcLLicDEHyHN1grueMuVbMUAdLGf', 'fromUrl': 'https://s.xinrenxinshi.com/headstatistic/index', 'source': 'default', 'innerVerifyKey': ''} [in flow.py:179]
2023-08-25 19:16:42,584 INFO: 获取case:1URL为:https://s.xinrenxinshi.com/account-center/service/sso/ajax-password-login [in flow.py:179]
2023-08-25 19:16:42,586 INFO: 获取case:1请求方式为:Post [in flow.py:179]
2023-08-25 19:16:42,660 INFO: <-------------------开始case:1断言验证-------------------> [in flow.py:179]
2023-08-25 19:16:42,662 INFO: 断言 code 失败，预期结果为200，实际为500 [in flow.py:179]
2023-08-25 19:16:42,664 INFO: 断言response失败:获取case:1预期结果为{}实际结果为{'message': '服务错误', 'code': '50000', 'status': False} [in flow.py:179]
2023-08-25 19:16:42,665 INFO: <-------------------将case:1返回参数化的值存到redis-------------------> [in flow.py:179]
2023-08-25 19:16:42,666 INFO: 返回参数化字典:{'': ''} [in flow.py:179]
2023-08-25 19:16:42,678 INFO: <-------------------执行case2-casemiaoshu1-------------------> [in flow.py:179]
2023-08-25 19:16:42,687 INFO: case:2 从redis中获取参数verifyMode失败 [in flow.py:179]
2023-08-25 19:16:42,688 INFO: 获取case:2参数化字典为:{'verifyMode': ''} [in flow.py:179]
2023-08-25 19:16:42,690 INFO: 获取case:2请求参数为:{'verifyMode': '', 'accountName': '+86-13681574534', 'password': 'fbd0204b381bd4', 'passwordKey': 'B6mkUcLLicDEHyHN1grueMuVbMUAdLGf', 'fromUrl': 'https://s.xinrenxinshi.com/headstatistic/index', 'source': 'default', 'innerVerifyKey': ''} [in flow.py:179]
2023-08-25 19:16:42,691 INFO: 获取case:2URL为:https://s.xinrenxinshi.com/account-center/service/sso/ajax-password-login [in flow.py:179]
2023-08-25 19:16:42,692 INFO: 获取case:2请求方式为:Post [in flow.py:179]
2023-08-25 19:16:42,765 INFO: <-------------------开始case:2断言验证-------------------> [in flow.py:179]
2023-08-25 19:16:42,767 INFO: 断言 code 失败，预期结果为201，实际为500 [in flow.py:179]
2023-08-25 19:16:42,768 INFO: 断言response失败:获取case:2预期结果为{"code":200,"data":{}}实际结果为{'timestamp': '2023-08-25T11:16:42.754+0000', 'status': 500, 'error': 'Internal Server Error', 'message': 'No message available', 'path': '/account-center/service/sso/ajax-password-login'} [in flow.py:179]
2023-08-25 19:16:42,769 INFO: <-------------------将case:2返回参数化的值存到redis-------------------> [in flow.py:179]
2023-08-25 19:16:42,770 INFO: 返回参数化字典:{'': ''} [in flow.py:179]
2023-08-25 19:16:42,771 INFO: <-------------------执行flow2-hh-------------------> [in flow.py:179]
2023-08-25 19:16:42,773 INFO: 获取case列表:3 [in flow.py:179]
2023-08-25 19:16:42,801 INFO: <-------------------执行case3-为企鹅-------------------> [in flow.py:179]
2023-08-25 19:16:42,810 INFO: case:3 从redis中获取参数verifyMode失败 [in flow.py:179]
2023-08-25 19:16:42,811 INFO: 获取case:3参数化字典为:{'verifyMode': ''} [in flow.py:179]
2023-08-25 19:16:42,812 INFO: 获取case:3请求参数为:{'verifyMode': '', 'accountName': '+86-13681574534', 'password': 'fbd0204b381bd4', 'passwordKey': 'B6mkUcLLicDEHyHN1grueMuVbMUAdLGf', 'fromUrl': 'https://s.xinrenxinshi.com/headstatistic/index', 'source': 'default', 'innerVerifyKey': ''} [in flow.py:179]
2023-08-25 19:16:42,814 INFO: 获取case:3URL为:https://s.xinrenxinshi.com/account-center/service/sso/ajax-password-login [in flow.py:179]
2023-08-25 19:16:42,815 INFO: 获取case:3请求方式为:Post [in flow.py:179]
2023-08-25 19:16:42,875 INFO: <-------------------开始case:3断言验证-------------------> [in flow.py:179]
2023-08-25 19:16:42,876 INFO: 断言 code情况:True  [in flow.py:179]
2023-08-25 19:16:42,878 INFO: 断言response失败:获取case:3预期结果为{"message": "服务错误", "code": "50000", "status": "False"}实际结果为{'timestamp': '2023-08-25T11:16:42.865+0000', 'status': 500, 'error': 'Internal Server Error', 'message': 'No message available', 'path': '/account-center/service/sso/ajax-password-login'} [in flow.py:179]
2023-08-25 19:16:42,879 INFO: <-------------------将case:3返回参数化的值存到redis-------------------> [in flow.py:179]
2023-08-25 19:16:42,880 INFO: 返回参数化字典:{'': ''} [in flow.py:179]
2023-08-25 19:16:42,882 INFO: <-------------------执行flow3-jj-------------------> [in flow.py:179]
2023-08-25 19:16:42,883 INFO: 获取case列表:3,2 [in flow.py:179]
2023-08-25 19:16:42,884 INFO: <-------------------执行case3-为企鹅-------------------> [in flow.py:179]
2023-08-25 19:16:42,893 INFO: case:3 从redis中获取参数verifyMode失败 [in flow.py:179]
2023-08-25 19:16:42,895 INFO: 获取case:3参数化字典为:{'verifyMode': ''} [in flow.py:179]
2023-08-25 19:16:42,897 INFO: 获取case:3请求参数为:{'verifyMode': '', 'accountName': '+86-13681574534', 'password': 'fbd0204b381bd4', 'passwordKey': 'B6mkUcLLicDEHyHN1grueMuVbMUAdLGf', 'fromUrl': 'https://s.xinrenxinshi.com/headstatistic/index', 'source': 'default', 'innerVerifyKey': ''} [in flow.py:179]
2023-08-25 19:16:42,898 INFO: 获取case:3URL为:https://s.xinrenxinshi.com/account-center/service/sso/ajax-password-login [in flow.py:179]
2023-08-25 19:16:42,900 INFO: 获取case:3请求方式为:Post [in flow.py:179]
2023-08-25 19:16:42,986 INFO: <-------------------开始case:3断言验证-------------------> [in flow.py:179]
2023-08-25 19:16:42,987 INFO: 断言 code情况:True  [in flow.py:179]
2023-08-25 19:16:42,988 INFO: 断言response失败:获取case:3预期结果为{"message": "服务错误", "code": "50000", "status": "False"}实际结果为{'message': '服务错误', 'code': '50000', 'status': False} [in flow.py:179]
2023-08-25 19:16:42,989 INFO: <-------------------将case:3返回参数化的值存到redis-------------------> [in flow.py:179]
2023-08-25 19:16:42,990 INFO: 返回参数化字典:{'': ''} [in flow.py:179]
2023-08-25 19:16:43,001 INFO: <-------------------执行case2-casemiaoshu1-------------------> [in flow.py:179]
2023-08-25 19:16:43,011 INFO: case:2 从redis中获取参数verifyMode失败 [in flow.py:179]
2023-08-25 19:16:43,012 INFO: 获取case:2参数化字典为:{'verifyMode': ''} [in flow.py:179]
2023-08-25 19:16:43,014 INFO: 获取case:2请求参数为:{'verifyMode': '', 'accountName': '+86-13681574534', 'password': 'fbd0204b381bd4', 'passwordKey': 'B6mkUcLLicDEHyHN1grueMuVbMUAdLGf', 'fromUrl': 'https://s.xinrenxinshi.com/headstatistic/index', 'source': 'default', 'innerVerifyKey': ''} [in flow.py:179]
2023-08-25 19:16:43,015 INFO: 获取case:2URL为:https://s.xinrenxinshi.com/account-center/service/sso/ajax-password-login [in flow.py:179]
2023-08-25 19:16:43,016 INFO: 获取case:2请求方式为:Post [in flow.py:179]
2023-08-25 19:16:43,095 INFO: <-------------------开始case:2断言验证-------------------> [in flow.py:179]
2023-08-25 19:16:43,096 INFO: 断言 code 失败，预期结果为201，实际为500 [in flow.py:179]
2023-08-25 19:16:43,098 INFO: 断言response失败:获取case:2预期结果为{"code":200,"data":{}}实际结果为{'timestamp': '2023-08-25T11:16:43.085+0000', 'status': 500, 'error': 'Internal Server Error', 'message': 'No message available', 'path': '/account-center/service/sso/ajax-password-login'} [in flow.py:179]
2023-08-25 19:16:43,100 INFO: <-------------------将case:2返回参数化的值存到redis-------------------> [in flow.py:179]
2023-08-25 19:16:43,102 INFO: 返回参数化字典:{'': ''} [in flow.py:179]
2023-08-25 19:16:43,104 INFO: <-------------------测试结果:操作时间2023-08-25 19:16:42 操作人admin 操作类型全部用例集 flow合计3 成功数量0 失败数量3 -------------------> [in flow.py:179]
2023-08-25 19:16:43,105 INFO: <-------------------失败情况{'1_工资_用例集1': [{'case_ID': '1', 'case_description': 'case描述', 'case_URL': 'https://s.xinrenxinshi.com/account-center/service/sso/ajax-password-login', 'case_method': 'Post', 'case_request': {'verifyMode': '', 'accountName': '+86-13681574534', 'password': 'fbd0204b381bd4', 'passwordKey': 'B6mkUcLLicDEHyHN1grueMuVbMUAdLGf', 'fromUrl': 'https://s.xinrenxinshi.com/headstatistic/index', 'source': 'default', 'innerVerifyKey': ''}, 'case_code_expect': 200, 'case_code_result': 500, 'case_response_expect': '{}', 'case_response_result': {'message': '服务错误', 'code': '50000', 'status': False}}, {'case_ID': '2', 'case_description': 'casemiaoshu1', 'case_URL': 'https://s.xinrenxinshi.com/account-center/service/sso/ajax-password-login', 'case_method': 'Post', 'case_request': {'verifyMode': '', 'accountName': '+86-13681574534', 'password': 'fbd0204b381bd4', 'passwordKey': 'B6mkUcLLicDEHyHN1grueMuVbMUAdLGf', 'fromUrl': 'https://s.xinrenxinshi.com/headstatistic/index', 'source': 'default', 'innerVerifyKey': ''}, 'case_code_expect': 201, 'case_code_result': 500, 'case_response_expect': '{"code":200,"data":{}}', 'case_response_result': {'timestamp': '2023-08-25T11:16:42.754+0000', 'status': 500, 'error': 'Internal Server Error', 'message': 'No message available', 'path': '/account-center/service/sso/ajax-password-login'}}], '2_hh_hh': [{'case_ID': '3', 'case_description': '为企鹅', 'case_URL': 'https://s.xinrenxinshi.com/account-center/service/sso/ajax-password-login', 'case_method': 'Post', 'case_request': {'verifyMode': '', 'accountName': '+86-13681574534', 'password': 'fbd0204b381bd4', 'passwordKey': 'B6mkUcLLicDEHyHN1grueMuVbMUAdLGf', 'fromUrl': 'https://s.xinrenxinshi.com/headstatistic/index', 'source': 'default', 'innerVerifyKey': ''}, 'case_code_expect': 500, 'case_code_result': 500, 'case_response_expect': '{"message": "服务错误", "code": "50000", "status": "False"}', 'case_response_result': {'timestamp': '2023-08-25T11:16:42.865+0000', 'status': 500, 'error': 'Internal Server Error', 'message': 'No message available', 'path': '/account-center/service/sso/ajax-password-login'}}], '3_jj_jj': [{'case_ID': '3', 'case_description': '为企鹅', 'case_URL': 'https://s.xinrenxinshi.com/account-center/service/sso/ajax-password-login', 'case_method': 'Post', 'case_request': {'verifyMode': '', 'accountName': '+86-13681574534', 'password': 'fbd0204b381bd4', 'passwordKey': 'B6mkUcLLicDEHyHN1grueMuVbMUAdLGf', 'fromUrl': 'https://s.xinrenxinshi.com/headstatistic/index', 'source': 'default', 'innerVerifyKey': ''}, 'case_code_expect': 500, 'case_code_result': 500, 'case_response_expect': '{"message": "服务错误", "code": "50000", "status": "False"}', 'case_response_result': {'message': '服务错误', 'code': '50000', 'status': False}}, {'case_ID': '2', 'case_description': 'casemiaoshu1', 'case_URL': 'https://s.xinrenxinshi.com/account-center/service/sso/ajax-password-login', 'case_method': 'Post', 'case_request': {'verifyMode': '', 'accountName': '+86-13681574534', 'password': 'fbd0204b381bd4', 'passwordKey': 'B6mkUcLLicDEHyHN1grueMuVbMUAdLGf', 'fromUrl': 'https://s.xinrenxinshi.com/headstatistic/index', 'source': 'default', 'innerVerifyKey': ''}, 'case_code_expect': 201, 'case_code_result': 500, 'case_response_expect': '{"code":200,"data":{}}', 'case_response_result': {'timestamp': '2023-08-25T11:16:43.085+0000', 'status': 500, 'error': 'Internal Server Error', 'message': 'No message available', 'path': '/account-center/service/sso/ajax-password-login'}}]}-------------------> [in flow.py:179]
2023-08-25 19:20:25,600 INFO: <-------------------执行全部用例集开始-------------------> [in flow.py:179]
2023-08-25 19:20:25,614 INFO: <-------------------执行flow1-用例集1-------------------> [in flow.py:179]
2023-08-25 19:20:25,616 INFO: 获取case列表:1,2 [in flow.py:179]
2023-08-25 19:20:25,629 INFO: <-------------------执行case1-case描述-------------------> [in flow.py:179]
2023-08-25 19:20:25,648 INFO: case:1 从redis中获取参数失败 [in flow.py:179]
2023-08-25 19:20:25,649 INFO: 获取case:1参数化字典为:{'': ''} [in flow.py:179]
2023-08-25 19:20:25,650 INFO: 获取case:1请求参数为:{'verifyMode': '0', 'accountName': '+86-13681574534', 'password': 'fbd0204b381bd4', 'passwordKey': 'B6mkUcLLicDEHyHN1grueMuVbMUAdLGf', 'fromUrl': 'https://s.xinrenxinshi.com/headstatistic/index', 'source': 'default', 'innerVerifyKey': ''} [in flow.py:179]
2023-08-25 19:20:25,651 INFO: 获取case:1URL为:https://s.xinrenxinshi.com/account-center/service/sso/ajax-password-login [in flow.py:179]
2023-08-25 19:20:25,652 INFO: 获取case:1请求方式为:Post [in flow.py:179]
2023-08-25 19:20:25,791 INFO: <-------------------开始case:1断言验证-------------------> [in flow.py:179]
2023-08-25 19:20:25,792 INFO: 断言 code情况:True  [in flow.py:179]
2023-08-25 19:20:25,794 INFO: 断言response失败:获取case:1预期结果为{}实际结果为{'code': 1, 'message': '登录失败', 'status': False, 'data': {'success': 1, 'userRoleType': None, 'loginType': '', 'needVerifyAgain': 0, 'verifyAgainKey': '', 'passwordKey': '', 'accountId': '', 'accountType': None, 'companyId': '', 'mobile': '', 'admin': 0, 'ssotoken': '', 'redirect': '', 'needGeeTest': 1, 'geeSuccess': 1, 'newCaptcha': True, 'challenge': '63ec4d2639207c1627fd0a261ade68bb', 'gt': '53fdd942f0794875983f5510e22d653d', 'hasEmployeeAccount': 0, 'needRealVerify': False, 'needSafeVerify': False, 'scanKey': None}, 'lanDic': None} [in flow.py:179]
2023-08-25 19:20:25,796 INFO: <-------------------将case:1返回参数化的值存到redis-------------------> [in flow.py:179]
2023-08-25 19:20:25,797 INFO: 返回参数化字典:{'': ''} [in flow.py:179]
2023-08-25 19:20:25,812 INFO: <-------------------执行case2-casemiaoshu1-------------------> [in flow.py:179]
2023-08-25 19:20:25,821 INFO: case:2 从redis中获取参数失败 [in flow.py:179]
2023-08-25 19:20:25,823 INFO: 获取case:2参数化字典为:{'': ''} [in flow.py:179]
2023-08-25 19:20:25,824 INFO: 获取case:2请求参数为:{'verifyMode': '0', 'accountName': '+86-13681574534', 'password': 'fbd0204b381bd4', 'passwordKey': 'B6mkUcLLicDEHyHN1grueMuVbMUAdLGf', 'fromUrl': 'https://s.xinrenxinshi.com/headstatistic/index', 'source': 'default', 'innerVerifyKey': ''} [in flow.py:179]
2023-08-25 19:20:25,826 INFO: 获取case:2URL为:https://s.xinrenxinshi.com/account-center/service/sso/ajax-password-login [in flow.py:179]
2023-08-25 19:20:25,828 INFO: 获取case:2请求方式为:Post [in flow.py:179]
2023-08-25 19:20:25,972 INFO: <-------------------开始case:2断言验证-------------------> [in flow.py:179]
2023-08-25 19:20:25,973 INFO: 断言 code 失败，预期结果为201，实际为200 [in flow.py:179]
2023-08-25 19:20:25,975 INFO: 断言response失败:获取case:2预期结果为{"code":200,"data":{}}实际结果为{'code': 1, 'message': '登录失败', 'status': False, 'data': {'success': 1, 'userRoleType': None, 'loginType': '', 'needVerifyAgain': 0, 'verifyAgainKey': '', 'passwordKey': '', 'accountId': '', 'accountType': None, 'companyId': '', 'mobile': '', 'admin': 0, 'ssotoken': '', 'redirect': '', 'needGeeTest': 1, 'geeSuccess': 1, 'newCaptcha': True, 'challenge': '09747f6e078fdde98f9dd2daa0c4ad6c', 'gt': '53fdd942f0794875983f5510e22d653d', 'hasEmployeeAccount': 0, 'needRealVerify': False, 'needSafeVerify': False, 'scanKey': None}, 'lanDic': None} [in flow.py:179]
2023-08-25 19:20:25,976 INFO: <-------------------将case:2返回参数化的值存到redis-------------------> [in flow.py:179]
2023-08-25 19:20:25,978 INFO: 返回参数化字典:{'': ''} [in flow.py:179]
2023-08-25 19:20:25,979 INFO: <-------------------执行flow2-hh-------------------> [in flow.py:179]
2023-08-25 19:20:25,980 INFO: 获取case列表:3 [in flow.py:179]
2023-08-25 19:20:26,004 INFO: <-------------------执行case3-为企鹅-------------------> [in flow.py:179]
2023-08-25 19:20:26,016 INFO: case:3 从redis中获取参数失败 [in flow.py:179]
2023-08-25 19:20:26,018 INFO: 获取case:3参数化字典为:{'': ''} [in flow.py:179]
2023-08-25 19:20:26,020 INFO: 获取case:3请求参数为:{'verifyMode': '0', 'accountName': '+86-13681574534', 'password': 'fbd0204b381bd4', 'passwordKey': 'B6mkUcLLicDEHyHN1grueMuVbMUAdLGf', 'fromUrl': 'https://s.xinrenxinshi.com/headstatistic/index', 'source': 'default', 'innerVerifyKey': ''} [in flow.py:179]
2023-08-25 19:20:26,021 INFO: 获取case:3URL为:https://s.xinrenxinshi.com/account-center/service/sso/ajax-password-login [in flow.py:179]
2023-08-25 19:20:26,023 INFO: 获取case:3请求方式为:Post [in flow.py:179]
2023-08-25 19:20:26,159 INFO: <-------------------开始case:3断言验证-------------------> [in flow.py:179]
2023-08-25 19:20:26,161 INFO: 断言 code 失败，预期结果为500，实际为200 [in flow.py:179]
2023-08-25 19:20:26,163 INFO: 断言response失败:获取case:3预期结果为{"message": "服务错误", "code": "50000", "status": "False"}实际结果为{'code': 1, 'message': '登录失败', 'status': False, 'data': {'success': 1, 'userRoleType': None, 'loginType': '', 'needVerifyAgain': 0, 'verifyAgainKey': '', 'passwordKey': '', 'accountId': '', 'accountType': None, 'companyId': '', 'mobile': '', 'admin': 0, 'ssotoken': '', 'redirect': '', 'needGeeTest': 1, 'geeSuccess': 1, 'newCaptcha': True, 'challenge': 'f7be65d1d03e08fdeaaf1858cd717121', 'gt': '53fdd942f0794875983f5510e22d653d', 'hasEmployeeAccount': 0, 'needRealVerify': False, 'needSafeVerify': False, 'scanKey': None}, 'lanDic': None} [in flow.py:179]
2023-08-25 19:20:26,164 INFO: <-------------------将case:3返回参数化的值存到redis-------------------> [in flow.py:179]
2023-08-25 19:20:26,166 INFO: 返回参数化字典:{'': ''} [in flow.py:179]
2023-08-25 19:20:26,167 INFO: <-------------------执行flow3-jj-------------------> [in flow.py:179]
2023-08-25 19:20:26,169 INFO: 获取case列表:3,2 [in flow.py:179]
2023-08-25 19:20:26,171 INFO: <-------------------执行case3-为企鹅-------------------> [in flow.py:179]
2023-08-25 19:20:26,182 INFO: case:3 从redis中获取参数失败 [in flow.py:179]
2023-08-25 19:20:26,183 INFO: 获取case:3参数化字典为:{'': ''} [in flow.py:179]
2023-08-25 19:20:26,185 INFO: 获取case:3请求参数为:{'verifyMode': '0', 'accountName': '+86-13681574534', 'password': 'fbd0204b381bd4', 'passwordKey': 'B6mkUcLLicDEHyHN1grueMuVbMUAdLGf', 'fromUrl': 'https://s.xinrenxinshi.com/headstatistic/index', 'source': 'default', 'innerVerifyKey': ''} [in flow.py:179]
2023-08-25 19:20:26,186 INFO: 获取case:3URL为:https://s.xinrenxinshi.com/account-center/service/sso/ajax-password-login [in flow.py:179]
2023-08-25 19:20:26,187 INFO: 获取case:3请求方式为:Post [in flow.py:179]
2023-08-25 19:20:26,316 INFO: <-------------------开始case:3断言验证-------------------> [in flow.py:179]
2023-08-25 19:20:26,317 INFO: 断言 code 失败，预期结果为500，实际为200 [in flow.py:179]
2023-08-25 19:20:26,319 INFO: 断言response失败:获取case:3预期结果为{"message": "服务错误", "code": "50000", "status": "False"}实际结果为{'code': 1, 'message': '登录失败', 'status': False, 'data': {'success': 1, 'userRoleType': None, 'loginType': '', 'needVerifyAgain': 0, 'verifyAgainKey': '', 'passwordKey': '', 'accountId': '', 'accountType': None, 'companyId': '', 'mobile': '', 'admin': 0, 'ssotoken': '', 'redirect': '', 'needGeeTest': 1, 'geeSuccess': 1, 'newCaptcha': True, 'challenge': '95d569611a57e26c89a7a25e024e67a8', 'gt': '53fdd942f0794875983f5510e22d653d', 'hasEmployeeAccount': 0, 'needRealVerify': False, 'needSafeVerify': False, 'scanKey': None}, 'lanDic': None} [in flow.py:179]
2023-08-25 19:20:26,321 INFO: <-------------------将case:3返回参数化的值存到redis-------------------> [in flow.py:179]
2023-08-25 19:20:26,322 INFO: 返回参数化字典:{'': ''} [in flow.py:179]
2023-08-25 19:20:26,338 INFO: <-------------------执行case2-casemiaoshu1-------------------> [in flow.py:179]
2023-08-25 19:20:26,350 INFO: case:2 从redis中获取参数失败 [in flow.py:179]
2023-08-25 19:20:26,352 INFO: 获取case:2参数化字典为:{'': ''} [in flow.py:179]
2023-08-25 19:20:26,354 INFO: 获取case:2请求参数为:{'verifyMode': '0', 'accountName': '+86-13681574534', 'password': 'fbd0204b381bd4', 'passwordKey': 'B6mkUcLLicDEHyHN1grueMuVbMUAdLGf', 'fromUrl': 'https://s.xinrenxinshi.com/headstatistic/index', 'source': 'default', 'innerVerifyKey': ''} [in flow.py:179]
2023-08-25 19:20:26,355 INFO: 获取case:2URL为:https://s.xinrenxinshi.com/account-center/service/sso/ajax-password-login [in flow.py:179]
2023-08-25 19:20:26,357 INFO: 获取case:2请求方式为:Post [in flow.py:179]
2023-08-25 19:20:26,507 INFO: <-------------------开始case:2断言验证-------------------> [in flow.py:179]
2023-08-25 19:20:26,509 INFO: 断言 code 失败，预期结果为201，实际为200 [in flow.py:179]
2023-08-25 19:20:26,510 INFO: 断言response失败:获取case:2预期结果为{"code":200,"data":{}}实际结果为{'code': 1, 'message': '登录失败', 'status': False, 'data': {'success': 1, 'userRoleType': None, 'loginType': '', 'needVerifyAgain': 0, 'verifyAgainKey': '', 'passwordKey': '', 'accountId': '', 'accountType': None, 'companyId': '', 'mobile': '', 'admin': 0, 'ssotoken': '', 'redirect': '', 'needGeeTest': 1, 'geeSuccess': 1, 'newCaptcha': True, 'challenge': 'c9058111eab99210f1464b0255cb3fc1', 'gt': '53fdd942f0794875983f5510e22d653d', 'hasEmployeeAccount': 0, 'needRealVerify': False, 'needSafeVerify': False, 'scanKey': None}, 'lanDic': None} [in flow.py:179]
2023-08-25 19:20:26,513 INFO: <-------------------将case:2返回参数化的值存到redis-------------------> [in flow.py:179]
2023-08-25 19:20:26,514 INFO: 返回参数化字典:{'': ''} [in flow.py:179]
2023-08-25 19:20:26,515 INFO: <-------------------测试结果:操作时间2023-08-25 19:20:25 操作人admin 操作类型全部用例集 flow合计3 成功数量0 失败数量3 -------------------> [in flow.py:179]
2023-08-25 19:20:26,516 INFO: <-------------------失败情况{'1_工资_用例集1': [{'case_ID': '1', 'case_description': 'case描述', 'case_URL': 'https://s.xinrenxinshi.com/account-center/service/sso/ajax-password-login', 'case_method': 'Post', 'case_request': {'verifyMode': '0', 'accountName': '+86-13681574534', 'password': 'fbd0204b381bd4', 'passwordKey': 'B6mkUcLLicDEHyHN1grueMuVbMUAdLGf', 'fromUrl': 'https://s.xinrenxinshi.com/headstatistic/index', 'source': 'default', 'innerVerifyKey': ''}, 'case_code_expect': 200, 'case_code_result': 200, 'case_response_expect': '{}', 'case_response_result': {'code': 1, 'message': '登录失败', 'status': False, 'data': {'success': 1, 'userRoleType': None, 'loginType': '', 'needVerifyAgain': 0, 'verifyAgainKey': '', 'passwordKey': '', 'accountId': '', 'accountType': None, 'companyId': '', 'mobile': '', 'admin': 0, 'ssotoken': '', 'redirect': '', 'needGeeTest': 1, 'geeSuccess': 1, 'newCaptcha': True, 'challenge': '63ec4d2639207c1627fd0a261ade68bb', 'gt': '53fdd942f0794875983f5510e22d653d', 'hasEmployeeAccount': 0, 'needRealVerify': False, 'needSafeVerify': False, 'scanKey': None}, 'lanDic': None}}, {'case_ID': '2', 'case_description': 'casemiaoshu1', 'case_URL': 'https://s.xinrenxinshi.com/account-center/service/sso/ajax-password-login', 'case_method': 'Post', 'case_request': {'verifyMode': '0', 'accountName': '+86-13681574534', 'password': 'fbd0204b381bd4', 'passwordKey': 'B6mkUcLLicDEHyHN1grueMuVbMUAdLGf', 'fromUrl': 'https://s.xinrenxinshi.com/headstatistic/index', 'source': 'default', 'innerVerifyKey': ''}, 'case_code_expect': 201, 'case_code_result': 200, 'case_response_expect': '{"code":200,"data":{}}', 'case_response_result': {'code': 1, 'message': '登录失败', 'status': False, 'data': {'success': 1, 'userRoleType': None, 'loginType': '', 'needVerifyAgain': 0, 'verifyAgainKey': '', 'passwordKey': '', 'accountId': '', 'accountType': None, 'companyId': '', 'mobile': '', 'admin': 0, 'ssotoken': '', 'redirect': '', 'needGeeTest': 1, 'geeSuccess': 1, 'newCaptcha': True, 'challenge': '09747f6e078fdde98f9dd2daa0c4ad6c', 'gt': '53fdd942f0794875983f5510e22d653d', 'hasEmployeeAccount': 0, 'needRealVerify': False, 'needSafeVerify': False, 'scanKey': None}, 'lanDic': None}}], '2_hh_hh': [{'case_ID': '3', 'case_description': '为企鹅', 'case_URL': 'https://s.xinrenxinshi.com/account-center/service/sso/ajax-password-login', 'case_method': 'Post', 'case_request': {'verifyMode': '0', 'accountName': '+86-13681574534', 'password': 'fbd0204b381bd4', 'passwordKey': 'B6mkUcLLicDEHyHN1grueMuVbMUAdLGf', 'fromUrl': 'https://s.xinrenxinshi.com/headstatistic/index', 'source': 'default', 'innerVerifyKey': ''}, 'case_code_expect': 500, 'case_code_result': 200, 'case_response_expect': '{"message": "服务错误", "code": "50000", "status": "False"}', 'case_response_result': {'code': 1, 'message': '登录失败', 'status': False, 'data': {'success': 1, 'userRoleType': None, 'loginType': '', 'needVerifyAgain': 0, 'verifyAgainKey': '', 'passwordKey': '', 'accountId': '', 'accountType': None, 'companyId': '', 'mobile': '', 'admin': 0, 'ssotoken': '', 'redirect': '', 'needGeeTest': 1, 'geeSuccess': 1, 'newCaptcha': True, 'challenge': 'f7be65d1d03e08fdeaaf1858cd717121', 'gt': '53fdd942f0794875983f5510e22d653d', 'hasEmployeeAccount': 0, 'needRealVerify': False, 'needSafeVerify': False, 'scanKey': None}, 'lanDic': None}}], '3_jj_jj': [{'case_ID': '3', 'case_description': '为企鹅', 'case_URL': 'https://s.xinrenxinshi.com/account-center/service/sso/ajax-password-login', 'case_method': 'Post', 'case_request': {'verifyMode': '0', 'accountName': '+86-13681574534', 'password': 'fbd0204b381bd4', 'passwordKey': 'B6mkUcLLicDEHyHN1grueMuVbMUAdLGf', 'fromUrl': 'https://s.xinrenxinshi.com/headstatistic/index', 'source': 'default', 'innerVerifyKey': ''}, 'case_code_expect': 500, 'case_code_result': 200, 'case_response_expect': '{"message": "服务错误", "code": "50000", "status": "False"}', 'case_response_result': {'code': 1, 'message': '登录失败', 'status': False, 'data': {'success': 1, 'userRoleType': None, 'loginType': '', 'needVerifyAgain': 0, 'verifyAgainKey': '', 'passwordKey': '', 'accountId': '', 'accountType': None, 'companyId': '', 'mobile': '', 'admin': 0, 'ssotoken': '', 'redirect': '', 'needGeeTest': 1, 'geeSuccess': 1, 'newCaptcha': True, 'challenge': '95d569611a57e26c89a7a25e024e67a8', 'gt': '53fdd942f0794875983f5510e22d653d', 'hasEmployeeAccount': 0, 'needRealVerify': False, 'needSafeVerify': False, 'scanKey': None}, 'lanDic': None}}, {'case_ID': '2', 'case_description': 'casemiaoshu1', 'case_URL': 'https://s.xinrenxinshi.com/account-center/service/sso/ajax-password-login', 'case_method': 'Post', 'case_request': {'verifyMode': '0', 'accountName': '+86-13681574534', 'password': 'fbd0204b381bd4', 'passwordKey': 'B6mkUcLLicDEHyHN1grueMuVbMUAdLGf', 'fromUrl': 'https://s.xinrenxinshi.com/headstatistic/index', 'source': 'default', 'innerVerifyKey': ''}, 'case_code_expect': 201, 'case_code_result': 200, 'case_response_expect': '{"code":200,"data":{}}', 'case_response_result': {'code': 1, 'message': '登录失败', 'status': False, 'data': {'success': 1, 'userRoleType': None, 'loginType': '', 'needVerifyAgain': 0, 'verifyAgainKey': '', 'passwordKey': '', 'accountId': '', 'accountType': None, 'companyId': '', 'mobile': '', 'admin': 0, 'ssotoken': '', 'redirect': '', 'needGeeTest': 1, 'geeSuccess': 1, 'newCaptcha': True, 'challenge': 'c9058111eab99210f1464b0255cb3fc1', 'gt': '53fdd942f0794875983f5510e22d653d', 'hasEmployeeAccount': 0, 'needRealVerify': False, 'needSafeVerify': False, 'scanKey': None}, 'lanDic': None}}]}-------------------> [in flow.py:179]
