2023-08-25 19:23:32,547 INFO: <-------------------执行全部用例集开始-------------------> [in flow.py:179]
2023-08-25 19:23:32,548 INFO: <-------------------执行flow1-用例集1-------------------> [in flow.py:179]
2023-08-25 19:23:32,548 INFO: 获取case列表:1,2 [in flow.py:179]
2023-08-25 19:23:32,561 INFO: <-------------------执行case1-case描述-------------------> [in flow.py:179]
2023-08-25 19:23:32,600 INFO: case:1 从redis中获取参数失败 [in flow.py:179]
2023-08-25 19:23:32,601 INFO: 获取case:1参数化字典为:{'': ''} [in flow.py:179]
2023-08-25 19:23:32,602 INFO: 获取case:1请求参数为:{'verifyMode': '0', 'accountName': '+86-13681574534', 'password': 'fbd0204b381bd4', 'passwordKey': 'B6mkUcLLicDEHyHN1grueMuVbMUAdLGf', 'fromUrl': 'https://s.xinrenxinshi.com/headstatistic/index', 'source': 'default', 'innerVerifyKey': ''} [in flow.py:179]
2023-08-25 19:23:32,602 INFO: 获取case:1URL为:https://s.xinrenxinshi.com/account-center/service/sso/ajax-password-login [in flow.py:179]
2023-08-25 19:23:32,603 INFO: 获取case:1请求方式为:Post [in flow.py:179]
2023-08-25 19:23:32,772 INFO: <-------------------开始case:1断言验证-------------------> [in flow.py:179]
2023-08-25 19:23:32,773 INFO: 断言 code情况:True  [in flow.py:179]
2023-08-25 19:23:32,773 INFO: 断言response失败:获取case:1预期结果为{}实际结果为{'code': 1, 'message': '登录失败', 'status': False, 'data': {'success': 1, 'userRoleType': None, 'loginType': '', 'needVerifyAgain': 0, 'verifyAgainKey': '', 'passwordKey': '', 'accountId': '', 'accountType': None, 'companyId': '', 'mobile': '', 'admin': 0, 'ssotoken': '', 'redirect': '', 'needGeeTest': 1, 'geeSuccess': 1, 'newCaptcha': True, 'challenge': 'bf5ba2f0d524833de66b04963456d56b', 'gt': '53fdd942f0794875983f5510e22d653d', 'hasEmployeeAccount': 0, 'needRealVerify': False, 'needSafeVerify': False, 'scanKey': None}, 'lanDic': None} [in flow.py:179]
2023-08-25 19:23:32,774 INFO: <-------------------将case:1返回参数化的值存到redis-------------------> [in flow.py:179]
2023-08-25 19:23:32,774 INFO: 返回参数化字典:{'': ''} [in flow.py:179]
2023-08-25 19:23:32,786 INFO: <-------------------执行case2-casemiaoshu1-------------------> [in flow.py:179]
2023-08-25 19:23:32,793 INFO: case:2 从redis中获取参数失败 [in flow.py:179]
2023-08-25 19:23:32,793 INFO: 获取case:2参数化字典为:{'': ''} [in flow.py:179]
2023-08-25 19:23:32,793 INFO: 获取case:2请求参数为:{'verifyMode': '0', 'accountName': '+86-13681574534', 'password': 'fbd0204b381bd4', 'passwordKey': 'B6mkUcLLicDEHyHN1grueMuVbMUAdLGf', 'fromUrl': 'https://s.xinrenxinshi.com/headstatistic/index', 'source': 'default', 'innerVerifyKey': ''} [in flow.py:179]
2023-08-25 19:23:32,794 INFO: 获取case:2URL为:https://s.xinrenxinshi.com/account-center/service/sso/ajax-password-login [in flow.py:179]
2023-08-25 19:23:32,794 INFO: 获取case:2请求方式为:Post [in flow.py:179]
2023-08-25 19:23:32,943 INFO: <-------------------开始case:2断言验证-------------------> [in flow.py:179]
2023-08-25 19:23:32,943 INFO: 断言 code 失败，预期结果为201，实际为200 [in flow.py:179]
2023-08-25 19:23:32,944 INFO: 断言response失败:获取case:2预期结果为{"code":200,"data":{}}实际结果为{'code': 1, 'message': '登录失败', 'status': False, 'data': {'success': 1, 'userRoleType': None, 'loginType': '', 'needVerifyAgain': 0, 'verifyAgainKey': '', 'passwordKey': '', 'accountId': '', 'accountType': None, 'companyId': '', 'mobile': '', 'admin': 0, 'ssotoken': '', 'redirect': '', 'needGeeTest': 1, 'geeSuccess': 1, 'newCaptcha': True, 'challenge': '2ce9139c41dc563ae98edbd33bb8088a', 'gt': '53fdd942f0794875983f5510e22d653d', 'hasEmployeeAccount': 0, 'needRealVerify': False, 'needSafeVerify': False, 'scanKey': None}, 'lanDic': None} [in flow.py:179]
2023-08-25 19:23:32,944 INFO: <-------------------将case:2返回参数化的值存到redis-------------------> [in flow.py:179]
2023-08-25 19:23:32,945 INFO: 返回参数化字典:{'': ''} [in flow.py:179]
2023-08-25 19:23:32,945 INFO: <-------------------执行flow2-hh-------------------> [in flow.py:179]
2023-08-25 19:23:32,945 INFO: 获取case列表:3 [in flow.py:179]
2023-08-25 19:23:32,958 INFO: <-------------------执行case3-为企鹅-------------------> [in flow.py:179]
2023-08-25 19:23:32,967 INFO: case:3 从redis中获取参数失败 [in flow.py:179]
2023-08-25 19:23:32,968 INFO: 获取case:3参数化字典为:{'': ''} [in flow.py:179]
2023-08-25 19:23:32,969 INFO: 获取case:3请求参数为:{'verifyMode': '0', 'accountName': '+86-13681574534', 'password': 'fbd0204b381bd4', 'passwordKey': 'B6mkUcLLicDEHyHN1grueMuVbMUAdLGf', 'fromUrl': 'https://s.xinrenxinshi.com/headstatistic/index', 'source': 'default', 'innerVerifyKey': ''} [in flow.py:179]
2023-08-25 19:23:32,969 INFO: 获取case:3URL为:https://s.xinrenxinshi.com/account-center/service/sso/ajax-password-login [in flow.py:179]
2023-08-25 19:23:32,969 INFO: 获取case:3请求方式为:Post [in flow.py:179]
2023-08-25 19:23:33,112 INFO: <-------------------开始case:3断言验证-------------------> [in flow.py:179]
2023-08-25 19:23:33,113 INFO: 断言 code 失败，预期结果为500，实际为200 [in flow.py:179]
2023-08-25 19:23:33,113 INFO: 断言response失败:获取case:3预期结果为{"data": {"hasEmployeeAccount": 0, "accountType": null, "needSafeVerify": false, "admin": 0, "scanKey": null, "verifyAgainKey": "", "accountId": "", "loginType": "", "userRoleType": null, "ssotoken": "", "gt": "53fdd942f0794875983f5510e22d653d", "geeSuccess": 1, "challenge": "95d569611a57e26c89a7a25e024e67a8", "needGeeTest": 1, "redirect": "", "success": 1, "companyId": "", "passwordKey": "", "newCaptcha": true, "needRealVerify": false, "mobile": "", "needVerifyAgain": 0}, "status": false, "message": "登录失败", "code": 1, "lanDic": null}
实际结果为{'code': 1, 'message': '登录失败', 'status': False, 'data': {'success': 1, 'userRoleType': None, 'loginType': '', 'needVerifyAgain': 0, 'verifyAgainKey': '', 'passwordKey': '', 'accountId': '', 'accountType': None, 'companyId': '', 'mobile': '', 'admin': 0, 'ssotoken': '', 'redirect': '', 'needGeeTest': 1, 'geeSuccess': 1, 'newCaptcha': True, 'challenge': '4a2e4914c8bdd49e9f6b02b687a41331', 'gt': '53fdd942f0794875983f5510e22d653d', 'hasEmployeeAccount': 0, 'needRealVerify': False, 'needSafeVerify': False, 'scanKey': None}, 'lanDic': None} [in flow.py:179]
2023-08-25 19:23:33,114 INFO: <-------------------将case:3返回参数化的值存到redis-------------------> [in flow.py:179]
2023-08-25 19:23:33,114 INFO: 返回参数化字典:{'': ''} [in flow.py:179]
2023-08-25 19:23:33,115 INFO: <-------------------执行flow3-jj-------------------> [in flow.py:179]
2023-08-25 19:23:33,115 INFO: 获取case列表:3,2 [in flow.py:179]
2023-08-25 19:23:33,116 INFO: <-------------------执行case3-为企鹅-------------------> [in flow.py:179]
2023-08-25 19:23:33,127 INFO: case:3 从redis中获取参数失败 [in flow.py:179]
2023-08-25 19:23:33,128 INFO: 获取case:3参数化字典为:{'': ''} [in flow.py:179]
2023-08-25 19:23:33,128 INFO: 获取case:3请求参数为:{'verifyMode': '0', 'accountName': '+86-13681574534', 'password': 'fbd0204b381bd4', 'passwordKey': 'B6mkUcLLicDEHyHN1grueMuVbMUAdLGf', 'fromUrl': 'https://s.xinrenxinshi.com/headstatistic/index', 'source': 'default', 'innerVerifyKey': ''} [in flow.py:179]
2023-08-25 19:23:33,129 INFO: 获取case:3URL为:https://s.xinrenxinshi.com/account-center/service/sso/ajax-password-login [in flow.py:179]
2023-08-25 19:23:33,129 INFO: 获取case:3请求方式为:Post [in flow.py:179]
2023-08-25 19:23:33,267 INFO: <-------------------开始case:3断言验证-------------------> [in flow.py:179]
2023-08-25 19:23:33,268 INFO: 断言 code 失败，预期结果为500，实际为200 [in flow.py:179]
2023-08-25 19:23:33,268 INFO: 断言response失败:获取case:3预期结果为{"data": {"hasEmployeeAccount": 0, "accountType": null, "needSafeVerify": false, "admin": 0, "scanKey": null, "verifyAgainKey": "", "accountId": "", "loginType": "", "userRoleType": null, "ssotoken": "", "gt": "53fdd942f0794875983f5510e22d653d", "geeSuccess": 1, "challenge": "95d569611a57e26c89a7a25e024e67a8", "needGeeTest": 1, "redirect": "", "success": 1, "companyId": "", "passwordKey": "", "newCaptcha": true, "needRealVerify": false, "mobile": "", "needVerifyAgain": 0}, "status": false, "message": "登录失败", "code": 1, "lanDic": null}
实际结果为{'code': 1, 'message': '登录失败', 'status': False, 'data': {'success': 1, 'userRoleType': None, 'loginType': '', 'needVerifyAgain': 0, 'verifyAgainKey': '', 'passwordKey': '', 'accountId': '', 'accountType': None, 'companyId': '', 'mobile': '', 'admin': 0, 'ssotoken': '', 'redirect': '', 'needGeeTest': 1, 'geeSuccess': 1, 'newCaptcha': True, 'challenge': 'f2587f7ed6721b31d50a0cf68c185346', 'gt': '53fdd942f0794875983f5510e22d653d', 'hasEmployeeAccount': 0, 'needRealVerify': False, 'needSafeVerify': False, 'scanKey': None}, 'lanDic': None} [in flow.py:179]
2023-08-25 19:23:33,270 INFO: <-------------------将case:3返回参数化的值存到redis-------------------> [in flow.py:179]
2023-08-25 19:23:33,271 INFO: 返回参数化字典:{'': ''} [in flow.py:179]
2023-08-25 19:23:33,284 INFO: <-------------------执行case2-casemiaoshu1-------------------> [in flow.py:179]
2023-08-25 19:23:33,293 INFO: case:2 从redis中获取参数失败 [in flow.py:179]
2023-08-25 19:23:33,294 INFO: 获取case:2参数化字典为:{'': ''} [in flow.py:179]
2023-08-25 19:23:33,294 INFO: 获取case:2请求参数为:{'verifyMode': '0', 'accountName': '+86-13681574534', 'password': 'fbd0204b381bd4', 'passwordKey': 'B6mkUcLLicDEHyHN1grueMuVbMUAdLGf', 'fromUrl': 'https://s.xinrenxinshi.com/headstatistic/index', 'source': 'default', 'innerVerifyKey': ''} [in flow.py:179]
2023-08-25 19:23:33,294 INFO: 获取case:2URL为:https://s.xinrenxinshi.com/account-center/service/sso/ajax-password-login [in flow.py:179]
2023-08-25 19:23:33,294 INFO: 获取case:2请求方式为:Post [in flow.py:179]
2023-08-25 19:23:33,438 INFO: <-------------------开始case:2断言验证-------------------> [in flow.py:179]
2023-08-25 19:23:33,439 INFO: 断言 code 失败，预期结果为201，实际为200 [in flow.py:179]
2023-08-25 19:23:33,439 INFO: 断言response失败:获取case:2预期结果为{"code":200,"data":{}}实际结果为{'code': 1, 'message': '登录失败', 'status': False, 'data': {'success': 1, 'userRoleType': None, 'loginType': '', 'needVerifyAgain': 0, 'verifyAgainKey': '', 'passwordKey': '', 'accountId': '', 'accountType': None, 'companyId': '', 'mobile': '', 'admin': 0, 'ssotoken': '', 'redirect': '', 'needGeeTest': 1, 'geeSuccess': 1, 'newCaptcha': True, 'challenge': '71d21a9ae06513c3a3515b368defac7d', 'gt': '53fdd942f0794875983f5510e22d653d', 'hasEmployeeAccount': 0, 'needRealVerify': False, 'needSafeVerify': False, 'scanKey': None}, 'lanDic': None} [in flow.py:179]
2023-08-25 19:23:33,440 INFO: <-------------------将case:2返回参数化的值存到redis-------------------> [in flow.py:179]
2023-08-25 19:23:33,440 INFO: 返回参数化字典:{'': ''} [in flow.py:179]
2023-08-25 19:23:33,440 INFO: <-------------------测试结果:操作时间2023-08-25 19:23:32 操作人admin 操作类型全部用例集 flow合计3 成功数量0 失败数量3 -------------------> [in flow.py:179]
2023-08-25 19:23:33,441 INFO: <-------------------失败情况{'1_工资_用例集1': [{'case_ID': '1', 'case_description': 'case描述', 'case_URL': 'https://s.xinrenxinshi.com/account-center/service/sso/ajax-password-login', 'case_method': 'Post', 'case_request': {'verifyMode': '0', 'accountName': '+86-13681574534', 'password': 'fbd0204b381bd4', 'passwordKey': 'B6mkUcLLicDEHyHN1grueMuVbMUAdLGf', 'fromUrl': 'https://s.xinrenxinshi.com/headstatistic/index', 'source': 'default', 'innerVerifyKey': ''}, 'case_code_expect': 200, 'case_code_result': 200, 'case_response_expect': '{}', 'case_response_result': {'code': 1, 'message': '登录失败', 'status': False, 'data': {'success': 1, 'userRoleType': None, 'loginType': '', 'needVerifyAgain': 0, 'verifyAgainKey': '', 'passwordKey': '', 'accountId': '', 'accountType': None, 'companyId': '', 'mobile': '', 'admin': 0, 'ssotoken': '', 'redirect': '', 'needGeeTest': 1, 'geeSuccess': 1, 'newCaptcha': True, 'challenge': 'bf5ba2f0d524833de66b04963456d56b', 'gt': '53fdd942f0794875983f5510e22d653d', 'hasEmployeeAccount': 0, 'needRealVerify': False, 'needSafeVerify': False, 'scanKey': None}, 'lanDic': None}}, {'case_ID': '2', 'case_description': 'casemiaoshu1', 'case_URL': 'https://s.xinrenxinshi.com/account-center/service/sso/ajax-password-login', 'case_method': 'Post', 'case_request': {'verifyMode': '0', 'accountName': '+86-13681574534', 'password': 'fbd0204b381bd4', 'passwordKey': 'B6mkUcLLicDEHyHN1grueMuVbMUAdLGf', 'fromUrl': 'https://s.xinrenxinshi.com/headstatistic/index', 'source': 'default', 'innerVerifyKey': ''}, 'case_code_expect': 201, 'case_code_result': 200, 'case_response_expect': '{"code":200,"data":{}}', 'case_response_result': {'code': 1, 'message': '登录失败', 'status': False, 'data': {'success': 1, 'userRoleType': None, 'loginType': '', 'needVerifyAgain': 0, 'verifyAgainKey': '', 'passwordKey': '', 'accountId': '', 'accountType': None, 'companyId': '', 'mobile': '', 'admin': 0, 'ssotoken': '', 'redirect': '', 'needGeeTest': 1, 'geeSuccess': 1, 'newCaptcha': True, 'challenge': '2ce9139c41dc563ae98edbd33bb8088a', 'gt': '53fdd942f0794875983f5510e22d653d', 'hasEmployeeAccount': 0, 'needRealVerify': False, 'needSafeVerify': False, 'scanKey': None}, 'lanDic': None}}], '2_hh_hh': [{'case_ID': '3', 'case_description': '为企鹅', 'case_URL': 'https://s.xinrenxinshi.com/account-center/service/sso/ajax-password-login', 'case_method': 'Post', 'case_request': {'verifyMode': '0', 'accountName': '+86-13681574534', 'password': 'fbd0204b381bd4', 'passwordKey': 'B6mkUcLLicDEHyHN1grueMuVbMUAdLGf', 'fromUrl': 'https://s.xinrenxinshi.com/headstatistic/index', 'source': 'default', 'innerVerifyKey': ''}, 'case_code_expect': 500, 'case_code_result': 200, 'case_response_expect': '{"data": {"hasEmployeeAccount": 0, "accountType": null, "needSafeVerify": false, "admin": 0, "scanKey": null, "verifyAgainKey": "", "accountId": "", "loginType": "", "userRoleType": null, "ssotoken": "", "gt": "53fdd942f0794875983f5510e22d653d", "geeSuccess": 1, "challenge": "95d569611a57e26c89a7a25e024e67a8", "needGeeTest": 1, "redirect": "", "success": 1, "companyId": "", "passwordKey": "", "newCaptcha": true, "needRealVerify": false, "mobile": "", "needVerifyAgain": 0}, "status": false, "message": "登录失败", "code": 1, "lanDic": null}\r\n', 'case_response_result': {'code': 1, 'message': '登录失败', 'status': False, 'data': {'success': 1, 'userRoleType': None, 'loginType': '', 'needVerifyAgain': 0, 'verifyAgainKey': '', 'passwordKey': '', 'accountId': '', 'accountType': None, 'companyId': '', 'mobile': '', 'admin': 0, 'ssotoken': '', 'redirect': '', 'needGeeTest': 1, 'geeSuccess': 1, 'newCaptcha': True, 'challenge': '4a2e4914c8bdd49e9f6b02b687a41331', 'gt': '53fdd942f0794875983f5510e22d653d', 'hasEmployeeAccount': 0, 'needRealVerify': False, 'needSafeVerify': False, 'scanKey': None}, 'lanDic': None}}], '3_jj_jj': [{'case_ID': '3', 'case_description': '为企鹅', 'case_URL': 'https://s.xinrenxinshi.com/account-center/service/sso/ajax-password-login', 'case_method': 'Post', 'case_request': {'verifyMode': '0', 'accountName': '+86-13681574534', 'password': 'fbd0204b381bd4', 'passwordKey': 'B6mkUcLLicDEHyHN1grueMuVbMUAdLGf', 'fromUrl': 'https://s.xinrenxinshi.com/headstatistic/index', 'source': 'default', 'innerVerifyKey': ''}, 'case_code_expect': 500, 'case_code_result': 200, 'case_response_expect': '{"data": {"hasEmployeeAccount": 0, "accountType": null, "needSafeVerify": false, "admin": 0, "scanKey": null, "verifyAgainKey": "", "accountId": "", "loginType": "", "userRoleType": null, "ssotoken": "", "gt": "53fdd942f0794875983f5510e22d653d", "geeSuccess": 1, "challenge": "95d569611a57e26c89a7a25e024e67a8", "needGeeTest": 1, "redirect": "", "success": 1, "companyId": "", "passwordKey": "", "newCaptcha": true, "needRealVerify": false, "mobile": "", "needVerifyAgain": 0}, "status": false, "message": "登录失败", "code": 1, "lanDic": null}\r\n', 'case_response_result': {'code': 1, 'message': '登录失败', 'status': False, 'data': {'success': 1, 'userRoleType': None, 'loginType': '', 'needVerifyAgain': 0, 'verifyAgainKey': '', 'passwordKey': '', 'accountId': '', 'accountType': None, 'companyId': '', 'mobile': '', 'admin': 0, 'ssotoken': '', 'redirect': '', 'needGeeTest': 1, 'geeSuccess': 1, 'newCaptcha': True, 'challenge': 'f2587f7ed6721b31d50a0cf68c185346', 'gt': '53fdd942f0794875983f5510e22d653d', 'hasEmployeeAccount': 0, 'needRealVerify': False, 'needSafeVerify': False, 'scanKey': None}, 'lanDic': None}}, {'case_ID': '2', 'case_description': 'casemiaoshu1', 'case_URL': 'https://s.xinrenxinshi.com/account-center/service/sso/ajax-password-login', 'case_method': 'Post', 'case_request': {'verifyMode': '0', 'accountName': '+86-13681574534', 'password': 'fbd0204b381bd4', 'passwordKey': 'B6mkUcLLicDEHyHN1grueMuVbMUAdLGf', 'fromUrl': 'https://s.xinrenxinshi.com/headstatistic/index', 'source': 'default', 'innerVerifyKey': ''}, 'case_code_expect': 201, 'case_code_result': 200, 'case_response_expect': '{"code":200,"data":{}}', 'case_response_result': {'code': 1, 'message': '登录失败', 'status': False, 'data': {'success': 1, 'userRoleType': None, 'loginType': '', 'needVerifyAgain': 0, 'verifyAgainKey': '', 'passwordKey': '', 'accountId': '', 'accountType': None, 'companyId': '', 'mobile': '', 'admin': 0, 'ssotoken': '', 'redirect': '', 'needGeeTest': 1, 'geeSuccess': 1, 'newCaptcha': True, 'challenge': '71d21a9ae06513c3a3515b368defac7d', 'gt': '53fdd942f0794875983f5510e22d653d', 'hasEmployeeAccount': 0, 'needRealVerify': False, 'needSafeVerify': False, 'scanKey': None}, 'lanDic': None}}]}-------------------> [in flow.py:179]
2023-08-25 19:23:36,029 INFO: <-------------------执行全部用例集开始-------------------> [in flow.py:179]
2023-08-25 19:23:36,029 INFO: <-------------------执行flow1-用例集1-------------------> [in flow.py:179]
2023-08-25 19:23:36,029 INFO: 获取case列表:1,2 [in flow.py:179]
2023-08-25 19:23:36,045 INFO: <-------------------执行case1-case描述-------------------> [in flow.py:179]
2023-08-25 19:23:36,069 INFO: case:1 从redis中获取参数失败 [in flow.py:179]
2023-08-25 19:23:36,069 INFO: 获取case:1参数化字典为:{'': ''} [in flow.py:179]
2023-08-25 19:23:36,070 INFO: 获取case:1请求参数为:{'verifyMode': '0', 'accountName': '+86-13681574534', 'password': 'fbd0204b381bd4', 'passwordKey': 'B6mkUcLLicDEHyHN1grueMuVbMUAdLGf', 'fromUrl': 'https://s.xinrenxinshi.com/headstatistic/index', 'source': 'default', 'innerVerifyKey': ''} [in flow.py:179]
2023-08-25 19:23:36,070 INFO: 获取case:1URL为:https://s.xinrenxinshi.com/account-center/service/sso/ajax-password-login [in flow.py:179]
2023-08-25 19:23:36,070 INFO: 获取case:1请求方式为:Post [in flow.py:179]
2023-08-25 19:23:36,199 INFO: <-------------------开始case:1断言验证-------------------> [in flow.py:179]
2023-08-25 19:23:36,199 INFO: 断言 code情况:True  [in flow.py:179]
2023-08-25 19:23:36,200 INFO: 断言response失败:获取case:1预期结果为{}实际结果为{'code': 1, 'message': '登录失败', 'status': False, 'data': {'success': 1, 'userRoleType': None, 'loginType': '', 'needVerifyAgain': 0, 'verifyAgainKey': '', 'passwordKey': '', 'accountId': '', 'accountType': None, 'companyId': '', 'mobile': '', 'admin': 0, 'ssotoken': '', 'redirect': '', 'needGeeTest': 1, 'geeSuccess': 1, 'newCaptcha': True, 'challenge': '8c468b60af540e4086a9fb1b56d53511', 'gt': '53fdd942f0794875983f5510e22d653d', 'hasEmployeeAccount': 0, 'needRealVerify': False, 'needSafeVerify': False, 'scanKey': None}, 'lanDic': None} [in flow.py:179]
2023-08-25 19:23:36,201 INFO: <-------------------将case:1返回参数化的值存到redis-------------------> [in flow.py:179]
2023-08-25 19:23:36,201 INFO: 返回参数化字典:{'': ''} [in flow.py:179]
2023-08-25 19:23:36,214 INFO: <-------------------执行case2-casemiaoshu1-------------------> [in flow.py:179]
2023-08-25 19:23:36,222 INFO: case:2 从redis中获取参数失败 [in flow.py:179]
2023-08-25 19:23:36,223 INFO: 获取case:2参数化字典为:{'': ''} [in flow.py:179]
2023-08-25 19:23:36,224 INFO: 获取case:2请求参数为:{'verifyMode': '0', 'accountName': '+86-13681574534', 'password': 'fbd0204b381bd4', 'passwordKey': 'B6mkUcLLicDEHyHN1grueMuVbMUAdLGf', 'fromUrl': 'https://s.xinrenxinshi.com/headstatistic/index', 'source': 'default', 'innerVerifyKey': ''} [in flow.py:179]
2023-08-25 19:23:36,225 INFO: 获取case:2URL为:https://s.xinrenxinshi.com/account-center/service/sso/ajax-password-login [in flow.py:179]
2023-08-25 19:23:36,225 INFO: 获取case:2请求方式为:Post [in flow.py:179]
2023-08-25 19:23:36,367 INFO: <-------------------开始case:2断言验证-------------------> [in flow.py:179]
2023-08-25 19:23:36,367 INFO: 断言 code 失败，预期结果为201，实际为200 [in flow.py:179]
2023-08-25 19:23:36,368 INFO: 断言response失败:获取case:2预期结果为{"code":200,"data":{}}实际结果为{'code': 1, 'message': '登录失败', 'status': False, 'data': {'success': 1, 'userRoleType': None, 'loginType': '', 'needVerifyAgain': 0, 'verifyAgainKey': '', 'passwordKey': '', 'accountId': '', 'accountType': None, 'companyId': '', 'mobile': '', 'admin': 0, 'ssotoken': '', 'redirect': '', 'needGeeTest': 1, 'geeSuccess': 1, 'newCaptcha': True, 'challenge': '98b93e3c92b39bc201f8a34bb56fb2dd', 'gt': '53fdd942f0794875983f5510e22d653d', 'hasEmployeeAccount': 0, 'needRealVerify': False, 'needSafeVerify': False, 'scanKey': None}, 'lanDic': None} [in flow.py:179]
2023-08-25 19:23:36,369 INFO: <-------------------将case:2返回参数化的值存到redis-------------------> [in flow.py:179]
2023-08-25 19:23:36,369 INFO: 返回参数化字典:{'': ''} [in flow.py:179]
2023-08-25 19:23:36,370 INFO: <-------------------执行flow2-hh-------------------> [in flow.py:179]
2023-08-25 19:23:36,370 INFO: 获取case列表:3 [in flow.py:179]
2023-08-25 19:23:36,389 INFO: <-------------------执行case3-为企鹅-------------------> [in flow.py:179]
2023-08-25 19:23:36,399 INFO: case:3 从redis中获取参数失败 [in flow.py:179]
2023-08-25 19:23:36,400 INFO: 获取case:3参数化字典为:{'': ''} [in flow.py:179]
2023-08-25 19:23:36,400 INFO: 获取case:3请求参数为:{'verifyMode': '0', 'accountName': '+86-13681574534', 'password': 'fbd0204b381bd4', 'passwordKey': 'B6mkUcLLicDEHyHN1grueMuVbMUAdLGf', 'fromUrl': 'https://s.xinrenxinshi.com/headstatistic/index', 'source': 'default', 'innerVerifyKey': ''} [in flow.py:179]
2023-08-25 19:23:36,401 INFO: 获取case:3URL为:https://s.xinrenxinshi.com/account-center/service/sso/ajax-password-login [in flow.py:179]
2023-08-25 19:23:36,401 INFO: 获取case:3请求方式为:Post [in flow.py:179]
2023-08-25 19:23:36,549 INFO: <-------------------开始case:3断言验证-------------------> [in flow.py:179]
2023-08-25 19:23:36,549 INFO: 断言 code 失败，预期结果为500，实际为200 [in flow.py:179]
2023-08-25 19:23:36,549 INFO: 断言response失败:获取case:3预期结果为{"data": {"hasEmployeeAccount": 0, "accountType": null, "needSafeVerify": false, "admin": 0, "scanKey": null, "verifyAgainKey": "", "accountId": "", "loginType": "", "userRoleType": null, "ssotoken": "", "gt": "53fdd942f0794875983f5510e22d653d", "geeSuccess": 1, "challenge": "95d569611a57e26c89a7a25e024e67a8", "needGeeTest": 1, "redirect": "", "success": 1, "companyId": "", "passwordKey": "", "newCaptcha": true, "needRealVerify": false, "mobile": "", "needVerifyAgain": 0}, "status": false, "message": "登录失败", "code": 1, "lanDic": null}
实际结果为{'code': 1, 'message': '登录失败', 'status': False, 'data': {'success': 1, 'userRoleType': None, 'loginType': '', 'needVerifyAgain': 0, 'verifyAgainKey': '', 'passwordKey': '', 'accountId': '', 'accountType': None, 'companyId': '', 'mobile': '', 'admin': 0, 'ssotoken': '', 'redirect': '', 'needGeeTest': 1, 'geeSuccess': 1, 'newCaptcha': True, 'challenge': '0ae178dddee0c0fe0acd489870ac8321', 'gt': '53fdd942f0794875983f5510e22d653d', 'hasEmployeeAccount': 0, 'needRealVerify': False, 'needSafeVerify': False, 'scanKey': None}, 'lanDic': None} [in flow.py:179]
2023-08-25 19:23:36,550 INFO: <-------------------将case:3返回参数化的值存到redis-------------------> [in flow.py:179]
2023-08-25 19:23:36,551 INFO: 返回参数化字典:{'': ''} [in flow.py:179]
2023-08-25 19:23:36,552 INFO: <-------------------执行flow3-jj-------------------> [in flow.py:179]
2023-08-25 19:23:36,552 INFO: 获取case列表:3,2 [in flow.py:179]
2023-08-25 19:23:36,553 INFO: <-------------------执行case3-为企鹅-------------------> [in flow.py:179]
2023-08-25 19:23:36,562 INFO: case:3 从redis中获取参数失败 [in flow.py:179]
2023-08-25 19:23:36,562 INFO: 获取case:3参数化字典为:{'': ''} [in flow.py:179]
2023-08-25 19:23:36,563 INFO: 获取case:3请求参数为:{'verifyMode': '0', 'accountName': '+86-13681574534', 'password': 'fbd0204b381bd4', 'passwordKey': 'B6mkUcLLicDEHyHN1grueMuVbMUAdLGf', 'fromUrl': 'https://s.xinrenxinshi.com/headstatistic/index', 'source': 'default', 'innerVerifyKey': ''} [in flow.py:179]
2023-08-25 19:23:36,564 INFO: 获取case:3URL为:https://s.xinrenxinshi.com/account-center/service/sso/ajax-password-login [in flow.py:179]
2023-08-25 19:23:36,564 INFO: 获取case:3请求方式为:Post [in flow.py:179]
2023-08-25 19:23:36,711 INFO: <-------------------开始case:3断言验证-------------------> [in flow.py:179]
2023-08-25 19:23:36,711 INFO: 断言 code 失败，预期结果为500，实际为200 [in flow.py:179]
2023-08-25 19:23:36,712 INFO: 断言response失败:获取case:3预期结果为{"data": {"hasEmployeeAccount": 0, "accountType": null, "needSafeVerify": false, "admin": 0, "scanKey": null, "verifyAgainKey": "", "accountId": "", "loginType": "", "userRoleType": null, "ssotoken": "", "gt": "53fdd942f0794875983f5510e22d653d", "geeSuccess": 1, "challenge": "95d569611a57e26c89a7a25e024e67a8", "needGeeTest": 1, "redirect": "", "success": 1, "companyId": "", "passwordKey": "", "newCaptcha": true, "needRealVerify": false, "mobile": "", "needVerifyAgain": 0}, "status": false, "message": "登录失败", "code": 1, "lanDic": null}
实际结果为{'code': 1, 'message': '登录失败', 'status': False, 'data': {'success': 1, 'userRoleType': None, 'loginType': '', 'needVerifyAgain': 0, 'verifyAgainKey': '', 'passwordKey': '', 'accountId': '', 'accountType': None, 'companyId': '', 'mobile': '', 'admin': 0, 'ssotoken': '', 'redirect': '', 'needGeeTest': 1, 'geeSuccess': 1, 'newCaptcha': True, 'challenge': 'ac9d9027601e30eac88e2d3a0d1441a1', 'gt': '53fdd942f0794875983f5510e22d653d', 'hasEmployeeAccount': 0, 'needRealVerify': False, 'needSafeVerify': False, 'scanKey': None}, 'lanDic': None} [in flow.py:179]
2023-08-25 19:23:36,713 INFO: <-------------------将case:3返回参数化的值存到redis-------------------> [in flow.py:179]
2023-08-25 19:23:36,713 INFO: 返回参数化字典:{'': ''} [in flow.py:179]
2023-08-25 19:23:36,726 INFO: <-------------------执行case2-casemiaoshu1-------------------> [in flow.py:179]
2023-08-25 19:23:36,735 INFO: case:2 从redis中获取参数失败 [in flow.py:179]
2023-08-25 19:23:36,736 INFO: 获取case:2参数化字典为:{'': ''} [in flow.py:179]
2023-08-25 19:23:36,736 INFO: 获取case:2请求参数为:{'verifyMode': '0', 'accountName': '+86-13681574534', 'password': 'fbd0204b381bd4', 'passwordKey': 'B6mkUcLLicDEHyHN1grueMuVbMUAdLGf', 'fromUrl': 'https://s.xinrenxinshi.com/headstatistic/index', 'source': 'default', 'innerVerifyKey': ''} [in flow.py:179]
2023-08-25 19:23:36,737 INFO: 获取case:2URL为:https://s.xinrenxinshi.com/account-center/service/sso/ajax-password-login [in flow.py:179]
2023-08-25 19:23:36,737 INFO: 获取case:2请求方式为:Post [in flow.py:179]
2023-08-25 19:23:36,889 INFO: <-------------------开始case:2断言验证-------------------> [in flow.py:179]
2023-08-25 19:23:36,889 INFO: 断言 code 失败，预期结果为201，实际为200 [in flow.py:179]
2023-08-25 19:23:36,890 INFO: 断言response失败:获取case:2预期结果为{"code":200,"data":{}}实际结果为{'code': 1, 'message': '登录失败', 'status': False, 'data': {'success': 1, 'userRoleType': None, 'loginType': '', 'needVerifyAgain': 0, 'verifyAgainKey': '', 'passwordKey': '', 'accountId': '', 'accountType': None, 'companyId': '', 'mobile': '', 'admin': 0, 'ssotoken': '', 'redirect': '', 'needGeeTest': 1, 'geeSuccess': 1, 'newCaptcha': True, 'challenge': '97446e9f16eaa17f96641dd9c56c58fa', 'gt': '53fdd942f0794875983f5510e22d653d', 'hasEmployeeAccount': 0, 'needRealVerify': False, 'needSafeVerify': False, 'scanKey': None}, 'lanDic': None} [in flow.py:179]
2023-08-25 19:23:36,890 INFO: <-------------------将case:2返回参数化的值存到redis-------------------> [in flow.py:179]
2023-08-25 19:23:36,891 INFO: 返回参数化字典:{'': ''} [in flow.py:179]
2023-08-25 19:23:36,891 INFO: <-------------------测试结果:操作时间2023-08-25 19:23:35 操作人admin 操作类型全部用例集 flow合计3 成功数量0 失败数量3 -------------------> [in flow.py:179]
2023-08-25 19:23:36,892 INFO: <-------------------失败情况{'1_工资_用例集1': [{'case_ID': '1', 'case_description': 'case描述', 'case_URL': 'https://s.xinrenxinshi.com/account-center/service/sso/ajax-password-login', 'case_method': 'Post', 'case_request': {'verifyMode': '0', 'accountName': '+86-13681574534', 'password': 'fbd0204b381bd4', 'passwordKey': 'B6mkUcLLicDEHyHN1grueMuVbMUAdLGf', 'fromUrl': 'https://s.xinrenxinshi.com/headstatistic/index', 'source': 'default', 'innerVerifyKey': ''}, 'case_code_expect': 200, 'case_code_result': 200, 'case_response_expect': '{}', 'case_response_result': {'code': 1, 'message': '登录失败', 'status': False, 'data': {'success': 1, 'userRoleType': None, 'loginType': '', 'needVerifyAgain': 0, 'verifyAgainKey': '', 'passwordKey': '', 'accountId': '', 'accountType': None, 'companyId': '', 'mobile': '', 'admin': 0, 'ssotoken': '', 'redirect': '', 'needGeeTest': 1, 'geeSuccess': 1, 'newCaptcha': True, 'challenge': '8c468b60af540e4086a9fb1b56d53511', 'gt': '53fdd942f0794875983f5510e22d653d', 'hasEmployeeAccount': 0, 'needRealVerify': False, 'needSafeVerify': False, 'scanKey': None}, 'lanDic': None}}, {'case_ID': '2', 'case_description': 'casemiaoshu1', 'case_URL': 'https://s.xinrenxinshi.com/account-center/service/sso/ajax-password-login', 'case_method': 'Post', 'case_request': {'verifyMode': '0', 'accountName': '+86-13681574534', 'password': 'fbd0204b381bd4', 'passwordKey': 'B6mkUcLLicDEHyHN1grueMuVbMUAdLGf', 'fromUrl': 'https://s.xinrenxinshi.com/headstatistic/index', 'source': 'default', 'innerVerifyKey': ''}, 'case_code_expect': 201, 'case_code_result': 200, 'case_response_expect': '{"code":200,"data":{}}', 'case_response_result': {'code': 1, 'message': '登录失败', 'status': False, 'data': {'success': 1, 'userRoleType': None, 'loginType': '', 'needVerifyAgain': 0, 'verifyAgainKey': '', 'passwordKey': '', 'accountId': '', 'accountType': None, 'companyId': '', 'mobile': '', 'admin': 0, 'ssotoken': '', 'redirect': '', 'needGeeTest': 1, 'geeSuccess': 1, 'newCaptcha': True, 'challenge': '98b93e3c92b39bc201f8a34bb56fb2dd', 'gt': '53fdd942f0794875983f5510e22d653d', 'hasEmployeeAccount': 0, 'needRealVerify': False, 'needSafeVerify': False, 'scanKey': None}, 'lanDic': None}}], '2_hh_hh': [{'case_ID': '3', 'case_description': '为企鹅', 'case_URL': 'https://s.xinrenxinshi.com/account-center/service/sso/ajax-password-login', 'case_method': 'Post', 'case_request': {'verifyMode': '0', 'accountName': '+86-13681574534', 'password': 'fbd0204b381bd4', 'passwordKey': 'B6mkUcLLicDEHyHN1grueMuVbMUAdLGf', 'fromUrl': 'https://s.xinrenxinshi.com/headstatistic/index', 'source': 'default', 'innerVerifyKey': ''}, 'case_code_expect': 500, 'case_code_result': 200, 'case_response_expect': '{"data": {"hasEmployeeAccount": 0, "accountType": null, "needSafeVerify": false, "admin": 0, "scanKey": null, "verifyAgainKey": "", "accountId": "", "loginType": "", "userRoleType": null, "ssotoken": "", "gt": "53fdd942f0794875983f5510e22d653d", "geeSuccess": 1, "challenge": "95d569611a57e26c89a7a25e024e67a8", "needGeeTest": 1, "redirect": "", "success": 1, "companyId": "", "passwordKey": "", "newCaptcha": true, "needRealVerify": false, "mobile": "", "needVerifyAgain": 0}, "status": false, "message": "登录失败", "code": 1, "lanDic": null}\r\n', 'case_response_result': {'code': 1, 'message': '登录失败', 'status': False, 'data': {'success': 1, 'userRoleType': None, 'loginType': '', 'needVerifyAgain': 0, 'verifyAgainKey': '', 'passwordKey': '', 'accountId': '', 'accountType': None, 'companyId': '', 'mobile': '', 'admin': 0, 'ssotoken': '', 'redirect': '', 'needGeeTest': 1, 'geeSuccess': 1, 'newCaptcha': True, 'challenge': '0ae178dddee0c0fe0acd489870ac8321', 'gt': '53fdd942f0794875983f5510e22d653d', 'hasEmployeeAccount': 0, 'needRealVerify': False, 'needSafeVerify': False, 'scanKey': None}, 'lanDic': None}}], '3_jj_jj': [{'case_ID': '3', 'case_description': '为企鹅', 'case_URL': 'https://s.xinrenxinshi.com/account-center/service/sso/ajax-password-login', 'case_method': 'Post', 'case_request': {'verifyMode': '0', 'accountName': '+86-13681574534', 'password': 'fbd0204b381bd4', 'passwordKey': 'B6mkUcLLicDEHyHN1grueMuVbMUAdLGf', 'fromUrl': 'https://s.xinrenxinshi.com/headstatistic/index', 'source': 'default', 'innerVerifyKey': ''}, 'case_code_expect': 500, 'case_code_result': 200, 'case_response_expect': '{"data": {"hasEmployeeAccount": 0, "accountType": null, "needSafeVerify": false, "admin": 0, "scanKey": null, "verifyAgainKey": "", "accountId": "", "loginType": "", "userRoleType": null, "ssotoken": "", "gt": "53fdd942f0794875983f5510e22d653d", "geeSuccess": 1, "challenge": "95d569611a57e26c89a7a25e024e67a8", "needGeeTest": 1, "redirect": "", "success": 1, "companyId": "", "passwordKey": "", "newCaptcha": true, "needRealVerify": false, "mobile": "", "needVerifyAgain": 0}, "status": false, "message": "登录失败", "code": 1, "lanDic": null}\r\n', 'case_response_result': {'code': 1, 'message': '登录失败', 'status': False, 'data': {'success': 1, 'userRoleType': None, 'loginType': '', 'needVerifyAgain': 0, 'verifyAgainKey': '', 'passwordKey': '', 'accountId': '', 'accountType': None, 'companyId': '', 'mobile': '', 'admin': 0, 'ssotoken': '', 'redirect': '', 'needGeeTest': 1, 'geeSuccess': 1, 'newCaptcha': True, 'challenge': 'ac9d9027601e30eac88e2d3a0d1441a1', 'gt': '53fdd942f0794875983f5510e22d653d', 'hasEmployeeAccount': 0, 'needRealVerify': False, 'needSafeVerify': False, 'scanKey': None}, 'lanDic': None}}, {'case_ID': '2', 'case_description': 'casemiaoshu1', 'case_URL': 'https://s.xinrenxinshi.com/account-center/service/sso/ajax-password-login', 'case_method': 'Post', 'case_request': {'verifyMode': '0', 'accountName': '+86-13681574534', 'password': 'fbd0204b381bd4', 'passwordKey': 'B6mkUcLLicDEHyHN1grueMuVbMUAdLGf', 'fromUrl': 'https://s.xinrenxinshi.com/headstatistic/index', 'source': 'default', 'innerVerifyKey': ''}, 'case_code_expect': 201, 'case_code_result': 200, 'case_response_expect': '{"code":200,"data":{}}', 'case_response_result': {'code': 1, 'message': '登录失败', 'status': False, 'data': {'success': 1, 'userRoleType': None, 'loginType': '', 'needVerifyAgain': 0, 'verifyAgainKey': '', 'passwordKey': '', 'accountId': '', 'accountType': None, 'companyId': '', 'mobile': '', 'admin': 0, 'ssotoken': '', 'redirect': '', 'needGeeTest': 1, 'geeSuccess': 1, 'newCaptcha': True, 'challenge': '97446e9f16eaa17f96641dd9c56c58fa', 'gt': '53fdd942f0794875983f5510e22d653d', 'hasEmployeeAccount': 0, 'needRealVerify': False, 'needSafeVerify': False, 'scanKey': None}, 'lanDic': None}}]}-------------------> [in flow.py:179]
2023-08-25 19:26:41,796 INFO: <-------------------执行全部用例集开始-------------------> [in flow.py:179]
2023-08-25 19:26:41,799 INFO: <-------------------执行flow1-用例集1-------------------> [in flow.py:179]
2023-08-25 19:26:41,800 INFO: 获取case列表:1,2 [in flow.py:179]
2023-08-25 19:26:41,812 INFO: <-------------------执行case1-case描述-------------------> [in flow.py:179]
2023-08-25 19:26:41,833 INFO: case:1 从redis中获取参数失败 [in flow.py:179]
2023-08-25 19:26:41,834 INFO: 获取case:1参数化字典为:{'': ''} [in flow.py:179]
2023-08-25 19:26:41,834 INFO: 获取case:1请求参数为:{'verifyMode': '0', 'accountName': '+86-13681574534', 'password': 'fbd0204b381bd4', 'passwordKey': 'B6mkUcLLicDEHyHN1grueMuVbMUAdLGf', 'fromUrl': 'https://s.xinrenxinshi.com/headstatistic/index', 'source': 'default', 'innerVerifyKey': ''} [in flow.py:179]
2023-08-25 19:26:41,835 INFO: 获取case:1URL为:https://s.xinrenxinshi.com/account-center/service/sso/ajax-password-login [in flow.py:179]
2023-08-25 19:26:41,836 INFO: 获取case:1请求方式为:Post [in flow.py:179]
2023-08-25 19:26:41,988 INFO: <-------------------开始case:1断言验证-------------------> [in flow.py:179]
2023-08-25 19:26:41,988 INFO: 断言 code情况:True  [in flow.py:179]
2023-08-25 19:26:41,989 INFO: 断言response失败:获取case:1预期结果为{}实际结果为{'code': 1, 'message': '登录失败', 'status': False, 'data': {'success': 1, 'userRoleType': None, 'loginType': '', 'needVerifyAgain': 0, 'verifyAgainKey': '', 'passwordKey': '', 'accountId': '', 'accountType': None, 'companyId': '', 'mobile': '', 'admin': 0, 'ssotoken': '', 'redirect': '', 'needGeeTest': 1, 'geeSuccess': 1, 'newCaptcha': True, 'challenge': '90356f45291c1dbecee74419ef47e0ae', 'gt': '53fdd942f0794875983f5510e22d653d', 'hasEmployeeAccount': 0, 'needRealVerify': False, 'needSafeVerify': False, 'scanKey': None}, 'lanDic': None} [in flow.py:179]
2023-08-25 19:26:41,989 INFO: <-------------------将case:1返回参数化的值存到redis-------------------> [in flow.py:179]
2023-08-25 19:26:41,990 INFO: 返回参数化字典:{'': ''} [in flow.py:179]
2023-08-25 19:26:42,003 INFO: <-------------------执行case2-casemiaoshu1-------------------> [in flow.py:179]
2023-08-25 19:26:42,011 INFO: case:2 从redis中获取参数失败 [in flow.py:179]
2023-08-25 19:26:42,012 INFO: 获取case:2参数化字典为:{'': ''} [in flow.py:179]
2023-08-25 19:26:42,012 INFO: 获取case:2请求参数为:{'verifyMode': '0', 'accountName': '+86-13681574534', 'password': 'fbd0204b381bd4', 'passwordKey': 'B6mkUcLLicDEHyHN1grueMuVbMUAdLGf', 'fromUrl': 'https://s.xinrenxinshi.com/headstatistic/index', 'source': 'default', 'innerVerifyKey': ''} [in flow.py:179]
2023-08-25 19:26:42,012 INFO: 获取case:2URL为:https://s.xinrenxinshi.com/account-center/service/sso/ajax-password-login [in flow.py:179]
2023-08-25 19:26:42,013 INFO: 获取case:2请求方式为:Post [in flow.py:179]
2023-08-25 19:26:42,265 INFO: <-------------------开始case:2断言验证-------------------> [in flow.py:179]
2023-08-25 19:26:42,265 INFO: 断言 code 失败，预期结果为201，实际为200 [in flow.py:179]
2023-08-25 19:26:42,266 INFO: 断言response失败:获取case:2预期结果为{"code":200,"data":{}}实际结果为{'code': 1, 'message': '登录失败', 'status': False, 'data': {'success': 1, 'userRoleType': None, 'loginType': '', 'needVerifyAgain': 0, 'verifyAgainKey': '', 'passwordKey': '', 'accountId': '', 'accountType': None, 'companyId': '', 'mobile': '', 'admin': 0, 'ssotoken': '', 'redirect': '', 'needGeeTest': 1, 'geeSuccess': 1, 'newCaptcha': True, 'challenge': 'b6d680d73b597ce48501c3d4d309513b', 'gt': '53fdd942f0794875983f5510e22d653d', 'hasEmployeeAccount': 0, 'needRealVerify': False, 'needSafeVerify': False, 'scanKey': None}, 'lanDic': None} [in flow.py:179]
2023-08-25 19:26:42,266 INFO: <-------------------将case:2返回参数化的值存到redis-------------------> [in flow.py:179]
2023-08-25 19:26:42,267 INFO: 返回参数化字典:{'': ''} [in flow.py:179]
2023-08-25 19:26:42,267 INFO: <-------------------执行flow2-hh-------------------> [in flow.py:179]
2023-08-25 19:26:42,268 INFO: 获取case列表:3 [in flow.py:179]
2023-08-25 19:26:42,347 INFO: <-------------------执行case3-为企鹅-------------------> [in flow.py:179]
