2023-08-25 19:26:41,796 INFO: <-------------------执行全部用例集开始-------------------> [in flow.py:179]
2023-08-25 19:26:41,799 INFO: <-------------------执行flow1-用例集1-------------------> [in flow.py:179]
2023-08-25 19:26:41,800 INFO: 获取case列表:1,2 [in flow.py:179]
2023-08-25 19:26:41,812 INFO: <-------------------执行case1-case描述-------------------> [in flow.py:179]
2023-08-25 19:26:41,833 INFO: case:1 从redis中获取参数失败 [in flow.py:179]
2023-08-25 19:26:41,834 INFO: 获取case:1参数化字典为:{'': ''} [in flow.py:179]
2023-08-25 19:26:41,834 INFO: 获取case:1请求参数为:{'verifyMode': '0', 'accountName': '+86-13681574534', 'password': 'fbd0204b381bd4', 'passwordKey': 'B6mkUcLLicDEHyHN1grueMuVbMUAdLGf', 'fromUrl': 'https://s.xinrenxinshi.com/headstatistic/index', 'source': 'default', 'innerVerifyKey': ''} [in flow.py:179]
2023-08-25 19:26:41,835 INFO: 获取case:1URL为:https://s.xinrenxinshi.com/account-center/service/sso/ajax-password-login [in flow.py:179]
2023-08-25 19:26:41,836 INFO: 获取case:1请求方式为:Post [in flow.py:179]
2023-08-25 19:26:41,988 INFO: <-------------------开始case:1断言验证-------------------> [in flow.py:179]
2023-08-25 19:26:41,988 INFO: 断言 code情况:True  [in flow.py:179]
2023-08-25 19:26:41,989 INFO: 断言response失败:获取case:1预期结果为{}实际结果为{'code': 1, 'message': '登录失败', 'status': False, 'data': {'success': 1, 'userRoleType': None, 'loginType': '', 'needVerifyAgain': 0, 'verifyAgainKey': '', 'passwordKey': '', 'accountId': '', 'accountType': None, 'companyId': '', 'mobile': '', 'admin': 0, 'ssotoken': '', 'redirect': '', 'needGeeTest': 1, 'geeSuccess': 1, 'newCaptcha': True, 'challenge': '90356f45291c1dbecee74419ef47e0ae', 'gt': '53fdd942f0794875983f5510e22d653d', 'hasEmployeeAccount': 0, 'needRealVerify': False, 'needSafeVerify': False, 'scanKey': None}, 'lanDic': None} [in flow.py:179]
2023-08-25 19:26:41,989 INFO: <-------------------将case:1返回参数化的值存到redis-------------------> [in flow.py:179]
2023-08-25 19:26:41,990 INFO: 返回参数化字典:{'': ''} [in flow.py:179]
2023-08-25 19:26:42,003 INFO: <-------------------执行case2-casemiaoshu1-------------------> [in flow.py:179]
2023-08-25 19:26:42,011 INFO: case:2 从redis中获取参数失败 [in flow.py:179]
2023-08-25 19:26:42,012 INFO: 获取case:2参数化字典为:{'': ''} [in flow.py:179]
2023-08-25 19:26:42,012 INFO: 获取case:2请求参数为:{'verifyMode': '0', 'accountName': '+86-13681574534', 'password': 'fbd0204b381bd4', 'passwordKey': 'B6mkUcLLicDEHyHN1grueMuVbMUAdLGf', 'fromUrl': 'https://s.xinrenxinshi.com/headstatistic/index', 'source': 'default', 'innerVerifyKey': ''} [in flow.py:179]
2023-08-25 19:26:42,012 INFO: 获取case:2URL为:https://s.xinrenxinshi.com/account-center/service/sso/ajax-password-login [in flow.py:179]
2023-08-25 19:26:42,013 INFO: 获取case:2请求方式为:Post [in flow.py:179]
2023-08-25 19:26:42,265 INFO: <-------------------开始case:2断言验证-------------------> [in flow.py:179]
2023-08-25 19:26:42,265 INFO: 断言 code 失败，预期结果为201，实际为200 [in flow.py:179]
2023-08-25 19:26:42,266 INFO: 断言response失败:获取case:2预期结果为{"code":200,"data":{}}实际结果为{'code': 1, 'message': '登录失败', 'status': False, 'data': {'success': 1, 'userRoleType': None, 'loginType': '', 'needVerifyAgain': 0, 'verifyAgainKey': '', 'passwordKey': '', 'accountId': '', 'accountType': None, 'companyId': '', 'mobile': '', 'admin': 0, 'ssotoken': '', 'redirect': '', 'needGeeTest': 1, 'geeSuccess': 1, 'newCaptcha': True, 'challenge': 'b6d680d73b597ce48501c3d4d309513b', 'gt': '53fdd942f0794875983f5510e22d653d', 'hasEmployeeAccount': 0, 'needRealVerify': False, 'needSafeVerify': False, 'scanKey': None}, 'lanDic': None} [in flow.py:179]
2023-08-25 19:26:42,266 INFO: <-------------------将case:2返回参数化的值存到redis-------------------> [in flow.py:179]
2023-08-25 19:26:42,267 INFO: 返回参数化字典:{'': ''} [in flow.py:179]
2023-08-25 19:26:42,267 INFO: <-------------------执行flow2-hh-------------------> [in flow.py:179]
2023-08-25 19:26:42,268 INFO: 获取case列表:3 [in flow.py:179]
2023-08-25 19:26:42,347 INFO: <-------------------执行case3-为企鹅-------------------> [in flow.py:179]
