2023-08-25 19:39:09,529 INFO: <-------------------执行全部用例集开始-------------------> [in flow.py:179]
2023-08-25 19:39:09,533 INFO: <-------------------执行flow1-用例集1-------------------> [in flow.py:179]
2023-08-25 19:39:09,534 INFO: 获取case列表:1,2 [in flow.py:179]
2023-08-25 19:39:09,547 INFO: <-------------------执行case1-case描述-------------------> [in flow.py:179]
2023-08-25 19:39:09,566 INFO: case:1 从redis中获取参数失败 [in flow.py:179]
2023-08-25 19:39:09,567 INFO: 获取case:1参数化字典为:{'': ''} [in flow.py:179]
2023-08-25 19:39:09,568 INFO: 获取case:1请求参数为:{'verifyMode': '0', 'accountName': '+86-13681574534', 'password': 'fbd0204b381bd4', 'passwordKey': 'B6mkUcLLicDEHyHN1grueMuVbMUAdLGf', 'fromUrl': 'https://s.xinrenxinshi.com/headstatistic/index', 'source': 'default', 'innerVerifyKey': ''} [in flow.py:179]
2023-08-25 19:39:09,569 INFO: 获取case:1URL为:https://s.xinrenxinshi.com/account-center/service/sso/ajax-password-login [in flow.py:179]
2023-08-25 19:39:09,570 INFO: 获取case:1请求方式为:Post [in flow.py:179]
2023-08-25 19:39:09,704 INFO: <-------------------开始case:1断言验证-------------------> [in flow.py:179]
2023-08-25 19:39:09,705 INFO: 断言 code情况:True  [in flow.py:179]
2023-08-25 19:39:09,706 INFO: 断言response失败:获取case:1预期结果为{}实际结果为{'code': 1, 'message': '登录失败', 'status': False, 'data': {'success': 1, 'userRoleType': None, 'loginType': '', 'needVerifyAgain': 0, 'verifyAgainKey': '', 'passwordKey': '', 'accountId': '', 'accountType': None, 'companyId': '', 'mobile': '', 'admin': 0, 'ssotoken': '', 'redirect': '', 'needGeeTest': 1, 'geeSuccess': 1, 'newCaptcha': True, 'challenge': '01c9e6e01adc93eb4c9a25815b16d59d', 'gt': '53fdd942f0794875983f5510e22d653d', 'hasEmployeeAccount': 0, 'needRealVerify': False, 'needSafeVerify': False, 'scanKey': None}, 'lanDic': None} [in flow.py:179]
2023-08-25 19:39:09,707 INFO: <-------------------将case:1返回参数化的值存到redis-------------------> [in flow.py:179]
2023-08-25 19:39:09,707 INFO: 返回参数化字典:{'': ''} [in flow.py:179]
2023-08-25 19:39:09,719 INFO: <-------------------执行case2-casemiaoshu1-------------------> [in flow.py:179]
2023-08-25 19:39:09,727 INFO: case:2 从redis中获取参数失败 [in flow.py:179]
2023-08-25 19:39:09,728 INFO: 获取case:2参数化字典为:{'': ''} [in flow.py:179]
2023-08-25 19:39:09,728 INFO: 获取case:2请求参数为:{'verifyMode': '0', 'accountName': '+86-13681574534', 'password': 'fbd0204b381bd4', 'passwordKey': 'B6mkUcLLicDEHyHN1grueMuVbMUAdLGf', 'fromUrl': 'https://s.xinrenxinshi.com/headstatistic/index', 'source': 'default', 'innerVerifyKey': ''} [in flow.py:179]
2023-08-25 19:39:09,729 INFO: 获取case:2URL为:https://s.xinrenxinshi.com/account-center/service/sso/ajax-password-login [in flow.py:179]
2023-08-25 19:39:09,729 INFO: 获取case:2请求方式为:Post [in flow.py:179]
2023-08-25 19:39:09,891 INFO: <-------------------开始case:2断言验证-------------------> [in flow.py:179]
2023-08-25 19:39:09,892 INFO: 断言 code 失败，预期结果为201，实际为200 [in flow.py:179]
2023-08-25 19:39:09,893 INFO: 断言response失败:获取case:2预期结果为{"code":200,"data":{}}实际结果为{'code': 1, 'message': '登录失败', 'status': False, 'data': {'success': 1, 'userRoleType': None, 'loginType': '', 'needVerifyAgain': 0, 'verifyAgainKey': '', 'passwordKey': '', 'accountId': '', 'accountType': None, 'companyId': '', 'mobile': '', 'admin': 0, 'ssotoken': '', 'redirect': '', 'needGeeTest': 1, 'geeSuccess': 1, 'newCaptcha': True, 'challenge': '4a32e15b84d0897d002e7c9fef9aeb35', 'gt': '53fdd942f0794875983f5510e22d653d', 'hasEmployeeAccount': 0, 'needRealVerify': False, 'needSafeVerify': False, 'scanKey': None}, 'lanDic': None} [in flow.py:179]
2023-08-25 19:39:09,893 INFO: <-------------------将case:2返回参数化的值存到redis-------------------> [in flow.py:179]
2023-08-25 19:39:09,894 INFO: 返回参数化字典:{'': ''} [in flow.py:179]
2023-08-25 19:39:09,894 INFO: <-------------------执行flow2-hh-------------------> [in flow.py:179]
2023-08-25 19:39:09,895 INFO: 获取case列表:3 [in flow.py:179]
2023-08-25 19:39:09,914 INFO: <-------------------执行case3-为企鹅-------------------> [in flow.py:179]
2023-08-25 19:39:09,927 INFO: 获取case:3URL为:https://s.xinrenxinshi.com/support/service/support/ajax-get-telephone-code [in flow.py:179]
2023-08-25 19:39:09,928 INFO: 获取case:3请求方式为:Get [in flow.py:179]
2023-08-25 19:39:10,008 INFO: <-------------------开始case:3断言验证-------------------> [in flow.py:179]
2023-08-25 19:39:10,009 INFO: 断言 code情况:True  [in flow.py:179]
2023-08-25 19:39:10,010 INFO: 断言response结果:True  [in flow.py:179]
2023-08-25 19:39:10,010 INFO: <-------------------将case:3返回参数化的值存到redis-------------------> [in flow.py:179]
2023-08-25 19:39:10,011 INFO: 返回参数化字典:{'': ''} [in flow.py:179]
2023-08-25 19:39:10,011 INFO: <-------------------执行flow3-jj-------------------> [in flow.py:179]
2023-08-25 19:39:10,012 INFO: 获取case列表:3,2 [in flow.py:179]
2023-08-25 19:39:10,013 INFO: <-------------------执行case3-为企鹅-------------------> [in flow.py:179]
2023-08-25 19:39:10,014 INFO: 获取case:3URL为:https://s.xinrenxinshi.com/support/service/support/ajax-get-telephone-code [in flow.py:179]
2023-08-25 19:39:10,014 INFO: 获取case:3请求方式为:Get [in flow.py:179]
2023-08-25 19:39:10,082 INFO: <-------------------开始case:3断言验证-------------------> [in flow.py:179]
2023-08-25 19:39:10,083 INFO: 断言 code情况:True  [in flow.py:179]
2023-08-25 19:39:10,084 INFO: 断言response结果:True  [in flow.py:179]
2023-08-25 19:39:10,085 INFO: <-------------------将case:3返回参数化的值存到redis-------------------> [in flow.py:179]
2023-08-25 19:39:10,085 INFO: 返回参数化字典:{'': ''} [in flow.py:179]
2023-08-25 19:39:10,100 INFO: <-------------------执行case2-casemiaoshu1-------------------> [in flow.py:179]
2023-08-25 19:39:10,120 INFO: case:2 从redis中获取参数失败 [in flow.py:179]
2023-08-25 19:39:10,121 INFO: 获取case:2参数化字典为:{'': ''} [in flow.py:179]
2023-08-25 19:39:10,121 INFO: 获取case:2请求参数为:{'verifyMode': '0', 'accountName': '+86-13681574534', 'password': 'fbd0204b381bd4', 'passwordKey': 'B6mkUcLLicDEHyHN1grueMuVbMUAdLGf', 'fromUrl': 'https://s.xinrenxinshi.com/headstatistic/index', 'source': 'default', 'innerVerifyKey': ''} [in flow.py:179]
2023-08-25 19:39:10,122 INFO: 获取case:2URL为:https://s.xinrenxinshi.com/account-center/service/sso/ajax-password-login [in flow.py:179]
2023-08-25 19:39:10,122 INFO: 获取case:2请求方式为:Post [in flow.py:179]
2023-08-25 19:39:10,279 INFO: <-------------------开始case:2断言验证-------------------> [in flow.py:179]
2023-08-25 19:39:10,280 INFO: 断言 code 失败，预期结果为201，实际为200 [in flow.py:179]
2023-08-25 19:39:10,280 INFO: 断言response失败:获取case:2预期结果为{"code":200,"data":{}}实际结果为{'code': 1, 'message': '登录失败', 'status': False, 'data': {'success': 1, 'userRoleType': None, 'loginType': '', 'needVerifyAgain': 0, 'verifyAgainKey': '', 'passwordKey': '', 'accountId': '', 'accountType': None, 'companyId': '', 'mobile': '', 'admin': 0, 'ssotoken': '', 'redirect': '', 'needGeeTest': 1, 'geeSuccess': 1, 'newCaptcha': True, 'challenge': 'b267ff07077a34c21ecdcc4fe0199799', 'gt': '53fdd942f0794875983f5510e22d653d', 'hasEmployeeAccount': 0, 'needRealVerify': False, 'needSafeVerify': False, 'scanKey': None}, 'lanDic': None} [in flow.py:179]
2023-08-25 19:39:10,281 INFO: <-------------------将case:2返回参数化的值存到redis-------------------> [in flow.py:179]
2023-08-25 19:39:10,282 INFO: 返回参数化字典:{'': ''} [in flow.py:179]
2023-08-25 19:39:10,282 INFO: <-------------------测试结果:操作时间2023-08-25 19:39:09 操作人admin 操作类型全部用例集 flow合计3 成功数量1 失败数量2 -------------------> [in flow.py:179]
2023-08-25 19:39:10,283 INFO: <-------------------失败情况{'1_工资_用例集1': [{'case_ID': '1', 'case_description': 'case描述', 'case_URL': 'https://s.xinrenxinshi.com/account-center/service/sso/ajax-password-login', 'case_method': 'Post', 'case_request': {'verifyMode': '0', 'accountName': '+86-13681574534', 'password': 'fbd0204b381bd4', 'passwordKey': 'B6mkUcLLicDEHyHN1grueMuVbMUAdLGf', 'fromUrl': 'https://s.xinrenxinshi.com/headstatistic/index', 'source': 'default', 'innerVerifyKey': ''}, 'case_code_expect': 200, 'case_code_result': 200, 'case_response_expect': '{}', 'case_response_result': {'code': 1, 'message': '登录失败', 'status': False, 'data': {'success': 1, 'userRoleType': None, 'loginType': '', 'needVerifyAgain': 0, 'verifyAgainKey': '', 'passwordKey': '', 'accountId': '', 'accountType': None, 'companyId': '', 'mobile': '', 'admin': 0, 'ssotoken': '', 'redirect': '', 'needGeeTest': 1, 'geeSuccess': 1, 'newCaptcha': True, 'challenge': '01c9e6e01adc93eb4c9a25815b16d59d', 'gt': '53fdd942f0794875983f5510e22d653d', 'hasEmployeeAccount': 0, 'needRealVerify': False, 'needSafeVerify': False, 'scanKey': None}, 'lanDic': None}}, {'case_ID': '2', 'case_description': 'casemiaoshu1', 'case_URL': 'https://s.xinrenxinshi.com/account-center/service/sso/ajax-password-login', 'case_method': 'Post', 'case_request': {'verifyMode': '0', 'accountName': '+86-13681574534', 'password': 'fbd0204b381bd4', 'passwordKey': 'B6mkUcLLicDEHyHN1grueMuVbMUAdLGf', 'fromUrl': 'https://s.xinrenxinshi.com/headstatistic/index', 'source': 'default', 'innerVerifyKey': ''}, 'case_code_expect': 201, 'case_code_result': 200, 'case_response_expect': '{"code":200,"data":{}}', 'case_response_result': {'code': 1, 'message': '登录失败', 'status': False, 'data': {'success': 1, 'userRoleType': None, 'loginType': '', 'needVerifyAgain': 0, 'verifyAgainKey': '', 'passwordKey': '', 'accountId': '', 'accountType': None, 'companyId': '', 'mobile': '', 'admin': 0, 'ssotoken': '', 'redirect': '', 'needGeeTest': 1, 'geeSuccess': 1, 'newCaptcha': True, 'challenge': '4a32e15b84d0897d002e7c9fef9aeb35', 'gt': '53fdd942f0794875983f5510e22d653d', 'hasEmployeeAccount': 0, 'needRealVerify': False, 'needSafeVerify': False, 'scanKey': None}, 'lanDic': None}}], '3_jj_jj': [{'case_ID': '2', 'case_description': 'casemiaoshu1', 'case_URL': 'https://s.xinrenxinshi.com/account-center/service/sso/ajax-password-login', 'case_method': 'Post', 'case_request': {'verifyMode': '0', 'accountName': '+86-13681574534', 'password': 'fbd0204b381bd4', 'passwordKey': 'B6mkUcLLicDEHyHN1grueMuVbMUAdLGf', 'fromUrl': 'https://s.xinrenxinshi.com/headstatistic/index', 'source': 'default', 'innerVerifyKey': ''}, 'case_code_expect': 201, 'case_code_result': 200, 'case_response_expect': '{"code":200,"data":{}}', 'case_response_result': {'code': 1, 'message': '登录失败', 'status': False, 'data': {'success': 1, 'userRoleType': None, 'loginType': '', 'needVerifyAgain': 0, 'verifyAgainKey': '', 'passwordKey': '', 'accountId': '', 'accountType': None, 'companyId': '', 'mobile': '', 'admin': 0, 'ssotoken': '', 'redirect': '', 'needGeeTest': 1, 'geeSuccess': 1, 'newCaptcha': True, 'challenge': 'b267ff07077a34c21ecdcc4fe0199799', 'gt': '53fdd942f0794875983f5510e22d653d', 'hasEmployeeAccount': 0, 'needRealVerify': False, 'needSafeVerify': False, 'scanKey': None}, 'lanDic': None}}]}-------------------> [in flow.py:179]
2023-08-25 19:40:03,781 INFO: <-------------------执行全部用例集开始-------------------> [in flow.py:179]
2023-08-25 19:40:03,786 INFO: <-------------------执行flow1-用例集1-------------------> [in flow.py:179]
2023-08-25 19:40:03,787 INFO: 获取case列表:1,2 [in flow.py:179]
2023-08-25 19:40:03,799 INFO: <-------------------执行case1-case描述-------------------> [in flow.py:179]
2023-08-25 19:40:03,818 INFO: case:1 从redis中获取参数失败 [in flow.py:179]
2023-08-25 19:40:03,819 INFO: 获取case:1参数化字典为:{'': ''} [in flow.py:179]
2023-08-25 19:40:03,820 INFO: 获取case:1请求参数为:{'verifyMode': '0', 'accountName': '+86-13681574534', 'password': 'fbd0204b381bd4', 'passwordKey': 'B6mkUcLLicDEHyHN1grueMuVbMUAdLGf', 'fromUrl': 'https://s.xinrenxinshi.com/headstatistic/index', 'source': 'default', 'innerVerifyKey': ''} [in flow.py:179]
2023-08-25 19:40:03,821 INFO: 获取case:1URL为:https://s.xinrenxinshi.com/account-center/service/sso/ajax-password-login [in flow.py:179]
2023-08-25 19:40:03,822 INFO: 获取case:1请求方式为:Post [in flow.py:179]
2023-08-25 19:40:03,999 INFO: <-------------------开始case:1断言验证-------------------> [in flow.py:179]
2023-08-25 19:40:04,001 INFO: 断言 code情况:True  [in flow.py:179]
2023-08-25 19:40:04,003 INFO: 断言response失败:获取case:1预期结果为{}实际结果为{'code': 1, 'message': '登录失败', 'status': False, 'data': {'success': 1, 'userRoleType': None, 'loginType': '', 'needVerifyAgain': 0, 'verifyAgainKey': '', 'passwordKey': '', 'accountId': '', 'accountType': None, 'companyId': '', 'mobile': '', 'admin': 0, 'ssotoken': '', 'redirect': '', 'needGeeTest': 1, 'geeSuccess': 1, 'newCaptcha': True, 'challenge': '2c25c4135e7de324c656d06c7d7a97b4', 'gt': '53fdd942f0794875983f5510e22d653d', 'hasEmployeeAccount': 0, 'needRealVerify': False, 'needSafeVerify': False, 'scanKey': None}, 'lanDic': None} [in flow.py:179]
2023-08-25 19:40:04,004 INFO: <-------------------将case:1返回参数化的值存到redis-------------------> [in flow.py:179]
2023-08-25 19:40:04,005 INFO: 返回参数化字典:{'': ''} [in flow.py:179]
2023-08-25 19:40:04,018 INFO: <-------------------执行case2-casemiaoshu1-------------------> [in flow.py:179]
2023-08-25 19:40:04,027 INFO: case:2 从redis中获取参数失败 [in flow.py:179]
2023-08-25 19:40:04,027 INFO: 获取case:2参数化字典为:{'': ''} [in flow.py:179]
2023-08-25 19:40:04,028 INFO: 获取case:2请求参数为:{'verifyMode': '0', 'accountName': '+86-13681574534', 'password': 'fbd0204b381bd4', 'passwordKey': 'B6mkUcLLicDEHyHN1grueMuVbMUAdLGf', 'fromUrl': 'https://s.xinrenxinshi.com/headstatistic/index', 'source': 'default', 'innerVerifyKey': ''} [in flow.py:179]
2023-08-25 19:40:04,029 INFO: 获取case:2URL为:https://s.xinrenxinshi.com/account-center/service/sso/ajax-password-login [in flow.py:179]
2023-08-25 19:40:04,030 INFO: 获取case:2请求方式为:Post [in flow.py:179]
2023-08-25 19:40:04,183 INFO: <-------------------开始case:2断言验证-------------------> [in flow.py:179]
2023-08-25 19:40:04,183 INFO: 断言 code 失败，预期结果为201，实际为200 [in flow.py:179]
2023-08-25 19:40:04,184 INFO: 断言response失败:获取case:2预期结果为{"code":200,"data":{}}实际结果为{'code': 1, 'message': '登录失败', 'status': False, 'data': {'success': 1, 'userRoleType': None, 'loginType': '', 'needVerifyAgain': 0, 'verifyAgainKey': '', 'passwordKey': '', 'accountId': '', 'accountType': None, 'companyId': '', 'mobile': '', 'admin': 0, 'ssotoken': '', 'redirect': '', 'needGeeTest': 1, 'geeSuccess': 1, 'newCaptcha': True, 'challenge': 'ec39f36285a76f16a0246a3aebd2a19a', 'gt': '53fdd942f0794875983f5510e22d653d', 'hasEmployeeAccount': 0, 'needRealVerify': False, 'needSafeVerify': False, 'scanKey': None}, 'lanDic': None} [in flow.py:179]
2023-08-25 19:40:04,185 INFO: <-------------------将case:2返回参数化的值存到redis-------------------> [in flow.py:179]
2023-08-25 19:40:04,186 INFO: 返回参数化字典:{'': ''} [in flow.py:179]
2023-08-25 19:40:04,187 INFO: <-------------------执行flow2-hh-------------------> [in flow.py:179]
2023-08-25 19:40:04,188 INFO: 获取case列表:3 [in flow.py:179]
2023-08-25 19:40:04,208 INFO: <-------------------执行case3-为企鹅-------------------> [in flow.py:179]
2023-08-25 19:40:04,236 INFO: 获取case:3URL为:https://s.xinrenxinshi.com/support/service/support/ajax-get-telephone-code [in flow.py:179]
2023-08-25 19:40:04,237 INFO: 获取case:3请求方式为:Get [in flow.py:179]
2023-08-25 19:40:04,316 INFO: <-------------------开始case:3断言验证-------------------> [in flow.py:179]
2023-08-25 19:40:04,317 INFO: 断言 code情况:True  [in flow.py:179]
2023-08-25 19:40:04,319 INFO: 断言response结果:True  [in flow.py:179]
2023-08-25 19:40:04,319 INFO: <-------------------将case:3返回参数化的值存到redis-------------------> [in flow.py:179]
2023-08-25 19:40:04,320 INFO: 返回参数化字典:{'': ''} [in flow.py:179]
2023-08-25 19:40:04,321 INFO: <-------------------执行flow3-jj-------------------> [in flow.py:179]
2023-08-25 19:40:04,321 INFO: 获取case列表:3,2 [in flow.py:179]
2023-08-25 19:40:04,322 INFO: <-------------------执行case3-为企鹅-------------------> [in flow.py:179]
2023-08-25 19:40:04,323 INFO: 获取case:3URL为:https://s.xinrenxinshi.com/support/service/support/ajax-get-telephone-code [in flow.py:179]
2023-08-25 19:40:04,324 INFO: 获取case:3请求方式为:Get [in flow.py:179]
2023-08-25 19:40:04,396 INFO: <-------------------开始case:3断言验证-------------------> [in flow.py:179]
2023-08-25 19:40:04,397 INFO: 断言 code情况:True  [in flow.py:179]
2023-08-25 19:40:04,397 INFO: 断言response结果:True  [in flow.py:179]
2023-08-25 19:40:04,398 INFO: <-------------------将case:3返回参数化的值存到redis-------------------> [in flow.py:179]
2023-08-25 19:40:04,399 INFO: 返回参数化字典:{'': ''} [in flow.py:179]
2023-08-25 19:40:04,412 INFO: <-------------------执行case2-casemiaoshu1-------------------> [in flow.py:179]
2023-08-25 19:40:04,429 INFO: case:2 从redis中获取参数失败 [in flow.py:179]
2023-08-25 19:40:04,429 INFO: 获取case:2参数化字典为:{'': ''} [in flow.py:179]
2023-08-25 19:40:04,430 INFO: 获取case:2请求参数为:{'verifyMode': '0', 'accountName': '+86-13681574534', 'password': 'fbd0204b381bd4', 'passwordKey': 'B6mkUcLLicDEHyHN1grueMuVbMUAdLGf', 'fromUrl': 'https://s.xinrenxinshi.com/headstatistic/index', 'source': 'default', 'innerVerifyKey': ''} [in flow.py:179]
2023-08-25 19:40:04,431 INFO: 获取case:2URL为:https://s.xinrenxinshi.com/account-center/service/sso/ajax-password-login [in flow.py:179]
2023-08-25 19:40:04,431 INFO: 获取case:2请求方式为:Post [in flow.py:179]
2023-08-25 19:40:04,592 INFO: <-------------------开始case:2断言验证-------------------> [in flow.py:179]
2023-08-25 19:40:04,592 INFO: 断言 code 失败，预期结果为201，实际为200 [in flow.py:179]
2023-08-25 19:40:04,593 INFO: 断言response失败:获取case:2预期结果为{"code":200,"data":{}}实际结果为{'code': 1, 'message': '登录失败', 'status': False, 'data': {'success': 1, 'userRoleType': None, 'loginType': '', 'needVerifyAgain': 0, 'verifyAgainKey': '', 'passwordKey': '', 'accountId': '', 'accountType': None, 'companyId': '', 'mobile': '', 'admin': 0, 'ssotoken': '', 'redirect': '', 'needGeeTest': 1, 'geeSuccess': 1, 'newCaptcha': True, 'challenge': 'd2b8ca56f4e6f89cf57f58680b8db66e', 'gt': '53fdd942f0794875983f5510e22d653d', 'hasEmployeeAccount': 0, 'needRealVerify': False, 'needSafeVerify': False, 'scanKey': None}, 'lanDic': None} [in flow.py:179]
2023-08-25 19:40:04,594 INFO: <-------------------将case:2返回参数化的值存到redis-------------------> [in flow.py:179]
2023-08-25 19:40:04,595 INFO: 返回参数化字典:{'': ''} [in flow.py:179]
2023-08-25 19:40:04,595 INFO: <-------------------测试结果:操作时间2023-08-25 19:40:03 操作人admin 操作类型全部用例集 flow合计3 成功数量1 失败数量2 -------------------> [in flow.py:179]
2023-08-25 19:40:04,596 INFO: <-------------------失败情况{'1_工资_用例集1': [{'case_ID': '1', 'case_description': 'case描述', 'case_URL': 'https://s.xinrenxinshi.com/account-center/service/sso/ajax-password-login', 'case_method': 'Post', 'case_request': {'verifyMode': '0', 'accountName': '+86-13681574534', 'password': 'fbd0204b381bd4', 'passwordKey': 'B6mkUcLLicDEHyHN1grueMuVbMUAdLGf', 'fromUrl': 'https://s.xinrenxinshi.com/headstatistic/index', 'source': 'default', 'innerVerifyKey': ''}, 'case_code_expect': 200, 'case_code_result': 200, 'case_response_expect': '{}', 'case_response_result': {'code': 1, 'message': '登录失败', 'status': False, 'data': {'success': 1, 'userRoleType': None, 'loginType': '', 'needVerifyAgain': 0, 'verifyAgainKey': '', 'passwordKey': '', 'accountId': '', 'accountType': None, 'companyId': '', 'mobile': '', 'admin': 0, 'ssotoken': '', 'redirect': '', 'needGeeTest': 1, 'geeSuccess': 1, 'newCaptcha': True, 'challenge': '2c25c4135e7de324c656d06c7d7a97b4', 'gt': '53fdd942f0794875983f5510e22d653d', 'hasEmployeeAccount': 0, 'needRealVerify': False, 'needSafeVerify': False, 'scanKey': None}, 'lanDic': None}}, {'case_ID': '2', 'case_description': 'casemiaoshu1', 'case_URL': 'https://s.xinrenxinshi.com/account-center/service/sso/ajax-password-login', 'case_method': 'Post', 'case_request': {'verifyMode': '0', 'accountName': '+86-13681574534', 'password': 'fbd0204b381bd4', 'passwordKey': 'B6mkUcLLicDEHyHN1grueMuVbMUAdLGf', 'fromUrl': 'https://s.xinrenxinshi.com/headstatistic/index', 'source': 'default', 'innerVerifyKey': ''}, 'case_code_expect': 201, 'case_code_result': 200, 'case_response_expect': '{"code":200,"data":{}}', 'case_response_result': {'code': 1, 'message': '登录失败', 'status': False, 'data': {'success': 1, 'userRoleType': None, 'loginType': '', 'needVerifyAgain': 0, 'verifyAgainKey': '', 'passwordKey': '', 'accountId': '', 'accountType': None, 'companyId': '', 'mobile': '', 'admin': 0, 'ssotoken': '', 'redirect': '', 'needGeeTest': 1, 'geeSuccess': 1, 'newCaptcha': True, 'challenge': 'ec39f36285a76f16a0246a3aebd2a19a', 'gt': '53fdd942f0794875983f5510e22d653d', 'hasEmployeeAccount': 0, 'needRealVerify': False, 'needSafeVerify': False, 'scanKey': None}, 'lanDic': None}}], '3_jj_jj': [{'case_ID': '2', 'case_description': 'casemiaoshu1', 'case_URL': 'https://s.xinrenxinshi.com/account-center/service/sso/ajax-password-login', 'case_method': 'Post', 'case_request': {'verifyMode': '0', 'accountName': '+86-13681574534', 'password': 'fbd0204b381bd4', 'passwordKey': 'B6mkUcLLicDEHyHN1grueMuVbMUAdLGf', 'fromUrl': 'https://s.xinrenxinshi.com/headstatistic/index', 'source': 'default', 'innerVerifyKey': ''}, 'case_code_expect': 201, 'case_code_result': 200, 'case_response_expect': '{"code":200,"data":{}}', 'case_response_result': {'code': 1, 'message': '登录失败', 'status': False, 'data': {'success': 1, 'userRoleType': None, 'loginType': '', 'needVerifyAgain': 0, 'verifyAgainKey': '', 'passwordKey': '', 'accountId': '', 'accountType': None, 'companyId': '', 'mobile': '', 'admin': 0, 'ssotoken': '', 'redirect': '', 'needGeeTest': 1, 'geeSuccess': 1, 'newCaptcha': True, 'challenge': 'd2b8ca56f4e6f89cf57f58680b8db66e', 'gt': '53fdd942f0794875983f5510e22d653d', 'hasEmployeeAccount': 0, 'needRealVerify': False, 'needSafeVerify': False, 'scanKey': None}, 'lanDic': None}}]}-------------------> [in flow.py:179]
2023-08-25 19:41:09,018 INFO: <-------------------执行全部用例集开始-------------------> [in flow.py:179]
2023-08-25 19:41:09,022 INFO: <-------------------执行flow1-用例集1-------------------> [in flow.py:179]
2023-08-25 19:41:09,023 INFO: 获取case列表:1,2 [in flow.py:179]
2023-08-25 19:41:09,035 INFO: <-------------------执行case1-case描述-------------------> [in flow.py:179]
2023-08-25 19:41:09,056 INFO: case:1 从redis中获取参数失败 [in flow.py:179]
2023-08-25 19:41:09,057 INFO: 获取case:1参数化字典为:{'': ''} [in flow.py:179]
2023-08-25 19:41:09,058 INFO: 获取case:1请求参数为:{'verifyMode': '0', 'accountName': '+86-13681574534', 'password': 'fbd0204b381bd4', 'passwordKey': 'B6mkUcLLicDEHyHN1grueMuVbMUAdLGf', 'fromUrl': 'https://s.xinrenxinshi.com/headstatistic/index', 'source': 'default', 'innerVerifyKey': ''} [in flow.py:179]
2023-08-25 19:41:09,059 INFO: 获取case:1URL为:https://s.xinrenxinshi.com/account-center/service/sso/ajax-password-login [in flow.py:179]
2023-08-25 19:41:09,060 INFO: 获取case:1请求方式为:Post [in flow.py:179]
2023-08-25 19:41:09,204 INFO: <-------------------开始case:1断言验证-------------------> [in flow.py:179]
2023-08-25 19:41:09,205 INFO: 断言 code情况:True  [in flow.py:179]
2023-08-25 19:41:09,206 INFO: 断言response失败:获取case:1预期结果为{}实际结果为{'code': 1, 'message': '登录失败', 'status': False, 'data': {'success': 1, 'userRoleType': None, 'loginType': '', 'needVerifyAgain': 0, 'verifyAgainKey': '', 'passwordKey': '', 'accountId': '', 'accountType': None, 'companyId': '', 'mobile': '', 'admin': 0, 'ssotoken': '', 'redirect': '', 'needGeeTest': 1, 'geeSuccess': 1, 'newCaptcha': True, 'challenge': '1b289e65a3e7e33d035c85d026da2632', 'gt': '53fdd942f0794875983f5510e22d653d', 'hasEmployeeAccount': 0, 'needRealVerify': False, 'needSafeVerify': False, 'scanKey': None}, 'lanDic': None} [in flow.py:179]
2023-08-25 19:41:09,207 INFO: <-------------------将case:1返回参数化的值存到redis-------------------> [in flow.py:179]
2023-08-25 19:41:09,207 INFO: 返回参数化字典:{'': ''} [in flow.py:179]
2023-08-25 19:41:09,221 INFO: <-------------------执行case2-casemiaoshu1-------------------> [in flow.py:179]
2023-08-25 19:41:09,231 INFO: case:2 从redis中获取参数失败 [in flow.py:179]
2023-08-25 19:41:09,233 INFO: 获取case:2参数化字典为:{'': ''} [in flow.py:179]
2023-08-25 19:41:09,233 INFO: 获取case:2请求参数为:{'verifyMode': '0', 'accountName': '+86-13681574534', 'password': 'fbd0204b381bd4', 'passwordKey': 'B6mkUcLLicDEHyHN1grueMuVbMUAdLGf', 'fromUrl': 'https://s.xinrenxinshi.com/headstatistic/index', 'source': 'default', 'innerVerifyKey': ''} [in flow.py:179]
2023-08-25 19:41:09,234 INFO: 获取case:2URL为:https://s.xinrenxinshi.com/account-center/service/sso/ajax-password-login [in flow.py:179]
2023-08-25 19:41:09,235 INFO: 获取case:2请求方式为:Post [in flow.py:179]
2023-08-25 19:41:09,381 INFO: <-------------------开始case:2断言验证-------------------> [in flow.py:179]
2023-08-25 19:41:09,382 INFO: 断言 code 失败，预期结果为201，实际为200 [in flow.py:179]
2023-08-25 19:41:09,383 INFO: 断言response失败:获取case:2预期结果为{"code":200,"data":{}}实际结果为{'code': 1, 'message': '登录失败', 'status': False, 'data': {'success': 1, 'userRoleType': None, 'loginType': '', 'needVerifyAgain': 0, 'verifyAgainKey': '', 'passwordKey': '', 'accountId': '', 'accountType': None, 'companyId': '', 'mobile': '', 'admin': 0, 'ssotoken': '', 'redirect': '', 'needGeeTest': 1, 'geeSuccess': 1, 'newCaptcha': True, 'challenge': 'd90ca37d4d54dc9c53afbb9eb287749a', 'gt': '53fdd942f0794875983f5510e22d653d', 'hasEmployeeAccount': 0, 'needRealVerify': False, 'needSafeVerify': False, 'scanKey': None}, 'lanDic': None} [in flow.py:179]
2023-08-25 19:41:09,383 INFO: <-------------------将case:2返回参数化的值存到redis-------------------> [in flow.py:179]
2023-08-25 19:41:09,384 INFO: 返回参数化字典:{'': ''} [in flow.py:179]
2023-08-25 19:41:09,385 INFO: <-------------------执行flow2-hh-------------------> [in flow.py:179]
2023-08-25 19:41:09,386 INFO: 获取case列表:3 [in flow.py:179]
2023-08-25 19:41:09,403 INFO: <-------------------执行case3-为企鹅-------------------> [in flow.py:179]
2023-08-25 19:41:09,415 INFO: 获取case:3URL为:https://s.xinrenxinshi.com/support/service/support/ajax-get-telephone-code [in flow.py:179]
2023-08-25 19:41:09,415 INFO: 获取case:3请求方式为:Get [in flow.py:179]
2023-08-25 19:41:09,497 INFO: <-------------------开始case:3断言验证-------------------> [in flow.py:179]
2023-08-25 19:41:09,498 INFO: 断言 code情况:True  [in flow.py:179]
2023-08-25 19:41:09,499 INFO: 断言response结果:True  [in flow.py:179]
2023-08-25 19:41:09,499 INFO: <-------------------将case:3返回参数化的值存到redis-------------------> [in flow.py:179]
2023-08-25 19:41:09,500 INFO: 返回参数化字典:{'': ''} [in flow.py:179]
2023-08-25 19:41:09,500 INFO: <-------------------执行flow3-jj-------------------> [in flow.py:179]
2023-08-25 19:41:09,501 INFO: 获取case列表:3,2 [in flow.py:179]
2023-08-25 19:41:09,502 INFO: <-------------------执行case3-为企鹅-------------------> [in flow.py:179]
2023-08-25 19:41:09,503 INFO: 获取case:3URL为:https://s.xinrenxinshi.com/support/service/support/ajax-get-telephone-code [in flow.py:179]
2023-08-25 19:41:09,504 INFO: 获取case:3请求方式为:Get [in flow.py:179]
2023-08-25 19:41:09,579 INFO: <-------------------开始case:3断言验证-------------------> [in flow.py:179]
2023-08-25 19:41:09,580 INFO: 断言 code情况:True  [in flow.py:179]
2023-08-25 19:41:09,581 INFO: 断言response结果:True  [in flow.py:179]
2023-08-25 19:41:09,582 INFO: <-------------------将case:3返回参数化的值存到redis-------------------> [in flow.py:179]
2023-08-25 19:41:09,582 INFO: 返回参数化字典:{'': ''} [in flow.py:179]
2023-08-25 19:41:09,597 INFO: <-------------------执行case2-casemiaoshu1-------------------> [in flow.py:179]
2023-08-25 19:41:09,623 INFO: case:2 从redis中获取参数失败 [in flow.py:179]
2023-08-25 19:41:09,624 INFO: 获取case:2参数化字典为:{'': ''} [in flow.py:179]
2023-08-25 19:41:09,625 INFO: 获取case:2请求参数为:{'verifyMode': '0', 'accountName': '+86-13681574534', 'password': 'fbd0204b381bd4', 'passwordKey': 'B6mkUcLLicDEHyHN1grueMuVbMUAdLGf', 'fromUrl': 'https://s.xinrenxinshi.com/headstatistic/index', 'source': 'default', 'innerVerifyKey': ''} [in flow.py:179]
2023-08-25 19:41:09,626 INFO: 获取case:2URL为:https://s.xinrenxinshi.com/account-center/service/sso/ajax-password-login [in flow.py:179]
2023-08-25 19:41:09,626 INFO: 获取case:2请求方式为:Post [in flow.py:179]
2023-08-25 19:41:09,780 INFO: <-------------------开始case:2断言验证-------------------> [in flow.py:179]
2023-08-25 19:41:09,781 INFO: 断言 code 失败，预期结果为201，实际为200 [in flow.py:179]
2023-08-25 19:41:09,782 INFO: 断言response失败:获取case:2预期结果为{"code":200,"data":{}}实际结果为{'code': 1, 'message': '登录失败', 'status': False, 'data': {'success': 1, 'userRoleType': None, 'loginType': '', 'needVerifyAgain': 0, 'verifyAgainKey': '', 'passwordKey': '', 'accountId': '', 'accountType': None, 'companyId': '', 'mobile': '', 'admin': 0, 'ssotoken': '', 'redirect': '', 'needGeeTest': 1, 'geeSuccess': 1, 'newCaptcha': True, 'challenge': '77b7fb9ad330096a576f23e0c2412c55', 'gt': '53fdd942f0794875983f5510e22d653d', 'hasEmployeeAccount': 0, 'needRealVerify': False, 'needSafeVerify': False, 'scanKey': None}, 'lanDic': None} [in flow.py:179]
2023-08-25 19:41:09,782 INFO: <-------------------将case:2返回参数化的值存到redis-------------------> [in flow.py:179]
2023-08-25 19:41:09,783 INFO: 返回参数化字典:{'': ''} [in flow.py:179]
2023-08-25 19:41:09,784 INFO: <-------------------测试结果:操作时间2023-08-25 19:41:08 操作人admin 操作类型全部用例集 flow合计3 成功数量1 失败数量2 -------------------> [in flow.py:179]
2023-08-25 19:41:09,785 INFO: <-------------------失败情况{'1_工资_用例集1': [{'case_ID': '1', 'case_description': 'case描述', 'case_URL': 'https://s.xinrenxinshi.com/account-center/service/sso/ajax-password-login', 'case_method': 'Post', 'case_request': {'verifyMode': '0', 'accountName': '+86-13681574534', 'password': 'fbd0204b381bd4', 'passwordKey': 'B6mkUcLLicDEHyHN1grueMuVbMUAdLGf', 'fromUrl': 'https://s.xinrenxinshi.com/headstatistic/index', 'source': 'default', 'innerVerifyKey': ''}, 'case_code_expect': 200, 'case_code_result': 200, 'case_response_expect': '{}', 'case_response_result': {'code': 1, 'message': '登录失败', 'status': False, 'data': {'success': 1, 'userRoleType': None, 'loginType': '', 'needVerifyAgain': 0, 'verifyAgainKey': '', 'passwordKey': '', 'accountId': '', 'accountType': None, 'companyId': '', 'mobile': '', 'admin': 0, 'ssotoken': '', 'redirect': '', 'needGeeTest': 1, 'geeSuccess': 1, 'newCaptcha': True, 'challenge': '1b289e65a3e7e33d035c85d026da2632', 'gt': '53fdd942f0794875983f5510e22d653d', 'hasEmployeeAccount': 0, 'needRealVerify': False, 'needSafeVerify': False, 'scanKey': None}, 'lanDic': None}}, {'case_ID': '2', 'case_description': 'casemiaoshu1', 'case_URL': 'https://s.xinrenxinshi.com/account-center/service/sso/ajax-password-login', 'case_method': 'Post', 'case_request': {'verifyMode': '0', 'accountName': '+86-13681574534', 'password': 'fbd0204b381bd4', 'passwordKey': 'B6mkUcLLicDEHyHN1grueMuVbMUAdLGf', 'fromUrl': 'https://s.xinrenxinshi.com/headstatistic/index', 'source': 'default', 'innerVerifyKey': ''}, 'case_code_expect': 201, 'case_code_result': 200, 'case_response_expect': '{"code":200,"data":{}}', 'case_response_result': {'code': 1, 'message': '登录失败', 'status': False, 'data': {'success': 1, 'userRoleType': None, 'loginType': '', 'needVerifyAgain': 0, 'verifyAgainKey': '', 'passwordKey': '', 'accountId': '', 'accountType': None, 'companyId': '', 'mobile': '', 'admin': 0, 'ssotoken': '', 'redirect': '', 'needGeeTest': 1, 'geeSuccess': 1, 'newCaptcha': True, 'challenge': 'd90ca37d4d54dc9c53afbb9eb287749a', 'gt': '53fdd942f0794875983f5510e22d653d', 'hasEmployeeAccount': 0, 'needRealVerify': False, 'needSafeVerify': False, 'scanKey': None}, 'lanDic': None}}], '3_jj_jj': [{'case_ID': '2', 'case_description': 'casemiaoshu1', 'case_URL': 'https://s.xinrenxinshi.com/account-center/service/sso/ajax-password-login', 'case_method': 'Post', 'case_request': {'verifyMode': '0', 'accountName': '+86-13681574534', 'password': 'fbd0204b381bd4', 'passwordKey': 'B6mkUcLLicDEHyHN1grueMuVbMUAdLGf', 'fromUrl': 'https://s.xinrenxinshi.com/headstatistic/index', 'source': 'default', 'innerVerifyKey': ''}, 'case_code_expect': 201, 'case_code_result': 200, 'case_response_expect': '{"code":200,"data":{}}', 'case_response_result': {'code': 1, 'message': '登录失败', 'status': False, 'data': {'success': 1, 'userRoleType': None, 'loginType': '', 'needVerifyAgain': 0, 'verifyAgainKey': '', 'passwordKey': '', 'accountId': '', 'accountType': None, 'companyId': '', 'mobile': '', 'admin': 0, 'ssotoken': '', 'redirect': '', 'needGeeTest': 1, 'geeSuccess': 1, 'newCaptcha': True, 'challenge': '77b7fb9ad330096a576f23e0c2412c55', 'gt': '53fdd942f0794875983f5510e22d653d', 'hasEmployeeAccount': 0, 'needRealVerify': False, 'needSafeVerify': False, 'scanKey': None}, 'lanDic': None}}]}-------------------> [in flow.py:179]
