2023-08-30 15:17:45,768 INFO: <-------------------执行全部用例集开始-------------------> [in flow.py:179]
2023-08-30 15:17:45,769 INFO: <-------------------执行flow1-用例集1-------------------> [in flow.py:179]
2023-08-30 15:17:45,769 INFO: 获取case列表:1,2 [in flow.py:179]
2023-08-30 15:17:45,783 INFO: <-------------------执行case1-case描述-------------------> [in flow.py:179]
2023-08-30 15:17:45,830 INFO: case:1 从redis中获取参数verifyMode_1失败 [in flow.py:179]
2023-08-30 15:17:45,831 INFO: 获取case:1参数化字典为:{'verifyMode_1': ''} [in flow.py:179]
2023-08-30 15:17:45,831 INFO: 获取case:1请求参数为:{'verifyMode': '', 'accountName': '+86-13681574534', 'password': 'fbd0204b381bd4', 'passwordKey': 'B6mkUcLLicDEHyHN1grueMuVbMUAdLGf', 'fromUrl': 'https://s.xinrenxinshi.com/headstatistic/index', 'source': 'default', 'innerVerifyKey': ''} [in flow.py:179]
2023-08-30 15:17:45,832 INFO: 获取case:1URL为:https://s.xinrenxinshi.com/account-center/service/sso/ajax-password-login [in flow.py:179]
2023-08-30 15:17:45,832 INFO: 获取case:1请求方式为:Post [in flow.py:179]
2023-08-30 15:17:46,207 INFO: <-------------------开始case:1断言验证-------------------> [in flow.py:179]
2023-08-30 15:17:46,207 INFO: 断言 code 失败，预期结果为200，实际为500 [in flow.py:179]
2023-08-30 15:17:46,208 INFO: 断言response失败:获取case:1预期结果为{}实际结果为{'timestamp': '2023-08-30T07:17:46.200+0000', 'status': 500, 'error': 'Internal Server Error', 'message': 'No message available', 'path': '/account-center/service/sso/ajax-password-login'} [in flow.py:179]
2023-08-30 15:17:46,208 INFO: <-------------------将case:1返回参数化的值存到redis-------------------> [in flow.py:179]
2023-08-30 15:17:46,208 INFO: 返回参数化字典:{'': ''} [in flow.py:179]
2023-08-30 15:17:46,291 INFO: <-------------------执行case2-casemiaoshu1-------------------> [in flow.py:179]
2023-08-30 15:17:46,299 INFO: case:2 从redis中获取参数失败 [in flow.py:179]
2023-08-30 15:17:46,299 INFO: 获取case:2参数化字典为:{'': ''} [in flow.py:179]
2023-08-30 15:17:46,300 INFO: 获取case:2请求参数为:{'verifyMode': '0', 'accountName': '+86-13681574534', 'password': 'fbd0204b381bd4', 'passwordKey': 'B6mkUcLLicDEHyHN1grueMuVbMUAdLGf', 'fromUrl': 'https://s.xinrenxinshi.com/headstatistic/index', 'source': 'default', 'innerVerifyKey': ''} [in flow.py:179]
2023-08-30 15:17:46,301 INFO: 获取case:2URL为:https://s.xinrenxinshi.com/account-center/service/sso/ajax-password-login [in flow.py:179]
2023-08-30 15:17:46,301 INFO: 获取case:2请求方式为:Post [in flow.py:179]
2023-08-30 15:17:46,474 INFO: <-------------------开始case:2断言验证-------------------> [in flow.py:179]
2023-08-30 15:17:46,474 INFO: 断言 code 失败，预期结果为201，实际为200 [in flow.py:179]
2023-08-30 15:17:46,474 INFO: 断言response失败:获取case:2预期结果为{"code":200,"data":{}}实际结果为{'code': 1, 'message': '登录失败', 'status': False, 'data': {'success': 1, 'userRoleType': None, 'loginType': '', 'needVerifyAgain': 0, 'verifyAgainKey': '', 'passwordKey': '', 'accountId': '', 'accountType': None, 'companyId': '', 'mobile': '', 'admin': 0, 'ssotoken': '', 'redirect': '', 'needGeeTest': 1, 'geeSuccess': 1, 'newCaptcha': True, 'challenge': '6795ec0c2216dbc8c68c158b24890f6f', 'gt': '53fdd942f0794875983f5510e22d653d', 'hasEmployeeAccount': 0, 'needRealVerify': False, 'needSafeVerify': False, 'scanKey': None}, 'lanDic': None} [in flow.py:179]
2023-08-30 15:17:46,475 INFO: <-------------------将case:2返回参数化的值存到redis-------------------> [in flow.py:179]
2023-08-30 15:17:46,475 INFO: 返回参数化字典:{'': ''} [in flow.py:179]
2023-08-30 15:17:46,475 INFO: <-------------------执行flow2-hh-------------------> [in flow.py:179]
2023-08-30 15:17:46,476 INFO: 获取case列表:3 [in flow.py:179]
2023-08-30 15:17:46,492 INFO: <-------------------执行case3-为企鹅-------------------> [in flow.py:179]
2023-08-30 15:17:46,506 INFO: 获取case:3URL为:https://s.xinrenxinshi.com/support/service/support/ajax-get-telephone-code [in flow.py:179]
2023-08-30 15:17:46,506 INFO: 获取case:3请求方式为:Get [in flow.py:179]
2023-08-30 15:17:46,716 INFO: <-------------------开始case:3断言验证-------------------> [in flow.py:179]
2023-08-30 15:17:46,716 INFO: 断言 code情况:True  [in flow.py:179]
2023-08-30 15:17:46,717 INFO: 断言response结果:True  [in flow.py:179]
2023-08-30 15:17:46,717 INFO: <-------------------将case:3返回参数化的值存到redis-------------------> [in flow.py:179]
2023-08-30 15:17:46,717 INFO: 返回参数化字典:{'': ''} [in flow.py:179]
2023-08-30 15:17:46,718 INFO: <-------------------执行flow3-jj-------------------> [in flow.py:179]
2023-08-30 15:17:46,718 INFO: 获取case列表:3,2 [in flow.py:179]
2023-08-30 15:17:46,719 INFO: <-------------------执行case3-为企鹅-------------------> [in flow.py:179]
2023-08-30 15:17:46,720 INFO: 获取case:3URL为:https://s.xinrenxinshi.com/support/service/support/ajax-get-telephone-code [in flow.py:179]
2023-08-30 15:17:46,721 INFO: 获取case:3请求方式为:Get [in flow.py:179]
2023-08-30 15:17:47,058 INFO: <-------------------开始case:3断言验证-------------------> [in flow.py:179]
2023-08-30 15:17:47,058 INFO: 断言 code情况:True  [in flow.py:179]
2023-08-30 15:17:47,058 INFO: 断言response结果:True  [in flow.py:179]
2023-08-30 15:17:47,058 INFO: <-------------------将case:3返回参数化的值存到redis-------------------> [in flow.py:179]
2023-08-30 15:17:47,059 INFO: 返回参数化字典:{'': ''} [in flow.py:179]
2023-08-30 15:17:47,115 INFO: <-------------------执行case2-casemiaoshu1-------------------> [in flow.py:179]
2023-08-30 15:17:47,136 INFO: case:2 从redis中获取参数失败 [in flow.py:179]
2023-08-30 15:17:47,136 INFO: 获取case:2参数化字典为:{'': ''} [in flow.py:179]
2023-08-30 15:17:47,137 INFO: 获取case:2请求参数为:{'verifyMode': '0', 'accountName': '+86-13681574534', 'password': 'fbd0204b381bd4', 'passwordKey': 'B6mkUcLLicDEHyHN1grueMuVbMUAdLGf', 'fromUrl': 'https://s.xinrenxinshi.com/headstatistic/index', 'source': 'default', 'innerVerifyKey': ''} [in flow.py:179]
2023-08-30 15:17:47,137 INFO: 获取case:2URL为:https://s.xinrenxinshi.com/account-center/service/sso/ajax-password-login [in flow.py:179]
2023-08-30 15:17:47,137 INFO: 获取case:2请求方式为:Post [in flow.py:179]
2023-08-30 15:17:47,268 INFO: <-------------------开始case:2断言验证-------------------> [in flow.py:179]
2023-08-30 15:17:47,269 INFO: 断言 code 失败，预期结果为201，实际为200 [in flow.py:179]
2023-08-30 15:17:47,269 INFO: 断言response失败:获取case:2预期结果为{"code":200,"data":{}}实际结果为{'code': 1, 'message': '登录失败', 'status': False, 'data': {'success': 1, 'userRoleType': None, 'loginType': '', 'needVerifyAgain': 0, 'verifyAgainKey': '', 'passwordKey': '', 'accountId': '', 'accountType': None, 'companyId': '', 'mobile': '', 'admin': 0, 'ssotoken': '', 'redirect': '', 'needGeeTest': 1, 'geeSuccess': 1, 'newCaptcha': True, 'challenge': '26577c78909b833968105d0ca750bccf', 'gt': '53fdd942f0794875983f5510e22d653d', 'hasEmployeeAccount': 0, 'needRealVerify': False, 'needSafeVerify': False, 'scanKey': None}, 'lanDic': None} [in flow.py:179]
2023-08-30 15:17:47,270 INFO: <-------------------将case:2返回参数化的值存到redis-------------------> [in flow.py:179]
2023-08-30 15:17:47,270 INFO: 返回参数化字典:{'': ''} [in flow.py:179]
2023-08-30 15:17:47,270 INFO: <-------------------测试结果:操作时间2023-08-30 15:17:45 操作人admin 操作类型全部用例集 flow合计3 成功数量1 失败数量2 -------------------> [in flow.py:179]
2023-08-30 15:17:47,271 INFO: <-------------------失败情况{'1_工资_用例集1': [{'case_ID': '1', 'case_description': 'case描述', 'case_URL': 'https://s.xinrenxinshi.com/account-center/service/sso/ajax-password-login', 'case_method': 'Post', 'case_request': {'verifyMode': '', 'accountName': '+86-13681574534', 'password': 'fbd0204b381bd4', 'passwordKey': 'B6mkUcLLicDEHyHN1grueMuVbMUAdLGf', 'fromUrl': 'https://s.xinrenxinshi.com/headstatistic/index', 'source': 'default', 'innerVerifyKey': ''}, 'case_code_expect': 200, 'case_code_result': 500, 'case_response_expect': '{}', 'case_response_result': {'timestamp': '2023-08-30T07:17:46.200+0000', 'status': 500, 'error': 'Internal Server Error', 'message': 'No message available', 'path': '/account-center/service/sso/ajax-password-login'}}, {'case_ID': '2', 'case_description': 'casemiaoshu1', 'case_URL': 'https://s.xinrenxinshi.com/account-center/service/sso/ajax-password-login', 'case_method': 'Post', 'case_request': {'verifyMode': '0', 'accountName': '+86-13681574534', 'password': 'fbd0204b381bd4', 'passwordKey': 'B6mkUcLLicDEHyHN1grueMuVbMUAdLGf', 'fromUrl': 'https://s.xinrenxinshi.com/headstatistic/index', 'source': 'default', 'innerVerifyKey': ''}, 'case_code_expect': 201, 'case_code_result': 200, 'case_response_expect': '{"code":200,"data":{}}', 'case_response_result': {'code': 1, 'message': '登录失败', 'status': False, 'data': {'success': 1, 'userRoleType': None, 'loginType': '', 'needVerifyAgain': 0, 'verifyAgainKey': '', 'passwordKey': '', 'accountId': '', 'accountType': None, 'companyId': '', 'mobile': '', 'admin': 0, 'ssotoken': '', 'redirect': '', 'needGeeTest': 1, 'geeSuccess': 1, 'newCaptcha': True, 'challenge': '6795ec0c2216dbc8c68c158b24890f6f', 'gt': '53fdd942f0794875983f5510e22d653d', 'hasEmployeeAccount': 0, 'needRealVerify': False, 'needSafeVerify': False, 'scanKey': None}, 'lanDic': None}}], '3_jj_jj': [{'case_ID': '2', 'case_description': 'casemiaoshu1', 'case_URL': 'https://s.xinrenxinshi.com/account-center/service/sso/ajax-password-login', 'case_method': 'Post', 'case_request': {'verifyMode': '0', 'accountName': '+86-13681574534', 'password': 'fbd0204b381bd4', 'passwordKey': 'B6mkUcLLicDEHyHN1grueMuVbMUAdLGf', 'fromUrl': 'https://s.xinrenxinshi.com/headstatistic/index', 'source': 'default', 'innerVerifyKey': ''}, 'case_code_expect': 201, 'case_code_result': 200, 'case_response_expect': '{"code":200,"data":{}}', 'case_response_result': {'code': 1, 'message': '登录失败', 'status': False, 'data': {'success': 1, 'userRoleType': None, 'loginType': '', 'needVerifyAgain': 0, 'verifyAgainKey': '', 'passwordKey': '', 'accountId': '', 'accountType': None, 'companyId': '', 'mobile': '', 'admin': 0, 'ssotoken': '', 'redirect': '', 'needGeeTest': 1, 'geeSuccess': 1, 'newCaptcha': True, 'challenge': '26577c78909b833968105d0ca750bccf', 'gt': '53fdd942f0794875983f5510e22d653d', 'hasEmployeeAccount': 0, 'needRealVerify': False, 'needSafeVerify': False, 'scanKey': None}, 'lanDic': None}}]}-------------------> [in flow.py:179]
