2023-08-25 16:04:21,733 INFO: <-------------------执行全部用例集开始-------------------> [in flow.py:177]
2023-08-25 16:04:21,734 INFO: <-------------------执行flow1-用例集1-------------------> [in flow.py:177]
2023-08-25 16:04:21,734 INFO: 获取case列表:1 [in flow.py:177]
2023-08-25 16:04:21,752 INFO: <-------------------执行case1-case描述-------------------> [in flow.py:177]
2023-08-25 16:04:21,788 INFO: case:1 从redis中获取参数verifyMode失败 [in flow.py:177]
2023-08-25 16:04:21,789 INFO: 获取case:1参数化字典为:{'verifyMode': ''} [in flow.py:177]
2023-08-25 16:04:21,789 INFO: 获取case:1请求参数为:{'verifyMode': '', 'accountName': '+86-13681574534', 'password': 'fbd0204b381bd4', 'passwordKey': 'B6mkUcLLicDEHyHN1grueMuVbMUAdLGf', 'fromUrl': 'https://s.xinrenxinshi.com/headstatistic/index', 'source': 'default', 'innerVerifyKey': ''} [in flow.py:177]
2023-08-25 16:04:21,789 INFO: 获取case:1URL为:https://s.xinrenxinshi.com/account-center/service/sso/ajax-password-login [in flow.py:177]
2023-08-25 16:04:21,789 INFO: 获取case:1请求方式为:Post [in flow.py:177]
2023-08-25 16:04:21,905 INFO: <-------------------开始case:1断言验证-------------------> [in flow.py:177]
2023-08-25 16:04:21,906 INFO: 断言 code 失败，预期结果为200，实际为500 [in flow.py:177]
2023-08-25 16:04:21,906 INFO: 断言response失败:获取case:1预期结果为{}实际结果为{'message': '服务错误', 'code': '50000', 'status': False} [in flow.py:177]
2023-08-25 16:04:21,907 INFO: <-------------------将case:1返回参数化的值存到redis-------------------> [in flow.py:177]
2023-08-25 16:04:21,907 INFO: 返回参数化字典:{'': ''} [in flow.py:177]
2025-04-06 11:56:24,565 INFO: <-------------------执行全部用例集开始-------------------> [in flow.py:197]
2025-04-06 11:56:24,567 INFO: <-------------------执行flow32-用例集1-------------------> [in flow.py:197]
2025-04-06 11:56:24,568 INFO: 获取case列表:12 [in flow.py:197]
2025-04-06 11:56:24,594 INFO: <-------------------执行case12-添加接口的case-------------------> [in flow.py:197]
2025-04-06 11:56:24,603 INFO: <-------------------获取params的值:{'interfaceDescription': '新添加的接口', 'interfaceURL': '/test1', 'request_method': 'POST', 'module': 'test模块'}-------------------> [in flow.py:197]
2025-04-06 11:56:24,604 INFO: <-------------------获取case:12参数化的值-------------------> [in flow.py:197]
2025-04-06 11:56:24,604 INFO: 获取case:12URL为:/interface/add_interface [in flow.py:197]
2025-04-06 11:56:24,604 INFO: 获取case:12请求方式为:POST [in flow.py:197]
